2025-09-24 09:47:57,454 - INFO - Starting core_sweep() 
 data_filename: core_sweep_from_5756nm_to_7642nm_with_taper_2000nm 
 mmi_width_span: [5.8e-06 5.9e-06 6.0e-06 6.1e-06 6.2e-06 6.3e-06 6.4e-06 6.5e-06 6.6e-06
 6.7e-06 6.8e-06 6.9e-06 7.0e-06 7.1e-06 7.2e-06 7.3e-06 7.4e-06 7.5e-06
 7.6e-06]
 width_ridge: 8e-06, 
 mmi_length:5e-05,
 taper_width=2e-06,
 delta_y:0
2025-09-24 09:48:18,458 - ERROR - in core_sweep error occured:'emepropagate cannot be used while in layout mode.'
2025-09-24 09:50:40,218 - INFO - Starting core_sweep() 
 data_filename: core_sweep_from_5756nm_to_7642nm_with_taper_2000nm 
 mmi_width_span: [5.8e-06 5.9e-06 6.0e-06 6.1e-06 6.2e-06 6.3e-06 6.4e-06 6.5e-06 6.6e-06
 6.7e-06 6.8e-06 6.9e-06 7.0e-06 7.1e-06 7.2e-06 7.3e-06 7.4e-06 7.5e-06
 7.6e-06]
 width_ridge: 8e-06, 
 mmi_length:5e-05,
 taper_width=2e-06,
 delta_y:0
2025-09-24 09:51:00,365 - ERROR - in core_sweep error occured:'emepropagate cannot be used while in layout mode.'
2025-09-24 09:54:40,183 - INFO - Starting core_sweep() 
 data_filename: core_sweep_from_5756nm_to_7642nm_with_taper_2000nm 
 mmi_width_span: [5.8e-06 5.9e-06 6.0e-06 6.1e-06 6.2e-06 6.3e-06 6.4e-06 6.5e-06 6.6e-06
 6.7e-06 6.8e-06 6.9e-06 7.0e-06 7.1e-06 7.2e-06 7.3e-06 7.4e-06 7.5e-06
 7.6e-06]
 width_ridge: 8e-06, 
 mmi_length:5e-05,
 taper_width=2e-06,
 delta_y:0
2025-09-24 09:54:42,725 - ERROR - in core_sweep error occured:'emepropagate cannot be used while in layout mode.'
2025-09-24 09:59:18,922 - INFO - Starting core_sweep() 
 data_filename: core_sweep_from_5756nm_to_7642nm_with_taper_2000nm 
 mmi_width_span: [5.8e-06 5.9e-06 6.0e-06 6.1e-06 6.2e-06 6.3e-06 6.4e-06 6.5e-06 6.6e-06
 6.7e-06 6.8e-06 6.9e-06 7.0e-06 7.1e-06 7.2e-06 7.3e-06 7.4e-06 7.5e-06
 7.6e-06]
 width_ridge: 8e-06, 
 mmi_length:5e-05,
 taper_width=2e-06,
 delta_y:0
2025-09-24 10:04:31,707 - INFO - obtained S matrix for 5.8e-06 with shape (701,)
2025-09-24 10:10:42,890 - INFO - obtained S matrix for 5.9e-06 with shape (701,)
2025-09-24 10:17:15,811 - INFO - obtained S matrix for 6e-06 with shape (701,)
2025-09-24 10:22:48,274 - INFO - obtained S matrix for 6.1e-06 with shape (701,)
2025-09-24 10:28:18,885 - INFO - obtained S matrix for 6.2e-06 with shape (701,)
2025-09-24 10:33:53,066 - INFO - obtained S matrix for 6.3e-06 with shape (701,)
2025-09-24 10:40:03,771 - INFO - obtained S matrix for 6.4e-06 with shape (701,)
2025-09-24 10:46:35,048 - INFO - obtained S matrix for 6.5e-06 with shape (701,)
2025-09-24 10:52:49,767 - INFO - obtained S matrix for 6.6e-06 with shape (701,)
2025-09-24 10:59:17,847 - INFO - obtained S matrix for 6.7e-06 with shape (701,)
2025-09-24 11:06:09,465 - INFO - obtained S matrix for 6.8e-06 with shape (701,)
2025-09-24 11:12:35,450 - INFO - obtained S matrix for 6.9e-06 with shape (701,)
2025-09-24 11:18:55,793 - INFO - obtained S matrix for 7e-06 with shape (701,)
2025-09-24 11:25:16,862 - INFO - obtained S matrix for 7.1e-06 with shape (701,)
2025-09-24 11:30:45,124 - INFO - obtained S matrix for 7.2e-06 with shape (701,)
2025-09-24 11:36:32,115 - INFO - obtained S matrix for 7.3e-06 with shape (701,)
2025-09-24 11:42:25,429 - INFO - obtained S matrix for 7.4e-06 with shape (701,)
2025-09-24 11:48:32,346 - INFO - obtained S matrix for 7.5e-06 with shape (701,)
2025-09-24 11:54:07,670 - INFO - obtained S matrix for 7.6e-06 with shape (701,)
2025-09-24 11:54:07,678 - INFO - data from core_sweep is saved in core_sweep_from_5756nm_to_7642nm_with_taper_2000nmwith transmission_matrix.shape= (19, 701, 2)
2025-09-24 14:29:23,902 - INFO - Starting core_sweep() 
 data_filename: core_sweep_from_6756nm_to_9428nm_with_taper_2500nm 
 mmi_width_span: [6.8e-06 6.9e-06 7.0e-06 7.1e-06 7.2e-06 7.3e-06 7.4e-06 7.5e-06 7.6e-06
 7.7e-06 7.8e-06 7.9e-06 8.0e-06 8.1e-06 8.2e-06 8.3e-06 8.4e-06 8.5e-06
 8.6e-06 8.7e-06 8.8e-06 8.9e-06 9.0e-06 9.1e-06 9.2e-06 9.3e-06 9.4e-06]
 width_ridge: 8e-06, 
 mmi_length:5e-05,
 taper_width=2.4999999999999998e-06,
 delta_y:0
2025-09-24 14:34:20,132 - INFO - obtained S matrix for 6.8e-06 with shape (701,)
2025-09-24 14:34:33,736 - ERROR - in core_sweep error occured:'emepropagate cannot be used while in layout mode.'
2025-09-24 15:05:44,615 - INFO - Starting core_sweep() 
 data_filename: core_sweep_from_6900nm_to_9428nm_with_taper_2500nm 
 mmi_width_span: [6.9e-06 7.0e-06 7.1e-06 7.2e-06 7.3e-06 7.4e-06 7.5e-06 7.6e-06 7.7e-06
 7.8e-06 7.9e-06 8.0e-06 8.1e-06 8.2e-06 8.3e-06 8.4e-06 8.5e-06 8.6e-06
 8.7e-06 8.8e-06 8.9e-06 9.0e-06 9.1e-06 9.2e-06 9.3e-06 9.4e-06]
 width_ridge: 8e-06, 
 mmi_length:5e-05,
 taper_width=2.5e-06,
 delta_y:0
2025-09-24 15:11:25,053 - INFO - obtained S matrix for 6.9e-06 with shape (701,)
2025-09-24 15:16:39,072 - INFO - obtained S matrix for 7e-06 with shape (701,)
2025-09-24 15:22:49,725 - INFO - obtained S matrix for 7.1e-06 with shape (701,)
2025-09-24 15:28:33,506 - INFO - obtained S matrix for 7.2e-06 with shape (701,)
2025-09-24 15:34:44,942 - INFO - obtained S matrix for 7.3e-06 with shape (701,)
2025-09-24 15:39:53,275 - INFO - obtained S matrix for 7.4e-06 with shape (701,)
2025-09-24 15:45:57,812 - INFO - obtained S matrix for 7.5e-06 with shape (701,)
2025-09-24 15:52:05,877 - INFO - obtained S matrix for 7.6e-06 with shape (701,)
2025-09-24 15:57:31,040 - INFO - obtained S matrix for 7.7e-06 with shape (701,)
2025-09-24 16:03:31,342 - INFO - obtained S matrix for 7.8e-06 with shape (701,)
2025-09-24 16:08:45,690 - INFO - obtained S matrix for 7.9e-06 with shape (701,)
2025-09-24 16:13:52,337 - INFO - obtained S matrix for 8e-06 with shape (701,)
2025-09-24 16:19:51,943 - INFO - obtained S matrix for 8.1e-06 with shape (701,)
2025-09-24 16:25:33,527 - INFO - obtained S matrix for 8.2e-06 with shape (701,)
2025-09-24 16:30:16,493 - INFO - obtained S matrix for 8.3e-06 with shape (701,)
2025-09-24 16:35:22,803 - INFO - obtained S matrix for 8.4e-06 with shape (701,)
2025-09-24 16:40:00,733 - INFO - obtained S matrix for 8.5e-06 with shape (701,)
2025-09-24 22:00:42,936 - INFO - Starting core_sweep() 
 data_filename: core_sweep_from_6900nm_to_9428nm_with_taper_2500nm 
 mmi_width_span: [6.9e-06 7.0e-06 7.1e-06 7.2e-06 7.3e-06 7.4e-06 7.5e-06 7.6e-06 7.7e-06
 7.8e-06 7.9e-06 8.0e-06 8.1e-06 8.2e-06 8.3e-06 8.4e-06 8.5e-06 8.6e-06
 8.7e-06 8.8e-06 8.9e-06 9.0e-06 9.1e-06 9.2e-06 9.3e-06 9.4e-06]
 width_ridge: 8e-06, 
 mmi_length:5e-05,
 taper_width=2.5e-06,
 delta_y:0
2025-09-24 22:06:24,441 - INFO - obtained S matrix for 6.9e-06 with shape (701,)
2025-09-24 22:11:59,754 - INFO - obtained S matrix for 7e-06 with shape (701,)
2025-09-24 22:17:42,484 - INFO - obtained S matrix for 7.1e-06 with shape (701,)
2025-09-24 22:24:10,842 - INFO - obtained S matrix for 7.2e-06 with shape (701,)
2025-09-24 22:28:48,141 - INFO - obtained S matrix for 7.3e-06 with shape (701,)
2025-09-24 22:38:08,537 - INFO - obtained S matrix for 7.4e-06 with shape (701,)
2025-09-24 22:51:40,003 - INFO - obtained S matrix for 7.5e-06 with shape (701,)
2025-09-24 23:06:59,304 - INFO - obtained S matrix for 7.6e-06 with shape (701,)
2025-09-24 23:19:06,636 - INFO - obtained S matrix for 7.7e-06 with shape (701,)
2025-09-24 23:24:07,488 - INFO - obtained S matrix for 7.8e-06 with shape (701,)
2025-09-24 23:30:47,070 - INFO - obtained S matrix for 7.9e-06 with shape (701,)
2025-09-24 23:36:00,826 - INFO - obtained S matrix for 8e-06 with shape (701,)
2025-09-24 23:40:33,100 - INFO - obtained S matrix for 8.1e-06 with shape (701,)
2025-09-24 23:45:38,498 - INFO - obtained S matrix for 8.2e-06 with shape (701,)
2025-09-24 23:51:05,876 - INFO - obtained S matrix for 8.3e-06 with shape (701,)
2025-09-24 23:55:41,968 - INFO - obtained S matrix for 8.4e-06 with shape (701,)
2025-09-25 00:00:20,383 - INFO - obtained S matrix for 8.5e-06 with shape (701,)
2025-09-25 00:05:00,129 - INFO - obtained S matrix for 8.6e-06 with shape (701,)
2025-09-25 00:09:45,315 - INFO - obtained S matrix for 8.7e-06 with shape (701,)
2025-09-25 00:14:41,026 - INFO - obtained S matrix for 8.8e-06 with shape (701,)
2025-09-25 00:19:31,206 - INFO - obtained S matrix for 8.9e-06 with shape (701,)
2025-09-25 00:24:02,711 - INFO - obtained S matrix for 9e-06 with shape (701,)
2025-09-25 00:29:08,529 - INFO - obtained S matrix for 9.1e-06 with shape (701,)
2025-09-25 00:34:03,602 - INFO - obtained S matrix for 9.2e-06 with shape (701,)
2025-09-25 00:38:42,544 - INFO - obtained S matrix for 9.3e-06 with shape (701,)
2025-09-25 00:43:15,466 - INFO - obtained S matrix for 9.4e-06 with shape (701,)
2025-09-25 00:43:15,475 - INFO - data from core_sweep is saved in core_sweep_from_6900nm_to_9428nm_with_taper_2500nmwith transmission_matrix.shape= (26, 701, 2)
2025-09-25 02:50:04,192 - INFO - Starting core_sweep() 
 data_filename: core_sweep_from_7900nm_to_11214nm_with_taper_3000nm 
 mmi_width_span: [7.90e-06 8.00e-06 8.10e-06 8.20e-06 8.30e-06 8.40e-06 8.50e-06 8.60e-06
 8.70e-06 8.80e-06 8.90e-06 9.00e-06 9.10e-06 9.20e-06 9.30e-06 9.40e-06
 9.50e-06 9.60e-06 9.70e-06 9.80e-06 9.90e-06 1.00e-05 1.01e-05 1.02e-05
 1.03e-05 1.04e-05 1.05e-05 1.06e-05 1.07e-05 1.08e-05 1.09e-05 1.10e-05
 1.11e-05 1.12e-05]
 width_ridge: 8e-06, 
 mmi_length:5e-05,
 taper_width=3e-06,
 delta_y:0
2025-09-25 02:54:52,701 - INFO - obtained S matrix for 7.9e-06 with shape (701,)
2025-09-25 02:59:39,476 - INFO - obtained S matrix for 8e-06 with shape (701,)
2025-09-25 03:04:07,968 - INFO - obtained S matrix for 8.1e-06 with shape (701,)
2025-09-25 03:08:56,581 - INFO - obtained S matrix for 8.2e-06 with shape (701,)
2025-09-25 03:13:47,204 - INFO - obtained S matrix for 8.3e-06 with shape (701,)
2025-09-25 03:18:31,385 - INFO - obtained S matrix for 8.4e-06 with shape (701,)
2025-09-25 03:22:59,267 - INFO - obtained S matrix for 8.5e-06 with shape (701,)
2025-09-25 03:27:33,320 - INFO - obtained S matrix for 8.6e-06 with shape (701,)
2025-09-25 03:32:16,436 - INFO - obtained S matrix for 8.7e-06 with shape (701,)
2025-09-25 03:37:21,612 - INFO - obtained S matrix for 8.8e-06 with shape (701,)
2025-09-25 03:42:06,193 - INFO - obtained S matrix for 8.9e-06 with shape (701,)
2025-09-25 03:46:49,446 - INFO - obtained S matrix for 9e-06 with shape (701,)
2025-09-25 03:51:49,635 - INFO - obtained S matrix for 9.1e-06 with shape (701,)
2025-09-25 03:56:30,989 - INFO - obtained S matrix for 9.2e-06 with shape (701,)
2025-09-25 04:01:38,486 - INFO - obtained S matrix for 9.3e-06 with shape (701,)
2025-09-25 04:06:18,540 - INFO - obtained S matrix for 9.4e-06 with shape (701,)
2025-09-25 04:11:10,972 - INFO - obtained S matrix for 9.5e-06 with shape (701,)
2025-09-25 18:00:50,452 - INFO - Starting core_sweep() 
 data_filename: core_sweep_from_7900nm_to_11214nm_with_taper_3000nm 
 mmi_width_span: [7.90e-06 8.00e-06 8.10e-06 8.20e-06 8.30e-06 8.40e-06 8.50e-06 8.60e-06
 8.70e-06 8.80e-06 8.90e-06 9.00e-06 9.10e-06 9.20e-06 9.30e-06 9.40e-06
 9.50e-06 9.60e-06 9.70e-06 9.80e-06 9.90e-06 1.00e-05 1.01e-05 1.02e-05
 1.03e-05 1.04e-05 1.05e-05 1.06e-05 1.07e-05 1.08e-05 1.09e-05 1.10e-05
 1.11e-05 1.12e-05]
 width_ridge: 8e-06, 
 mmi_length:5e-05,
 taper_width=3e-06,
 delta_y:0
2025-09-25 18:08:40,562 - INFO - Starting core_sweep() 
 data_filename: core_sweep_from_8000nm_to_9500nm_with_taper_3000nm 
 mmi_width_span: [7.50e-06 7.60e-06 7.70e-06 7.80e-06 7.90e-06 8.00e-06 8.10e-06 8.20e-06
 8.30e-06 8.40e-06 8.50e-06 8.60e-06 8.70e-06 8.80e-06 8.90e-06 9.00e-06
 9.10e-06 9.20e-06 9.30e-06 9.40e-06 9.50e-06 9.60e-06 9.70e-06 9.80e-06
 9.90e-06 1.00e-05 1.01e-05 1.02e-05 1.03e-05 1.04e-05 1.05e-05]
 width_ridge: 8.3e-06, 
 mmi_length:0.000101,
 taper_width=3e-06,
 delta_y:0
2025-09-25 18:14:59,326 - INFO - obtained S matrix for 7.499999999999999e-06 with shape (801,)
2025-09-25 18:20:34,324 - INFO - obtained S matrix for 7.599999999999999e-06 with shape (801,)
2025-09-25 18:26:36,601 - INFO - obtained S matrix for 7.699999999999999e-06 with shape (801,)
2025-09-25 18:32:10,700 - INFO - obtained S matrix for 7.8e-06 with shape (801,)
2025-09-25 18:37:43,176 - INFO - obtained S matrix for 7.9e-06 with shape (801,)
2025-09-25 18:43:04,292 - INFO - obtained S matrix for 8e-06 with shape (801,)
2025-09-25 18:50:30,904 - INFO - obtained S matrix for 8.099999999999999e-06 with shape (801,)
2025-09-25 18:56:21,576 - INFO - obtained S matrix for 8.2e-06 with shape (801,)
2025-09-25 19:03:51,334 - INFO - obtained S matrix for 8.3e-06 with shape (801,)
2025-09-25 19:11:40,933 - INFO - obtained S matrix for 8.4e-06 with shape (801,)
2025-09-25 19:17:40,047 - INFO - obtained S matrix for 8.5e-06 with shape (801,)
2025-09-25 19:24:30,289 - INFO - obtained S matrix for 8.599999999999999e-06 with shape (801,)
2025-09-25 19:30:09,633 - INFO - obtained S matrix for 8.7e-06 with shape (801,)
2025-09-25 19:36:01,980 - INFO - obtained S matrix for 8.8e-06 with shape (801,)
2025-09-25 19:41:19,065 - INFO - obtained S matrix for 8.9e-06 with shape (801,)
2025-09-25 19:46:24,639 - INFO - obtained S matrix for 9e-06 with shape (801,)
2025-09-25 19:51:56,510 - INFO - obtained S matrix for 9.1e-06 with shape (801,)
2025-09-25 19:57:43,385 - INFO - obtained S matrix for 9.199999999999998e-06 with shape (801,)
2025-09-25 20:03:11,521 - INFO - obtained S matrix for 9.3e-06 with shape (801,)
2025-09-25 20:08:12,994 - INFO - obtained S matrix for 9.4e-06 with shape (801,)
2025-09-25 20:13:25,138 - INFO - obtained S matrix for 9.499999999999999e-06 with shape (801,)
2025-09-25 20:19:08,463 - INFO - obtained S matrix for 9.6e-06 with shape (801,)
2025-09-25 20:24:28,744 - INFO - obtained S matrix for 9.699999999999999e-06 with shape (801,)
2025-09-25 20:29:47,936 - INFO - obtained S matrix for 9.800000000000001e-06 with shape (801,)
2025-09-25 20:35:53,282 - INFO - obtained S matrix for 9.9e-06 with shape (801,)
