2025-09-24 11:54:07,893 - INFO - Starting taper_width_colormap() 
 data_filename: taper_width_colormap_2000_6300nm 
 width_ridge: 6.3e-06, 
 mmi_length:5e-05,
 taper_width=2e-06,
 delta_y:0
2025-09-24 11:54:07,894 - INFO -  In taper_width_colormap() width_span [5.8e-06 5.9e-06 6.0e-06 6.1e-06 6.2e-06 6.3e-06 6.4e-06 6.5e-06 6.6e-06
 6.7e-06 6.8e-06],with taper span [1.5e-06 1.6e-06 1.7e-06 1.8e-06 1.9e-06 2.0e-06 2.1e-06 2.2e-06 2.3e-06
 2.4e-06 2.5e-06]
2025-09-24 12:00:28,240 - INFO - Propagated from  4.41e-05 to 7.41e-05
2025-09-24 12:00:28,244 - ERROR - in taper_width_colormap() error occured:'emesweep cannot be used while in layout mode.'
2025-09-24 12:17:37,568 - INFO - Starting taper_width_colormap() 
 data_filename: taper_width_colormap_2000_6300nm 
 width_ridge: 6.3e-06, 
 mmi_length:5e-05,
 taper_width=2e-06,
 delta_y:0
2025-09-24 12:17:37,569 - INFO -  In taper_width_colormap() width_span [5.8e-06 5.9e-06 6.0e-06 6.1e-06 6.2e-06 6.3e-06 6.4e-06 6.5e-06 6.6e-06
 6.7e-06 6.8e-06],with taper span [1.5e-06 1.6e-06 1.7e-06 1.8e-06 1.9e-06 2.0e-06 2.1e-06 2.2e-06 2.3e-06
 2.4e-06 2.5e-06]
2025-09-24 12:23:55,753 - INFO - Propagated from  4.41e-05 to 7.41e-05
2025-09-24 12:25:46,664 - INFO - In taper_width_colormap obtained max_trans:0.49487820336724475,optimal_length: 5.9e-05 for width_ridge6.3e-06
2025-09-24 12:36:28,781 - INFO - In taper_width_colormap obtained transmission_matrix with shape (11, 11)
2025-09-24 12:37:21,910 - INFO - Propagated from  4.41e-05 to 7.41e-05
2025-09-24 12:39:06,391 - INFO - In taper_width_colormap obtained max_trans:0.49288183862756235,optimal_length: 5.91e-05 for width_ridge6.3e-06
2025-09-24 12:47:59,435 - INFO - In taper_width_colormap obtained transmission_matrix with shape (11, 11)
2025-09-24 12:48:38,996 - INFO - Propagated from  4.41e-05 to 7.41e-05
2025-09-24 12:50:13,995 - INFO - In taper_width_colormap obtained max_trans:0.4941504945400543,optimal_length: 5.89e-05 for width_ridge6.3e-06
2025-09-24 12:58:00,194 - INFO - In taper_width_colormap obtained transmission_matrix with shape (11, 11)
2025-09-24 12:59:11,117 - INFO - Propagated from  4.41e-05 to 7.41e-05
2025-09-24 13:00:45,839 - INFO - In taper_width_colormap obtained max_trans:0.4927532115804077,optimal_length: 5.91e-05 for width_ridge6.3e-06
2025-09-24 13:08:45,872 - INFO - In taper_width_colormap obtained transmission_matrix with shape (11, 11)
2025-09-24 13:09:25,649 - INFO - Propagated from  4.41e-05 to 7.41e-05
2025-09-24 13:11:12,377 - INFO - In taper_width_colormap obtained max_trans:0.4932281586367161,optimal_length: 5.89e-05 for width_ridge6.3e-06
2025-09-24 13:19:03,108 - INFO - In taper_width_colormap obtained transmission_matrix with shape (11, 11)
2025-09-24 13:19:43,037 - INFO - Propagated from  4.41e-05 to 7.41e-05
2025-09-24 13:21:18,645 - INFO - In taper_width_colormap obtained max_trans:0.4932740926510088,optimal_length: 5.91e-05 for width_ridge6.3e-06
2025-09-24 13:29:18,229 - INFO - In taper_width_colormap obtained transmission_matrix with shape (11, 11)
2025-09-24 13:29:58,065 - INFO - Propagated from  4.41e-05 to 7.41e-05
2025-09-24 13:31:37,615 - INFO - In taper_width_colormap obtained max_trans:0.4930144631882859,optimal_length: 5.89e-05 for width_ridge6.3e-06
2025-09-24 13:39:32,850 - INFO - In taper_width_colormap obtained transmission_matrix with shape (11, 11)
2025-09-24 13:40:12,114 - INFO - Propagated from  4.41e-05 to 7.41e-05
2025-09-24 13:41:58,902 - INFO - In taper_width_colormap obtained max_trans:0.4925722930298883,optimal_length: 5.9e-05 for width_ridge6.3e-06
2025-09-24 13:50:58,793 - INFO - In taper_width_colormap obtained transmission_matrix with shape (11, 11)
2025-09-24 13:51:53,151 - INFO - Propagated from  4.41e-05 to 7.41e-05
2025-09-24 13:54:01,595 - INFO - In taper_width_colormap obtained max_trans:0.4921983734978265,optimal_length: 5.91e-05 for width_ridge6.3e-06
2025-09-24 14:04:27,107 - INFO - In taper_width_colormap obtained transmission_matrix with shape (11, 11)
2025-09-24 14:05:06,963 - INFO - Propagated from  4.41e-05 to 7.41e-05
2025-09-24 14:06:50,924 - INFO - In taper_width_colormap obtained max_trans:0.49027800939762006,optimal_length: 5.89e-05 for width_ridge6.3e-06
2025-09-24 14:15:43,691 - INFO - In taper_width_colormap obtained transmission_matrix with shape (11, 11)
2025-09-24 14:16:31,681 - INFO - Propagated from  4.41e-05 to 7.41e-05
2025-09-24 14:18:26,759 - INFO - In taper_width_colormap obtained max_trans:0.4911656259924465,optimal_length: 5.88e-05 for width_ridge6.3e-06
2025-09-24 14:29:23,888 - INFO - In taper_width_colormap obtained transmission_matrix with shape (11, 11)
2025-09-25 00:43:15,786 - INFO - Starting taper_width_colormap() 
 data_filename: taper_width_colormap_2500_7400nm 
 width_ridge: 7.4e-06, 
 mmi_length:5e-05,
 taper_width=2.5e-06,
 delta_y:0
2025-09-25 00:43:15,787 - INFO -  In taper_width_colormap() width_span [6.9e-06 7.0e-06 7.1e-06 7.2e-06 7.3e-06 7.4e-06 7.5e-06 7.6e-06 7.7e-06
 7.8e-06 7.9e-06],with taper span [2.0e-06 2.1e-06 2.2e-06 2.3e-06 2.4e-06 2.5e-06 2.6e-06 2.7e-06 2.8e-06
 2.9e-06 3.0e-06]
2025-09-25 00:49:14,619 - INFO - Propagated from  6.61e-05 to 9.609999999999999e-05
2025-09-25 00:50:57,454 - INFO - In taper_width_colormap obtained max_trans:0.4861919045749745,optimal_length: 8.14e-05 for width_ridge7.4e-06
2025-09-25 00:59:40,480 - INFO - In taper_width_colormap obtained transmission_matrix with shape (11, 11)
2025-09-25 01:00:28,114 - INFO - Propagated from  6.61e-05 to 9.609999999999999e-05
2025-09-25 01:02:15,076 - INFO - In taper_width_colormap obtained max_trans:0.4892055004576953,optimal_length: 8.13e-05 for width_ridge7.4e-06
2025-09-25 01:10:48,552 - INFO - In taper_width_colormap obtained transmission_matrix with shape (11, 11)
2025-09-25 01:11:31,811 - INFO - Propagated from  6.61e-05 to 9.609999999999999e-05
2025-09-25 01:13:18,362 - INFO - In taper_width_colormap obtained max_trans:0.4895924362311996,optimal_length: 8.14e-05 for width_ridge7.4e-06
2025-09-25 01:21:51,608 - INFO - In taper_width_colormap obtained transmission_matrix with shape (11, 11)
2025-09-25 01:22:34,640 - INFO - Propagated from  6.61e-05 to 9.609999999999999e-05
2025-09-25 01:24:18,813 - INFO - In taper_width_colormap obtained max_trans:0.4886608526751693,optimal_length: 8.159999999999999e-05 for width_ridge7.4e-06
2025-09-25 01:32:55,893 - INFO - In taper_width_colormap obtained transmission_matrix with shape (11, 11)
2025-09-25 01:33:38,942 - INFO - Propagated from  6.61e-05 to 9.609999999999999e-05
2025-09-25 01:35:21,751 - INFO - In taper_width_colormap obtained max_trans:0.48718700840354806,optimal_length: 8.13e-05 for width_ridge7.4e-06
2025-09-25 01:44:15,205 - INFO - In taper_width_colormap obtained transmission_matrix with shape (11, 11)
2025-09-25 01:44:58,153 - INFO - Propagated from  6.61e-05 to 9.609999999999999e-05
2025-09-25 01:46:43,351 - INFO - In taper_width_colormap obtained max_trans:0.4908403555216375,optimal_length: 8.109999999999999e-05 for width_ridge7.4e-06
2025-09-25 01:55:14,614 - INFO - In taper_width_colormap obtained transmission_matrix with shape (11, 11)
2025-09-25 01:55:57,480 - INFO - Propagated from  6.61e-05 to 9.609999999999999e-05
2025-09-25 01:57:48,096 - INFO - In taper_width_colormap obtained max_trans:0.48942178943248543,optimal_length: 8.12e-05 for width_ridge7.4e-06
2025-09-25 02:06:19,586 - INFO - In taper_width_colormap obtained transmission_matrix with shape (11, 11)
2025-09-25 02:07:02,810 - INFO - Propagated from  6.61e-05 to 9.609999999999999e-05
2025-09-25 02:08:48,632 - INFO - In taper_width_colormap obtained max_trans:0.4871195958886679,optimal_length: 8.12e-05 for width_ridge7.4e-06
2025-09-25 02:17:20,975 - INFO - In taper_width_colormap obtained transmission_matrix with shape (11, 11)
2025-09-25 02:18:03,745 - INFO - Propagated from  6.61e-05 to 9.609999999999999e-05
2025-09-25 02:19:44,867 - INFO - In taper_width_colormap obtained max_trans:0.48685965211543103,optimal_length: 8.12e-05 for width_ridge7.4e-06
2025-09-25 02:28:12,804 - INFO - In taper_width_colormap obtained transmission_matrix with shape (11, 11)
2025-09-25 02:28:55,135 - INFO - Propagated from  6.61e-05 to 9.609999999999999e-05
2025-09-25 02:30:40,091 - INFO - In taper_width_colormap obtained max_trans:0.487669585182484,optimal_length: 8.109999999999999e-05 for width_ridge7.4e-06
2025-09-25 02:39:10,861 - INFO - In taper_width_colormap obtained transmission_matrix with shape (11, 11)
2025-09-25 02:39:53,852 - INFO - Propagated from  6.61e-05 to 9.609999999999999e-05
2025-09-25 02:41:36,276 - INFO - In taper_width_colormap obtained max_trans:0.4848973068178176,optimal_length: 8.109999999999999e-05 for width_ridge7.4e-06
2025-09-25 02:50:04,182 - INFO - In taper_width_colormap obtained transmission_matrix with shape (11, 11)
2025-09-25 09:48:40,392 - INFO - Starting taper_width_colormap() 
 data_filename: taper_width_colormap_2500_8200nm 
 width_ridge: 8.2e-06, 
 mmi_length:7e-05,
 taper_width=2.5e-06,
 delta_y:0
2025-09-25 09:48:40,393 - INFO -  In taper_width_colormap() width_span [7.7e-06 7.8e-06 7.9e-06 8.0e-06 8.1e-06 8.2e-06 8.3e-06 8.4e-06 8.5e-06
 8.6e-06 8.7e-06],with taper span [2.0e-06 2.1e-06 2.2e-06 2.3e-06 2.4e-06 2.5e-06 2.6e-06 2.7e-06 2.8e-06
 2.9e-06 3.0e-06]
2025-09-25 09:55:36,076 - INFO - Propagated from  8.460000000000001e-05 to 0.00011460000000000001
2025-09-25 09:57:32,256 - INFO - In taper_width_colormap obtained max_trans:0.490239518294311,optimal_length: 0.0001 for width_ridge8.2e-06
2025-09-25 10:07:41,728 - INFO - In taper_width_colormap obtained transmission_matrix with shape (11, 11)
2025-09-25 10:08:32,469 - INFO - Propagated from  8.460000000000001e-05 to 0.00011460000000000001
2025-09-25 10:10:35,207 - INFO - In taper_width_colormap obtained max_trans:0.4895547724799739,optimal_length: 9.980000000000001e-05 for width_ridge8.2e-06
2025-09-25 10:20:18,755 - INFO - In taper_width_colormap obtained transmission_matrix with shape (11, 11)
2025-09-25 10:21:05,521 - INFO - Propagated from  8.460000000000001e-05 to 0.00011460000000000001
2025-09-25 10:22:58,463 - INFO - In taper_width_colormap obtained max_trans:0.48971865475792453,optimal_length: 9.980000000000001e-05 for width_ridge8.2e-06
2025-09-25 10:32:49,755 - INFO - In taper_width_colormap obtained transmission_matrix with shape (11, 11)
2025-09-25 10:33:34,965 - INFO - Propagated from  8.460000000000001e-05 to 0.00011460000000000001
2025-09-25 10:35:11,991 - INFO - In taper_width_colormap obtained max_trans:0.4891240667642809,optimal_length: 0.0001 for width_ridge8.2e-06
2025-09-25 10:44:02,216 - INFO - In taper_width_colormap obtained transmission_matrix with shape (11, 11)
2025-09-25 10:44:47,067 - INFO - Propagated from  8.460000000000001e-05 to 0.00011460000000000001
2025-09-25 10:46:31,233 - INFO - In taper_width_colormap obtained max_trans:0.4869298118055519,optimal_length: 9.980000000000001e-05 for width_ridge8.2e-06
2025-09-25 10:55:19,782 - INFO - In taper_width_colormap obtained transmission_matrix with shape (11, 11)
2025-09-25 10:56:04,778 - INFO - Propagated from  8.460000000000001e-05 to 0.00011460000000000001
2025-09-25 10:58:01,733 - INFO - In taper_width_colormap obtained max_trans:0.48716998030344494,optimal_length: 9.960000000000001e-05 for width_ridge8.2e-06
2025-09-25 11:08:10,486 - INFO - In taper_width_colormap obtained transmission_matrix with shape (11, 11)
2025-09-25 11:08:57,261 - INFO - Propagated from  8.460000000000001e-05 to 0.00011460000000000001
2025-09-25 11:10:54,002 - INFO - In taper_width_colormap obtained max_trans:0.4871039612818707,optimal_length: 9.970000000000001e-05 for width_ridge8.2e-06
2025-09-25 11:20:52,673 - INFO - In taper_width_colormap obtained transmission_matrix with shape (11, 11)
2025-09-25 11:21:48,897 - INFO - Propagated from  8.460000000000001e-05 to 0.00011460000000000001
2025-09-25 11:23:50,541 - INFO - In taper_width_colormap obtained max_trans:0.4821132734767349,optimal_length: 9.970000000000001e-05 for width_ridge8.2e-06
2025-09-25 11:34:27,664 - INFO - In taper_width_colormap obtained transmission_matrix with shape (11, 11)
2025-09-25 11:35:17,866 - INFO - Propagated from  8.460000000000001e-05 to 0.00011460000000000001
2025-09-25 11:37:17,607 - INFO - In taper_width_colormap obtained max_trans:0.48157436989584645,optimal_length: 9.95e-05 for width_ridge8.2e-06
2025-09-25 11:46:32,689 - INFO - In taper_width_colormap obtained transmission_matrix with shape (11, 11)
2025-09-25 11:47:17,666 - INFO - Propagated from  8.460000000000001e-05 to 0.00011460000000000001
2025-09-25 11:49:05,101 - INFO - In taper_width_colormap obtained max_trans:0.4844328261166394,optimal_length: 9.970000000000001e-05 for width_ridge8.2e-06
2025-09-25 11:58:19,937 - INFO - In taper_width_colormap obtained transmission_matrix with shape (11, 11)
2025-09-25 11:59:04,917 - INFO - Propagated from  8.460000000000001e-05 to 0.00011460000000000001
2025-09-25 12:00:46,487 - INFO - In taper_width_colormap obtained max_trans:0.4821859870555945,optimal_length: 9.960000000000001e-05 for width_ridge8.2e-06
2025-09-25 12:09:31,440 - INFO - In taper_width_colormap obtained transmission_matrix with shape (11, 11)
2025-09-25 12:35:32,915 - INFO - Starting taper_width_colormap() 
 data_filename: taper_width_colormap_2600_8300nm 
 width_ridge: 8.3e-06, 
 mmi_length:7e-05,
 taper_width=2.6e-06,
 delta_y:0
2025-09-25 12:35:32,916 - INFO -  In taper_width_colormap() width_span [7.8e-06 7.9e-06 8.0e-06 8.1e-06 8.2e-06 8.3e-06 8.4e-06 8.5e-06 8.6e-06
 8.7e-06 8.8e-06],with taper span [2.1e-06 2.2e-06 2.3e-06 2.4e-06 2.5e-06 2.6e-06 2.7e-06 2.8e-06 2.9e-06
 3.0e-06 3.1e-06]
2025-09-25 12:41:15,548 - INFO - Propagated from  8.71e-05 to 0.0001171
2025-09-25 12:42:54,448 - INFO - In taper_width_colormap obtained max_trans:0.4928007742222405,optimal_length: 0.0001023 for width_ridge8.3e-06
2025-09-25 12:52:01,927 - INFO - In taper_width_colormap obtained transmission_matrix with shape (11, 11)
2025-09-25 12:52:48,301 - INFO - Propagated from  8.71e-05 to 0.0001171
2025-09-25 12:54:24,287 - INFO - In taper_width_colormap obtained max_trans:0.492725199205663,optimal_length: 0.0001024 for width_ridge8.3e-06
2025-09-25 13:03:40,949 - INFO - In taper_width_colormap obtained transmission_matrix with shape (11, 11)
2025-09-25 13:04:26,583 - INFO - Propagated from  8.71e-05 to 0.0001171
2025-09-25 13:05:59,360 - INFO - In taper_width_colormap obtained max_trans:0.4920748273260283,optimal_length: 0.0001025 for width_ridge8.3e-06
2025-09-25 13:14:58,857 - INFO - In taper_width_colormap obtained transmission_matrix with shape (11, 11)
2025-09-25 13:15:44,959 - INFO - Propagated from  8.71e-05 to 0.0001171
2025-09-25 13:17:20,587 - INFO - In taper_width_colormap obtained max_trans:0.48971936808613253,optimal_length: 0.0001023 for width_ridge8.3e-06
2025-09-25 13:26:21,450 - INFO - In taper_width_colormap obtained transmission_matrix with shape (11, 11)
2025-09-25 13:27:08,234 - INFO - Propagated from  8.71e-05 to 0.0001171
2025-09-25 13:28:43,738 - INFO - In taper_width_colormap obtained max_trans:0.491164503774909,optimal_length: 0.0001022 for width_ridge8.3e-06
2025-09-25 13:37:44,682 - INFO - In taper_width_colormap obtained transmission_matrix with shape (11, 11)
2025-09-25 13:38:31,391 - INFO - Propagated from  8.71e-05 to 0.0001171
2025-09-25 13:40:06,462 - INFO - In taper_width_colormap obtained max_trans:0.49059454689305637,optimal_length: 0.0001021 for width_ridge8.3e-06
2025-09-25 13:49:02,902 - INFO - In taper_width_colormap obtained transmission_matrix with shape (11, 11)
2025-09-25 13:49:54,882 - INFO - Propagated from  8.71e-05 to 0.0001171
2025-09-25 13:51:33,325 - INFO - In taper_width_colormap obtained max_trans:0.48578844595584547,optimal_length: 0.0001021 for width_ridge8.3e-06
2025-09-25 14:01:04,801 - INFO - In taper_width_colormap obtained transmission_matrix with shape (11, 11)
2025-09-25 14:01:50,367 - INFO - Propagated from  8.71e-05 to 0.0001171
2025-09-25 14:03:25,917 - INFO - In taper_width_colormap obtained max_trans:0.48643730468904184,optimal_length: 0.0001021 for width_ridge8.3e-06
2025-09-25 14:12:26,334 - INFO - In taper_width_colormap obtained transmission_matrix with shape (11, 11)
2025-09-25 14:13:11,637 - INFO - Propagated from  8.71e-05 to 0.0001171
2025-09-25 14:14:46,890 - INFO - In taper_width_colormap obtained max_trans:0.4882206119856989,optimal_length: 0.0001021 for width_ridge8.3e-06
2025-09-25 14:23:48,828 - INFO - In taper_width_colormap obtained transmission_matrix with shape (11, 11)
2025-09-25 14:24:43,994 - INFO - Propagated from  8.71e-05 to 0.0001171
2025-09-25 14:26:35,253 - INFO - In taper_width_colormap obtained max_trans:0.48687247526742655,optimal_length: 0.0001021 for width_ridge8.3e-06
2025-09-25 14:36:19,275 - INFO - In taper_width_colormap obtained transmission_matrix with shape (11, 11)
2025-09-25 14:37:04,318 - INFO - Propagated from  8.71e-05 to 0.0001171
2025-09-25 14:38:39,514 - INFO - In taper_width_colormap obtained max_trans:0.48113712396101405,optimal_length: 0.0001023 for width_ridge8.3e-06
2025-09-25 14:47:42,583 - INFO - In taper_width_colormap obtained transmission_matrix with shape (11, 11)
2025-10-06 22:35:13,331 - INFO - Starting taper_width_colormap() 
 data_filename: taper_width_colormap_4400_11000nm 
 width_ridge: 1.1e-05, 
 mmi_length:7e-05,
 taper_width=4.4e-06,
 delta_y:0
2025-10-06 22:35:13,334 - INFO -  In taper_width_colormap() width_span [1.05e-05 1.06e-05 1.07e-05 1.08e-05 1.09e-05 1.10e-05 1.11e-05 1.12e-05
 1.13e-05 1.14e-05 1.15e-05],with taper span [3.9e-06 4.0e-06 4.1e-06 4.2e-06 4.3e-06 4.4e-06 4.5e-06 4.6e-06 4.7e-06
 4.8e-06 4.9e-06]
2025-10-06 22:41:18,152 - INFO - Propagated from  0.00016309999999999998 to 0.0001731
2025-10-06 22:42:25,387 - INFO - In taper_width_colormap obtained max_trans:0.4660477067018822,optimal_length: 0.00017309999999999998 for width_ridge1.1e-05
2025-10-06 22:59:18,866 - INFO - In taper_width_colormap obtained transmission_matrix with shape (11, 11)
2025-10-06 23:00:11,103 - INFO - Propagated from  0.00016309999999999998 to 0.0001731
2025-10-06 23:00:44,085 - INFO - In taper_width_colormap obtained max_trans:0.4625748461137988,optimal_length: 0.00017309999999999998 for width_ridge1.1e-05
2025-10-06 23:11:52,630 - INFO - In taper_width_colormap obtained transmission_matrix with shape (11, 11)
2025-10-06 23:12:44,871 - INFO - Propagated from  0.00016309999999999998 to 0.0001731
2025-10-06 23:13:17,152 - INFO - In taper_width_colormap obtained max_trans:0.45429880101171427,optimal_length: 0.00017309999999999998 for width_ridge1.1e-05
2025-10-06 23:23:35,259 - INFO - In taper_width_colormap obtained transmission_matrix with shape (11, 11)
2025-10-06 23:24:28,338 - INFO - Propagated from  0.00016309999999999998 to 0.0001731
2025-10-06 23:25:01,197 - INFO - In taper_width_colormap obtained max_trans:0.4504930569126456,optimal_length: 0.00016419999999999998 for width_ridge1.1e-05
2025-10-06 23:35:46,085 - INFO - In taper_width_colormap obtained transmission_matrix with shape (11, 11)
2025-10-06 23:36:36,664 - INFO - Propagated from  0.00016309999999999998 to 0.0001731
2025-10-06 23:37:08,487 - INFO - In taper_width_colormap obtained max_trans:0.4369966245749517,optimal_length: 0.00016309999999999998 for width_ridge1.1e-05
2025-10-06 23:47:24,529 - INFO - In taper_width_colormap obtained transmission_matrix with shape (11, 11)
2025-10-06 23:48:15,726 - INFO - Propagated from  0.00016309999999999998 to 0.0001731
2025-10-06 23:48:48,175 - INFO - In taper_width_colormap obtained max_trans:0.4578508571854914,optimal_length: 0.00016809999999999997 for width_ridge1.1e-05
2025-10-06 23:59:07,230 - INFO - In taper_width_colormap obtained transmission_matrix with shape (11, 11)
2025-10-06 23:59:59,310 - INFO - Propagated from  0.00016309999999999998 to 0.0001731
2025-10-07 00:00:30,054 - INFO - In taper_width_colormap obtained max_trans:0.4501640658455702,optimal_length: 0.00017309999999999998 for width_ridge1.1e-05
2025-10-07 00:10:49,305 - INFO - In taper_width_colormap obtained transmission_matrix with shape (11, 11)
2025-10-07 00:11:40,007 - INFO - Propagated from  0.00016309999999999998 to 0.0001731
2025-10-07 00:12:12,801 - INFO - In taper_width_colormap obtained max_trans:0.44324992289735277,optimal_length: 0.00017309999999999998 for width_ridge1.1e-05
2025-10-07 00:22:28,954 - INFO - In taper_width_colormap obtained transmission_matrix with shape (11, 11)
2025-10-07 00:23:21,070 - INFO - Propagated from  0.00016309999999999998 to 0.0001731
2025-10-07 00:23:53,009 - INFO - In taper_width_colormap obtained max_trans:0.4437436090802651,optimal_length: 0.00017309999999999998 for width_ridge1.1e-05
2025-10-07 00:34:12,943 - INFO - In taper_width_colormap obtained transmission_matrix with shape (11, 11)
2025-10-07 00:35:04,820 - INFO - Propagated from  0.00016309999999999998 to 0.0001731
2025-10-07 00:35:38,517 - INFO - In taper_width_colormap obtained max_trans:0.44474938387419743,optimal_length: 0.00017309999999999998 for width_ridge1.1e-05
2025-10-07 00:46:01,578 - INFO - In taper_width_colormap obtained transmission_matrix with shape (11, 11)
2025-10-07 00:46:53,411 - INFO - Propagated from  0.00016309999999999998 to 0.0001731
2025-10-07 00:47:24,762 - INFO - In taper_width_colormap obtained max_trans:0.41497683554045217,optimal_length: 0.00016309999999999998 for width_ridge1.1e-05
2025-10-07 00:57:41,793 - INFO - In taper_width_colormap obtained transmission_matrix with shape (11, 11)
2025-10-07 22:20:20,805 - INFO - Starting taper_width_colormap() 
 data_filename: taper_width_colormap_4400_11000nm 
 width_ridge: 1.1e-05, 
 mmi_length:7e-05,
 taper_width=4.4e-06,
 delta_y:0
2025-10-07 22:20:20,808 - INFO -  In taper_width_colormap() width_span [1.05e-05 1.06e-05 1.07e-05 1.08e-05 1.09e-05 1.10e-05 1.11e-05 1.12e-05
 1.13e-05 1.14e-05 1.15e-05],with taper span [3.9e-06 4.0e-06 4.1e-06 4.2e-06 4.3e-06 4.4e-06 4.5e-06 4.6e-06 4.7e-06
 4.8e-06 4.9e-06]
2025-10-07 22:26:43,687 - INFO - Propagated from  0.00015309999999999998 to 0.0001831
2025-10-07 22:28:15,945 - INFO - In taper_width_colormap obtained max_trans:0.47391798045134886,optimal_length: 0.00017889999999999998 for width_ridge1.1e-05
2025-10-07 22:39:14,030 - INFO - In taper_width_colormap obtained transmission_matrix with shape (11, 11)
2025-10-07 22:40:06,602 - INFO - Propagated from  0.00015309999999999998 to 0.0001831
2025-10-07 22:41:49,984 - INFO - In taper_width_colormap obtained max_trans:0.47244959802101566,optimal_length: 0.00017969999999999998 for width_ridge1.1e-05
2025-10-07 22:52:48,361 - INFO - In taper_width_colormap obtained transmission_matrix with shape (11, 11)
2025-10-07 22:53:48,622 - INFO - Propagated from  0.00015309999999999998 to 0.0001831
2025-10-07 22:55:40,391 - INFO - In taper_width_colormap obtained max_trans:0.4634798692263152,optimal_length: 0.00017999999999999998 for width_ridge1.1e-05
2025-10-07 23:06:36,678 - INFO - In taper_width_colormap obtained transmission_matrix with shape (11, 11)
2025-10-07 23:07:28,836 - INFO - Propagated from  0.00015309999999999998 to 0.0001831
2025-10-07 23:09:07,168 - INFO - In taper_width_colormap obtained max_trans:0.450856275483485,optimal_length: 0.0001801 for width_ridge1.1e-05
2025-10-07 23:19:46,904 - INFO - In taper_width_colormap obtained transmission_matrix with shape (11, 11)
2025-10-07 23:20:40,857 - INFO - Propagated from  0.00015309999999999998 to 0.0001831
2025-10-07 23:22:15,000 - INFO - In taper_width_colormap obtained max_trans:0.4472149395008718,optimal_length: 0.00015729999999999997 for width_ridge1.1e-05
2025-10-07 23:32:45,087 - INFO - In taper_width_colormap obtained transmission_matrix with shape (11, 11)
2025-10-07 23:33:36,947 - INFO - Propagated from  0.00015309999999999998 to 0.0001831
2025-10-07 23:35:13,087 - INFO - In taper_width_colormap obtained max_trans:0.45785085718548835,optimal_length: 0.00016809999999999997 for width_ridge1.1e-05
2025-10-07 23:45:39,176 - INFO - In taper_width_colormap obtained transmission_matrix with shape (11, 11)
2025-10-07 23:46:31,100 - INFO - Propagated from  0.00015309999999999998 to 0.0001831
2025-10-07 23:48:04,763 - INFO - In taper_width_colormap obtained max_trans:0.45020797069474766,optimal_length: 0.0001736 for width_ridge1.1e-05
2025-10-07 23:58:41,701 - INFO - In taper_width_colormap obtained transmission_matrix with shape (11, 11)
2025-10-07 23:59:35,164 - INFO - Propagated from  0.00015309999999999998 to 0.0001831
2025-10-08 00:01:15,193 - INFO - In taper_width_colormap obtained max_trans:0.4441496053834237,optimal_length: 0.00017719999999999997 for width_ridge1.1e-05
2025-10-08 00:11:51,830 - INFO - In taper_width_colormap obtained transmission_matrix with shape (11, 11)
2025-10-08 00:12:43,832 - INFO - Propagated from  0.00015309999999999998 to 0.0001831
2025-10-08 00:14:20,129 - INFO - In taper_width_colormap obtained max_trans:0.44848938381965286,optimal_length: 0.00017919999999999996 for width_ridge1.1e-05
2025-10-08 00:24:56,887 - INFO - In taper_width_colormap obtained transmission_matrix with shape (11, 11)
2025-10-08 00:25:49,380 - INFO - Propagated from  0.00015309999999999998 to 0.0001831
2025-10-08 00:27:31,024 - INFO - In taper_width_colormap obtained max_trans:0.44831300958487913,optimal_length: 0.00017879999999999998 for width_ridge1.1e-05
2025-10-08 00:38:04,213 - INFO - In taper_width_colormap obtained transmission_matrix with shape (11, 11)
2025-10-08 00:38:57,214 - INFO - Propagated from  0.00015309999999999998 to 0.0001831
2025-10-08 00:40:32,819 - INFO - In taper_width_colormap obtained max_trans:0.44037334947207996,optimal_length: 0.00015309999999999998 for width_ridge1.1e-05
2025-10-08 00:51:08,658 - INFO - In taper_width_colormap obtained transmission_matrix with shape (11, 11)
2025-10-08 11:51:56,396 - INFO - Starting taper_width_colormap() 
 data_filename: taper_width_colormap_4400_11000nm 
 width_ridge: 1.1e-05, 
 mmi_length:7e-05,
 taper_width=4.4e-06,
 delta_y:0
2025-10-08 11:51:56,397 - INFO -  In taper_width_colormap() width_span [1.05e-05 1.06e-05 1.07e-05 1.08e-05 1.09e-05 1.10e-05 1.11e-05 1.12e-05
 1.13e-05 1.14e-05 1.15e-05],with taper span [3.9e-06 4.0e-06 4.1e-06 4.2e-06 4.3e-06 4.4e-06 4.5e-06 4.6e-06 4.7e-06
 4.8e-06 4.9e-06]
2025-10-08 11:52:01,774 - ERROR - in taper_width_colormap() error occured:'emepropagate cannot be used while in layout mode.'
2025-10-08 11:54:28,928 - INFO - Starting taper_width_colormap() 
 data_filename: taper_width_colormap_4400_11000nm 
 width_ridge: 1.1e-05, 
 mmi_length:7e-05,
 taper_width=4.4e-06,
 delta_y:0
2025-10-08 11:54:28,932 - INFO -  In taper_width_colormap() width_span [1.05e-05 1.06e-05 1.07e-05 1.08e-05 1.09e-05 1.10e-05 1.11e-05 1.12e-05
 1.13e-05 1.14e-05 1.15e-05],with taper span [3.9e-06 4.0e-06 4.1e-06 4.2e-06 4.3e-06 4.4e-06 4.5e-06 4.6e-06 4.7e-06
 4.8e-06 4.9e-06]
2025-10-08 12:00:56,160 - INFO - Propagated from  0.00015319999999999998 to 0.0001832
2025-10-08 12:02:43,971 - INFO - In taper_width_colormap obtained max_trans:0.4783298780650353,optimal_length: 0.00017929999999999997 for width_ridge1.1e-05
2025-10-08 12:13:20,783 - INFO - In taper_width_colormap obtained transmission_matrix with shape (11, 11)
2025-10-08 12:14:14,374 - INFO - Propagated from  0.00015319999999999998 to 0.0001832
2025-10-08 12:16:01,332 - INFO - In taper_width_colormap obtained max_trans:0.4780827709753867,optimal_length: 0.00017939999999999997 for width_ridge1.1e-05
2025-10-08 12:26:37,427 - INFO - In taper_width_colormap obtained transmission_matrix with shape (11, 11)
2025-10-08 12:27:30,759 - INFO - Propagated from  0.00015319999999999998 to 0.0001832
2025-10-08 12:29:04,437 - INFO - In taper_width_colormap obtained max_trans:0.4804584134033725,optimal_length: 0.00017929999999999997 for width_ridge1.1e-05
2025-10-08 12:39:44,882 - INFO - In taper_width_colormap obtained transmission_matrix with shape (11, 11)
2025-10-08 12:40:37,681 - INFO - Propagated from  0.00015319999999999998 to 0.0001832
2025-10-08 12:42:17,133 - INFO - In taper_width_colormap obtained max_trans:0.4769729178565523,optimal_length: 0.00018069999999999997 for width_ridge1.1e-05
2025-10-08 12:52:59,312 - INFO - In taper_width_colormap obtained transmission_matrix with shape (11, 11)
2025-10-08 12:53:52,850 - INFO - Propagated from  0.00015319999999999998 to 0.0001832
2025-10-08 12:55:28,261 - INFO - In taper_width_colormap obtained max_trans:0.45488115606724605,optimal_length: 0.00015629999999999998 for width_ridge1.1e-05
2025-10-08 13:06:14,783 - INFO - In taper_width_colormap obtained transmission_matrix with shape (11, 11)
2025-10-08 13:07:08,902 - INFO - Propagated from  0.00015319999999999998 to 0.0001832
2025-10-08 13:08:44,456 - INFO - In taper_width_colormap obtained max_trans:0.4543538802044212,optimal_length: 0.00016819999999999997 for width_ridge1.1e-05
2025-10-08 13:19:18,862 - INFO - In taper_width_colormap obtained transmission_matrix with shape (11, 11)
2025-10-08 13:20:24,098 - INFO - Propagated from  0.00015319999999999998 to 0.0001832
2025-10-08 13:22:18,215 - INFO - In taper_width_colormap obtained max_trans:0.4555507766965081,optimal_length: 0.00017729999999999997 for width_ridge1.1e-05
2025-10-08 13:33:29,772 - INFO - In taper_width_colormap obtained transmission_matrix with shape (11, 11)
2025-10-08 13:34:25,380 - INFO - Propagated from  0.00015319999999999998 to 0.0001832
2025-10-08 13:36:07,411 - INFO - In taper_width_colormap obtained max_trans:0.4683362795860328,optimal_length: 0.00018179999999999997 for width_ridge1.1e-05
2025-10-08 13:46:51,970 - INFO - In taper_width_colormap obtained transmission_matrix with shape (11, 11)
2025-10-08 13:47:45,535 - INFO - Propagated from  0.00015319999999999998 to 0.0001832
2025-10-08 13:49:23,358 - INFO - In taper_width_colormap obtained max_trans:0.4373241209043944,optimal_length: 0.0001802 for width_ridge1.1e-05
2025-10-08 13:59:53,438 - INFO - In taper_width_colormap obtained transmission_matrix with shape (11, 11)
2025-10-08 14:00:46,120 - INFO - Propagated from  0.00015319999999999998 to 0.0001832
2025-10-08 14:02:27,493 - INFO - In taper_width_colormap obtained max_trans:0.4381998067466739,optimal_length: 0.0001805 for width_ridge1.1e-05
2025-10-08 14:12:59,644 - INFO - In taper_width_colormap obtained transmission_matrix with shape (11, 11)
2025-10-08 14:13:52,646 - INFO - Propagated from  0.00015319999999999998 to 0.0001832
2025-10-08 14:15:28,282 - INFO - In taper_width_colormap obtained max_trans:0.4350321847979598,optimal_length: 0.0001612 for width_ridge1.1e-05
2025-10-08 14:26:04,563 - INFO - In taper_width_colormap obtained transmission_matrix with shape (11, 11)
2025-10-08 20:40:51,751 - INFO - Starting taper_width_colormap() 
 data_filename: taper_width_colormap_3500_9200nm 
 width_ridge: 9.2e-06, 
 mmi_length:7e-05,
 taper_width=3.5e-06,
 delta_y:0
2025-10-08 20:40:51,753 - INFO -  In taper_width_colormap() width_span [8.7e-06 8.8e-06 8.9e-06 9.0e-06 9.1e-06 9.2e-06 9.3e-06 9.4e-06 9.5e-06
 9.6e-06 9.7e-06],with taper span [3.0e-06 3.1e-06 3.2e-06 3.3e-06 3.4e-06 3.5e-06 3.6e-06 3.7e-06 3.8e-06
 3.9e-06 4.0e-06]
2025-10-08 20:41:29,291 - ERROR - in taper_width_colormap() error occured:'emepropagate cannot be used while in layout mode.'
2025-10-08 20:41:33,548 - INFO - Starting taper_width_colormap() 
 data_filename: taper_width_colormap_3600_9500nm 
 width_ridge: 9.5e-06, 
 mmi_length:7e-05,
 taper_width=3.6e-06,
 delta_y:0
2025-10-08 20:41:33,549 - INFO -  In taper_width_colormap() width_span [9.0e-06 9.1e-06 9.2e-06 9.3e-06 9.4e-06 9.5e-06 9.6e-06 9.7e-06 9.8e-06
 9.9e-06 1.0e-05],with taper span [3.1e-06 3.2e-06 3.3e-06 3.4e-06 3.5e-06 3.6e-06 3.7e-06 3.8e-06 3.9e-06
 4.0e-06 4.1e-06]
2025-10-08 20:41:38,000 - ERROR - in taper_width_colormap() error occured:'emepropagate cannot be used while in layout mode.'
2025-10-08 20:43:44,501 - INFO - Starting taper_width_colormap() 
 data_filename: taper_width_colormap_3500_9200nm 
 width_ridge: 9.2e-06, 
 mmi_length:7e-05,
 taper_width=3.5e-06,
 delta_y:0
2025-10-08 20:43:44,502 - INFO -  In taper_width_colormap() width_span [8.7e-06 8.8e-06 8.9e-06 9.0e-06 9.1e-06 9.2e-06 9.3e-06 9.4e-06 9.5e-06
 9.6e-06 9.7e-06],with taper span [3.0e-06 3.1e-06 3.2e-06 3.3e-06 3.4e-06 3.5e-06 3.6e-06 3.7e-06 3.8e-06
 3.9e-06 4.0e-06]
2025-10-08 20:49:39,228 - INFO - Propagated from  0.00011060000000000002 to 0.00014060000000000003
2025-10-08 20:51:17,211 - INFO - In taper_width_colormap obtained max_trans:0.4885547041985092,optimal_length: 0.00012560000000000002 for width_ridge9.2e-06
2025-10-08 21:00:37,403 - INFO - In taper_width_colormap obtained transmission_matrix with shape (11, 11)
2025-10-08 21:01:23,663 - INFO - Propagated from  0.00011060000000000002 to 0.00014060000000000003
2025-10-08 21:02:59,457 - INFO - In taper_width_colormap obtained max_trans:0.48707660818944276,optimal_length: 0.00012560000000000002 for width_ridge9.2e-06
2025-10-08 21:09:21,920 - ERROR - in taper_width_colormap() error occured:'emepropagate cannot be used while in layout mode.'
2025-10-08 21:09:26,812 - INFO - Starting taper_width_colormap() 
 data_filename: taper_width_colormap_3600_9500nm 
 width_ridge: 9.5e-06, 
 mmi_length:7e-05,
 taper_width=3.6e-06,
 delta_y:0
2025-10-08 21:09:26,813 - INFO -  In taper_width_colormap() width_span [9.0e-06 9.1e-06 9.2e-06 9.3e-06 9.4e-06 9.5e-06 9.6e-06 9.7e-06 9.8e-06
 9.9e-06 1.0e-05],with taper span [3.1e-06 3.2e-06 3.3e-06 3.4e-06 3.5e-06 3.6e-06 3.7e-06 3.8e-06 3.9e-06
 4.0e-06 4.1e-06]
2025-10-08 21:09:30,813 - ERROR - in taper_width_colormap() error occured:'emepropagate cannot be used while in layout mode.'
2025-10-09 22:22:45,112 - INFO - Starting taper_width_colormap() 
 data_filename: taper_width_colormap_3500_9200nm 
 width_ridge: 9.2e-06, 
 mmi_length:7e-05,
 taper_width=3.5e-06,
 delta_y:0
2025-10-09 22:22:45,115 - INFO -  In taper_width_colormap() width_span [8.7e-06 8.8e-06 8.9e-06 9.0e-06 9.1e-06 9.2e-06 9.3e-06 9.4e-06 9.5e-06
 9.6e-06 9.7e-06],with taper span [3.0e-06 3.1e-06 3.2e-06 3.3e-06 3.4e-06 3.5e-06 3.6e-06 3.7e-06 3.8e-06
 3.9e-06 4.0e-06]
2025-10-09 22:28:40,339 - INFO - Propagated from  0.00011060000000000002 to 0.00014060000000000003
2025-10-09 22:30:11,960 - INFO - In taper_width_colormap obtained max_trans:0.4885547041985069,optimal_length: 0.00012560000000000002 for width_ridge9.2e-06
2025-10-09 22:40:15,941 - INFO - In taper_width_colormap obtained transmission_matrix with shape (11, 11)
2025-10-09 22:41:05,550 - INFO - Propagated from  0.00011060000000000002 to 0.00014060000000000003
2025-10-09 22:42:45,786 - INFO - In taper_width_colormap obtained max_trans:0.48707660818944043,optimal_length: 0.00012560000000000002 for width_ridge9.2e-06
2025-10-09 22:52:23,607 - INFO - In taper_width_colormap obtained transmission_matrix with shape (11, 11)
2025-10-09 22:53:11,548 - INFO - Propagated from  0.00011060000000000002 to 0.00014060000000000003
2025-10-09 22:54:46,513 - INFO - In taper_width_colormap obtained max_trans:0.48175775232819074,optimal_length: 0.00012560000000000002 for width_ridge9.2e-06
2025-10-09 23:04:19,368 - INFO - In taper_width_colormap obtained transmission_matrix with shape (11, 11)
2025-10-09 23:05:07,430 - INFO - Propagated from  0.00011060000000000002 to 0.00014060000000000003
2025-10-09 23:06:48,630 - INFO - In taper_width_colormap obtained max_trans:0.48321157144507954,optimal_length: 0.0001254 for width_ridge9.2e-06
2025-10-09 23:16:39,736 - INFO - In taper_width_colormap obtained transmission_matrix with shape (11, 11)
2025-10-09 23:17:26,382 - INFO - Propagated from  0.00011060000000000002 to 0.00014060000000000003
2025-10-09 23:19:06,942 - INFO - In taper_width_colormap obtained max_trans:0.48268842956248975,optimal_length: 0.0001254 for width_ridge9.2e-06
2025-10-09 23:28:35,970 - INFO - In taper_width_colormap obtained transmission_matrix with shape (11, 11)
2025-10-09 23:29:23,526 - INFO - Propagated from  0.00011060000000000002 to 0.00014060000000000003
2025-10-09 23:31:02,299 - INFO - In taper_width_colormap obtained max_trans:0.4827974702090883,optimal_length: 0.00012560000000000002 for width_ridge9.2e-06
2025-10-09 23:40:28,665 - INFO - In taper_width_colormap obtained transmission_matrix with shape (11, 11)
2025-10-09 23:41:17,312 - INFO - Propagated from  0.00011060000000000002 to 0.00014060000000000003
2025-10-09 23:42:54,267 - INFO - In taper_width_colormap obtained max_trans:0.47707544559028703,optimal_length: 0.00012590000000000002 for width_ridge9.2e-06
2025-10-09 23:52:21,229 - INFO - In taper_width_colormap obtained transmission_matrix with shape (11, 11)
2025-10-09 23:53:07,993 - INFO - Propagated from  0.00011060000000000002 to 0.00014060000000000003
2025-10-09 23:54:44,328 - INFO - In taper_width_colormap obtained max_trans:0.47118261728168714,optimal_length: 0.0001254 for width_ridge9.2e-06
2025-10-10 00:04:14,518 - INFO - In taper_width_colormap obtained transmission_matrix with shape (11, 11)
2025-10-10 00:05:02,995 - INFO - Propagated from  0.00011060000000000002 to 0.00014060000000000003
2025-10-10 00:06:36,724 - INFO - In taper_width_colormap obtained max_trans:0.47645684436129554,optimal_length: 0.00012500000000000003 for width_ridge9.2e-06
2025-10-10 00:16:02,782 - INFO - In taper_width_colormap obtained transmission_matrix with shape (11, 11)
2025-10-10 00:16:49,572 - INFO - Propagated from  0.00011060000000000002 to 0.00014060000000000003
2025-10-10 00:18:27,548 - INFO - In taper_width_colormap obtained max_trans:0.4780958150576008,optimal_length: 0.0001253 for width_ridge9.2e-06
2025-10-10 00:27:50,873 - INFO - In taper_width_colormap obtained transmission_matrix with shape (11, 11)
2025-10-10 00:28:37,413 - INFO - Propagated from  0.00011060000000000002 to 0.00014060000000000003
2025-10-10 00:30:18,966 - INFO - In taper_width_colormap obtained max_trans:0.4778868352069599,optimal_length: 0.00012550000000000001 for width_ridge9.2e-06
2025-10-10 00:39:54,041 - INFO - In taper_width_colormap obtained transmission_matrix with shape (11, 11)
