2025-09-25 22:15:23,592 - INFO - Starting eme_solver_prep()s 
 width_ridge: 8.3e-06, 
 mmi_length:7e-05,
 taper_width=2.7e-06,
 delta_y:0
2025-09-25 22:19:24,554 - INFO - Starting eme_solver_prep()s 
 width_ridge: 8.3e-06, 
 mmi_length:7e-05,
 taper_width=2.7e-06,
 delta_y:0
2025-09-25 22:24:05,332 - INFO - In find_optimal_length: Optimal length : 6.54e-05 , with max transmission 0.4934442555527056
2025-09-25 22:24:05,441 - INFO - Starting eme_solver_prep()s 
 width_ridge: 8.3e-06, 
 mmi_length:7e-05,
 taper_width=2.2e-06,
 delta_y:0
2025-09-25 22:26:11,375 - INFO - Starting eme_solver_prep()s 
 width_ridge: 7.8e-06, 
 mmi_length:6.560000000000001e-05,
 taper_width=2.2e-06,
 delta_y:0
2025-09-25 22:26:44,928 - INFO - Starting eme_solver_prep()s 
 width_ridge: 7.9e-06, 
 mmi_length:6.560000000000001e-05,
 taper_width=2.2e-06,
 delta_y:0
2025-09-25 22:27:18,747 - INFO - Starting eme_solver_prep()s 
 width_ridge: 8e-06, 
 mmi_length:6.560000000000001e-05,
 taper_width=2.2e-06,
 delta_y:0
2025-09-25 22:27:52,544 - INFO - Starting eme_solver_prep()s 
 width_ridge: 8.1e-06, 
 mmi_length:6.560000000000001e-05,
 taper_width=2.2e-06,
 delta_y:0
2025-09-25 22:28:26,702 - INFO - Starting eme_solver_prep()s 
 width_ridge: 8.2e-06, 
 mmi_length:6.560000000000001e-05,
 taper_width=2.2e-06,
 delta_y:0
2025-09-25 22:29:00,958 - INFO - Starting eme_solver_prep()s 
 width_ridge: 8.3e-06, 
 mmi_length:6.560000000000001e-05,
 taper_width=2.2e-06,
 delta_y:0
2025-09-25 22:29:35,576 - INFO - Starting eme_solver_prep()s 
 width_ridge: 8.400000000000001e-06, 
 mmi_length:6.560000000000001e-05,
 taper_width=2.2e-06,
 delta_y:0
2025-09-25 22:30:09,888 - INFO - Starting eme_solver_prep()s 
 width_ridge: 8.5e-06, 
 mmi_length:6.560000000000001e-05,
 taper_width=2.2e-06,
 delta_y:0
2025-09-25 22:30:44,853 - INFO - Starting eme_solver_prep()s 
 width_ridge: 8.6e-06, 
 mmi_length:6.560000000000001e-05,
 taper_width=2.2e-06,
 delta_y:0
2025-09-25 22:31:20,197 - INFO - Starting eme_solver_prep()s 
 width_ridge: 8.7e-06, 
 mmi_length:6.560000000000001e-05,
 taper_width=2.2e-06,
 delta_y:0
2025-09-25 22:31:54,925 - INFO - Starting eme_solver_prep()s 
 width_ridge: 8.8e-06, 
 mmi_length:6.560000000000001e-05,
 taper_width=2.2e-06,
 delta_y:0
2025-09-25 22:32:30,823 - INFO - Starting eme_solver_prep()s 
 width_ridge: 8.3e-06, 
 mmi_length:6.560000000000001e-05,
 taper_width=2.3e-06,
 delta_y:0
2025-09-25 22:34:36,454 - INFO - Starting eme_solver_prep()s 
 width_ridge: 7.8e-06, 
 mmi_length:6.53e-05,
 taper_width=2.3e-06,
 delta_y:0
2025-09-25 22:35:09,985 - INFO - Starting eme_solver_prep()s 
 width_ridge: 7.9e-06, 
 mmi_length:6.53e-05,
 taper_width=2.3e-06,
 delta_y:0
2025-09-25 22:35:44,227 - INFO - Starting eme_solver_prep()s 
 width_ridge: 8e-06, 
 mmi_length:6.53e-05,
 taper_width=2.3e-06,
 delta_y:0
2025-09-25 22:36:17,305 - INFO - Starting eme_solver_prep()s 
 width_ridge: 8.1e-06, 
 mmi_length:6.53e-05,
 taper_width=2.3e-06,
 delta_y:0
2025-09-25 22:36:50,949 - INFO - Starting eme_solver_prep()s 
 width_ridge: 8.2e-06, 
 mmi_length:6.53e-05,
 taper_width=2.3e-06,
 delta_y:0
2025-09-25 22:37:25,058 - INFO - Starting eme_solver_prep()s 
 width_ridge: 8.3e-06, 
 mmi_length:6.53e-05,
 taper_width=2.3e-06,
 delta_y:0
2025-09-25 22:37:59,287 - INFO - Starting eme_solver_prep()s 
 width_ridge: 8.400000000000001e-06, 
 mmi_length:6.53e-05,
 taper_width=2.3e-06,
 delta_y:0
2025-09-25 22:38:34,404 - INFO - Starting eme_solver_prep()s 
 width_ridge: 8.5e-06, 
 mmi_length:6.53e-05,
 taper_width=2.3e-06,
 delta_y:0
2025-09-25 22:39:09,969 - INFO - Starting eme_solver_prep()s 
 width_ridge: 8.6e-06, 
 mmi_length:6.53e-05,
 taper_width=2.3e-06,
 delta_y:0
2025-09-25 22:39:44,911 - INFO - Starting eme_solver_prep()s 
 width_ridge: 8.7e-06, 
 mmi_length:6.53e-05,
 taper_width=2.3e-06,
 delta_y:0
2025-09-25 22:40:20,426 - INFO - Starting eme_solver_prep()s 
 width_ridge: 8.8e-06, 
 mmi_length:6.53e-05,
 taper_width=2.3e-06,
 delta_y:0
2025-09-25 22:40:56,689 - INFO - Starting eme_solver_prep()s 
 width_ridge: 8.3e-06, 
 mmi_length:6.53e-05,
 taper_width=2.4e-06,
 delta_y:0
2025-09-25 22:43:05,050 - INFO - Starting eme_solver_prep()s 
 width_ridge: 7.8e-06, 
 mmi_length:6.54e-05,
 taper_width=2.4e-06,
 delta_y:0
2025-09-25 22:43:38,116 - INFO - Starting eme_solver_prep()s 
 width_ridge: 7.9e-06, 
 mmi_length:6.54e-05,
 taper_width=2.4e-06,
 delta_y:0
2025-09-25 22:44:11,328 - INFO - Starting eme_solver_prep()s 
 width_ridge: 8e-06, 
 mmi_length:6.54e-05,
 taper_width=2.4e-06,
 delta_y:0
2025-09-25 22:44:44,635 - INFO - Starting eme_solver_prep()s 
 width_ridge: 8.1e-06, 
 mmi_length:6.54e-05,
 taper_width=2.4e-06,
 delta_y:0
2025-09-25 22:45:18,774 - INFO - Starting eme_solver_prep()s 
 width_ridge: 8.2e-06, 
 mmi_length:6.54e-05,
 taper_width=2.4e-06,
 delta_y:0
2025-09-25 22:45:53,116 - INFO - Starting eme_solver_prep()s 
 width_ridge: 8.3e-06, 
 mmi_length:6.54e-05,
 taper_width=2.4e-06,
 delta_y:0
2025-09-25 22:46:27,483 - INFO - Starting eme_solver_prep()s 
 width_ridge: 8.400000000000001e-06, 
 mmi_length:6.54e-05,
 taper_width=2.4e-06,
 delta_y:0
2025-09-25 22:47:02,377 - INFO - Starting eme_solver_prep()s 
 width_ridge: 8.5e-06, 
 mmi_length:6.54e-05,
 taper_width=2.4e-06,
 delta_y:0
2025-09-25 22:47:37,149 - INFO - Starting eme_solver_prep()s 
 width_ridge: 8.6e-06, 
 mmi_length:6.54e-05,
 taper_width=2.4e-06,
 delta_y:0
2025-09-25 22:48:12,623 - INFO - Starting eme_solver_prep()s 
 width_ridge: 8.7e-06, 
 mmi_length:6.54e-05,
 taper_width=2.4e-06,
 delta_y:0
2025-09-25 22:48:48,395 - INFO - Starting eme_solver_prep()s 
 width_ridge: 8.8e-06, 
 mmi_length:6.54e-05,
 taper_width=2.4e-06,
 delta_y:0
2025-09-25 22:49:23,367 - INFO - Starting eme_solver_prep()s 
 width_ridge: 8.3e-06, 
 mmi_length:6.54e-05,
 taper_width=2.4999999999999998e-06,
 delta_y:0
2025-09-25 22:51:32,681 - INFO - Starting eme_solver_prep()s 
 width_ridge: 7.8e-06, 
 mmi_length:6.560000000000001e-05,
 taper_width=2.4999999999999998e-06,
 delta_y:0
2025-09-25 22:52:06,054 - INFO - Starting eme_solver_prep()s 
 width_ridge: 7.9e-06, 
 mmi_length:6.560000000000001e-05,
 taper_width=2.4999999999999998e-06,
 delta_y:0
2025-09-25 22:52:39,061 - INFO - Starting eme_solver_prep()s 
 width_ridge: 8e-06, 
 mmi_length:6.560000000000001e-05,
 taper_width=2.4999999999999998e-06,
 delta_y:0
2025-09-25 22:53:12,554 - INFO - Starting eme_solver_prep()s 
 width_ridge: 8.1e-06, 
 mmi_length:6.560000000000001e-05,
 taper_width=2.4999999999999998e-06,
 delta_y:0
2025-09-25 22:53:45,927 - INFO - Starting eme_solver_prep()s 
 width_ridge: 8.2e-06, 
 mmi_length:6.560000000000001e-05,
 taper_width=2.4999999999999998e-06,
 delta_y:0
2025-09-25 22:54:19,323 - INFO - Starting eme_solver_prep()s 
 width_ridge: 8.3e-06, 
 mmi_length:6.560000000000001e-05,
 taper_width=2.4999999999999998e-06,
 delta_y:0
2025-09-25 22:54:53,722 - INFO - Starting eme_solver_prep()s 
 width_ridge: 8.400000000000001e-06, 
 mmi_length:6.560000000000001e-05,
 taper_width=2.4999999999999998e-06,
 delta_y:0
2025-09-25 22:55:29,766 - INFO - Starting eme_solver_prep()s 
 width_ridge: 8.5e-06, 
 mmi_length:6.560000000000001e-05,
 taper_width=2.4999999999999998e-06,
 delta_y:0
2025-09-25 22:56:07,381 - INFO - Starting eme_solver_prep()s 
 width_ridge: 8.6e-06, 
 mmi_length:6.560000000000001e-05,
 taper_width=2.4999999999999998e-06,
 delta_y:0
2025-09-25 22:56:19,098 - INFO - Starting eme_solver_prep()s 
 width_ridge: 7.499999999999999e-06, 
 mmi_length:0.000101,
 taper_width=3e-06,
 delta_y:0
2025-09-25 22:57:18,768 - INFO - Starting eme_solver_prep()s 
 width_ridge: 8.3e-06, 
 mmi_length:7e-05,
 taper_width=2.7e-06,
 delta_y:0
2025-09-25 23:02:07,473 - INFO - In find_optimal_length: Optimal length : 6.54e-05 , with max transmission 0.49344425555270666
2025-09-25 23:02:07,638 - INFO - Starting eme_solver_prep()s 
 width_ridge: 8.3e-06, 
 mmi_length:7e-05,
 taper_width=2.2e-06,
 delta_y:0
2025-09-25 23:04:16,230 - INFO - Starting eme_solver_prep()s 
 width_ridge: 7.8e-06, 
 mmi_length:6.560000000000001e-05,
 taper_width=2.2e-06,
 delta_y:0
2025-09-25 23:04:50,534 - INFO - Starting eme_solver_prep()s 
 width_ridge: 7.9e-06, 
 mmi_length:6.560000000000001e-05,
 taper_width=2.2e-06,
 delta_y:0
2025-09-25 23:05:23,652 - INFO - Starting eme_solver_prep()s 
 width_ridge: 8e-06, 
 mmi_length:6.560000000000001e-05,
 taper_width=2.2e-06,
 delta_y:0
2025-09-25 23:05:57,151 - INFO - Starting eme_solver_prep()s 
 width_ridge: 8.1e-06, 
 mmi_length:6.560000000000001e-05,
 taper_width=2.2e-06,
 delta_y:0
2025-09-25 23:06:31,242 - INFO - Starting eme_solver_prep()s 
 width_ridge: 8.2e-06, 
 mmi_length:6.560000000000001e-05,
 taper_width=2.2e-06,
 delta_y:0
2025-09-25 23:07:05,563 - INFO - Starting eme_solver_prep()s 
 width_ridge: 8.3e-06, 
 mmi_length:6.560000000000001e-05,
 taper_width=2.2e-06,
 delta_y:0
2025-09-25 23:07:39,788 - INFO - Starting eme_solver_prep()s 
 width_ridge: 8.400000000000001e-06, 
 mmi_length:6.560000000000001e-05,
 taper_width=2.2e-06,
 delta_y:0
2025-09-25 23:08:14,464 - INFO - Starting eme_solver_prep()s 
 width_ridge: 8.5e-06, 
 mmi_length:6.560000000000001e-05,
 taper_width=2.2e-06,
 delta_y:0
2025-09-25 23:08:52,282 - INFO - Starting eme_solver_prep()s 
 width_ridge: 8.6e-06, 
 mmi_length:6.560000000000001e-05,
 taper_width=2.2e-06,
 delta_y:0
2025-09-25 23:09:39,143 - INFO - Starting eme_solver_prep()s 
 width_ridge: 8.7e-06, 
 mmi_length:6.560000000000001e-05,
 taper_width=2.2e-06,
 delta_y:0
2025-09-25 23:10:20,018 - INFO - Starting eme_solver_prep()s 
 width_ridge: 8.8e-06, 
 mmi_length:6.560000000000001e-05,
 taper_width=2.2e-06,
 delta_y:0
2025-09-25 23:10:56,191 - INFO - Starting eme_solver_prep()s 
 width_ridge: 8.3e-06, 
 mmi_length:6.560000000000001e-05,
 taper_width=2.3e-06,
 delta_y:0
2025-09-25 23:13:03,353 - INFO - Starting eme_solver_prep()s 
 width_ridge: 7.8e-06, 
 mmi_length:6.53e-05,
 taper_width=2.3e-06,
 delta_y:0
2025-09-25 23:13:36,453 - INFO - Starting eme_solver_prep()s 
 width_ridge: 7.9e-06, 
 mmi_length:6.53e-05,
 taper_width=2.3e-06,
 delta_y:0
2025-09-25 23:14:10,770 - INFO - Starting eme_solver_prep()s 
 width_ridge: 8e-06, 
 mmi_length:6.53e-05,
 taper_width=2.3e-06,
 delta_y:0
2025-09-25 23:14:43,909 - INFO - Starting eme_solver_prep()s 
 width_ridge: 8.1e-06, 
 mmi_length:6.53e-05,
 taper_width=2.3e-06,
 delta_y:0
2025-09-25 23:15:17,702 - INFO - Starting eme_solver_prep()s 
 width_ridge: 8.2e-06, 
 mmi_length:6.53e-05,
 taper_width=2.3e-06,
 delta_y:0
2025-09-25 23:15:51,559 - INFO - Starting eme_solver_prep()s 
 width_ridge: 8.3e-06, 
 mmi_length:6.53e-05,
 taper_width=2.3e-06,
 delta_y:0
2025-09-25 23:16:25,887 - INFO - Starting eme_solver_prep()s 
 width_ridge: 8.400000000000001e-06, 
 mmi_length:6.53e-05,
 taper_width=2.3e-06,
 delta_y:0
2025-09-25 23:17:00,372 - INFO - Starting eme_solver_prep()s 
 width_ridge: 8.5e-06, 
 mmi_length:6.53e-05,
 taper_width=2.3e-06,
 delta_y:0
2025-09-25 23:17:35,106 - INFO - Starting eme_solver_prep()s 
 width_ridge: 8.6e-06, 
 mmi_length:6.53e-05,
 taper_width=2.3e-06,
 delta_y:0
2025-09-25 23:18:10,427 - INFO - Starting eme_solver_prep()s 
 width_ridge: 8.7e-06, 
 mmi_length:6.53e-05,
 taper_width=2.3e-06,
 delta_y:0
2025-09-25 23:18:45,614 - INFO - Starting eme_solver_prep()s 
 width_ridge: 8.8e-06, 
 mmi_length:6.53e-05,
 taper_width=2.3e-06,
 delta_y:0
2025-09-25 23:19:20,892 - INFO - Starting eme_solver_prep()s 
 width_ridge: 8.3e-06, 
 mmi_length:6.53e-05,
 taper_width=2.4e-06,
 delta_y:0
2025-09-25 23:21:29,072 - INFO - Starting eme_solver_prep()s 
 width_ridge: 7.8e-06, 
 mmi_length:6.54e-05,
 taper_width=2.4e-06,
 delta_y:0
2025-09-25 23:22:02,091 - INFO - Starting eme_solver_prep()s 
 width_ridge: 7.9e-06, 
 mmi_length:6.54e-05,
 taper_width=2.4e-06,
 delta_y:0
2025-09-25 23:22:36,194 - INFO - Starting eme_solver_prep()s 
 width_ridge: 8e-06, 
 mmi_length:6.54e-05,
 taper_width=2.4e-06,
 delta_y:0
2025-09-25 23:23:10,390 - INFO - Starting eme_solver_prep()s 
 width_ridge: 8.1e-06, 
 mmi_length:6.54e-05,
 taper_width=2.4e-06,
 delta_y:0
2025-09-25 23:23:44,869 - INFO - Starting eme_solver_prep()s 
 width_ridge: 8.2e-06, 
 mmi_length:6.54e-05,
 taper_width=2.4e-06,
 delta_y:0
2025-09-25 23:24:21,033 - INFO - Starting eme_solver_prep()s 
 width_ridge: 8.3e-06, 
 mmi_length:6.54e-05,
 taper_width=2.4e-06,
 delta_y:0
2025-09-25 23:24:55,413 - INFO - Starting eme_solver_prep()s 
 width_ridge: 8.400000000000001e-06, 
 mmi_length:6.54e-05,
 taper_width=2.4e-06,
 delta_y:0
2025-09-25 23:25:29,950 - INFO - Starting eme_solver_prep()s 
 width_ridge: 8.5e-06, 
 mmi_length:6.54e-05,
 taper_width=2.4e-06,
 delta_y:0
2025-09-25 23:26:05,792 - INFO - Starting eme_solver_prep()s 
 width_ridge: 8.6e-06, 
 mmi_length:6.54e-05,
 taper_width=2.4e-06,
 delta_y:0
2025-09-25 23:26:40,712 - INFO - Starting eme_solver_prep()s 
 width_ridge: 8.7e-06, 
 mmi_length:6.54e-05,
 taper_width=2.4e-06,
 delta_y:0
2025-09-25 23:27:16,234 - INFO - Starting eme_solver_prep()s 
 width_ridge: 8.8e-06, 
 mmi_length:6.54e-05,
 taper_width=2.4e-06,
 delta_y:0
2025-09-25 23:27:52,453 - INFO - Starting eme_solver_prep()s 
 width_ridge: 8.3e-06, 
 mmi_length:6.54e-05,
 taper_width=2.4999999999999998e-06,
 delta_y:0
2025-09-25 23:29:58,278 - INFO - Starting eme_solver_prep()s 
 width_ridge: 7.8e-06, 
 mmi_length:6.560000000000001e-05,
 taper_width=2.4999999999999998e-06,
 delta_y:0
2025-09-25 23:30:31,702 - INFO - Starting eme_solver_prep()s 
 width_ridge: 7.9e-06, 
 mmi_length:6.560000000000001e-05,
 taper_width=2.4999999999999998e-06,
 delta_y:0
2025-09-25 23:31:05,817 - INFO - Starting eme_solver_prep()s 
 width_ridge: 8e-06, 
 mmi_length:6.560000000000001e-05,
 taper_width=2.4999999999999998e-06,
 delta_y:0
2025-09-25 23:31:39,974 - INFO - Starting eme_solver_prep()s 
 width_ridge: 8.1e-06, 
 mmi_length:6.560000000000001e-05,
 taper_width=2.4999999999999998e-06,
 delta_y:0
2025-09-25 23:32:14,235 - INFO - Starting eme_solver_prep()s 
 width_ridge: 8.2e-06, 
 mmi_length:6.560000000000001e-05,
 taper_width=2.4999999999999998e-06,
 delta_y:0
2025-09-25 23:32:48,500 - INFO - Starting eme_solver_prep()s 
 width_ridge: 8.3e-06, 
 mmi_length:6.560000000000001e-05,
 taper_width=2.4999999999999998e-06,
 delta_y:0
2025-09-25 23:33:23,076 - INFO - Starting eme_solver_prep()s 
 width_ridge: 8.400000000000001e-06, 
 mmi_length:6.560000000000001e-05,
 taper_width=2.4999999999999998e-06,
 delta_y:0
2025-09-25 23:33:57,715 - INFO - Starting eme_solver_prep()s 
 width_ridge: 8.5e-06, 
 mmi_length:6.560000000000001e-05,
 taper_width=2.4999999999999998e-06,
 delta_y:0
2025-09-25 23:34:32,252 - INFO - Starting eme_solver_prep()s 
 width_ridge: 8.6e-06, 
 mmi_length:6.560000000000001e-05,
 taper_width=2.4999999999999998e-06,
 delta_y:0
2025-09-25 23:35:07,447 - INFO - Starting eme_solver_prep()s 
 width_ridge: 8.7e-06, 
 mmi_length:6.560000000000001e-05,
 taper_width=2.4999999999999998e-06,
 delta_y:0
2025-09-25 23:35:42,133 - INFO - Starting eme_solver_prep()s 
 width_ridge: 8.8e-06, 
 mmi_length:6.560000000000001e-05,
 taper_width=2.4999999999999998e-06,
 delta_y:0
2025-09-25 23:36:17,981 - INFO - Starting eme_solver_prep()s 
 width_ridge: 8.3e-06, 
 mmi_length:6.560000000000001e-05,
 taper_width=2.6e-06,
 delta_y:0
2025-09-25 23:38:23,626 - INFO - Starting eme_solver_prep()s 
 width_ridge: 7.8e-06, 
 mmi_length:6.54e-05,
 taper_width=2.6e-06,
 delta_y:0
2025-09-25 23:38:57,116 - INFO - Starting eme_solver_prep()s 
 width_ridge: 7.9e-06, 
 mmi_length:6.54e-05,
 taper_width=2.6e-06,
 delta_y:0
2025-09-25 23:39:32,150 - INFO - Starting eme_solver_prep()s 
 width_ridge: 8e-06, 
 mmi_length:6.54e-05,
 taper_width=2.6e-06,
 delta_y:0
2025-09-25 23:40:05,649 - INFO - Starting eme_solver_prep()s 
 width_ridge: 8.1e-06, 
 mmi_length:6.54e-05,
 taper_width=2.6e-06,
 delta_y:0
2025-09-25 23:40:39,811 - INFO - Starting eme_solver_prep()s 
 width_ridge: 8.2e-06, 
 mmi_length:6.54e-05,
 taper_width=2.6e-06,
 delta_y:0
2025-09-25 23:41:14,159 - INFO - Starting eme_solver_prep()s 
 width_ridge: 8.3e-06, 
 mmi_length:6.54e-05,
 taper_width=2.6e-06,
 delta_y:0
2025-09-25 23:41:48,560 - INFO - Starting eme_solver_prep()s 
 width_ridge: 8.400000000000001e-06, 
 mmi_length:6.54e-05,
 taper_width=2.6e-06,
 delta_y:0
2025-09-25 23:42:23,035 - INFO - Starting eme_solver_prep()s 
 width_ridge: 8.5e-06, 
 mmi_length:6.54e-05,
 taper_width=2.6e-06,
 delta_y:0
2025-09-25 23:42:58,870 - INFO - Starting eme_solver_prep()s 
 width_ridge: 8.6e-06, 
 mmi_length:6.54e-05,
 taper_width=2.6e-06,
 delta_y:0
2025-09-25 23:43:33,723 - INFO - Starting eme_solver_prep()s 
 width_ridge: 8.7e-06, 
 mmi_length:6.54e-05,
 taper_width=2.6e-06,
 delta_y:0
2025-09-25 23:44:11,402 - INFO - Starting eme_solver_prep()s 
 width_ridge: 8.8e-06, 
 mmi_length:6.54e-05,
 taper_width=2.6e-06,
 delta_y:0
2025-09-25 23:44:46,313 - INFO - Starting eme_solver_prep()s 
 width_ridge: 8.3e-06, 
 mmi_length:6.54e-05,
 taper_width=2.7e-06,
 delta_y:0
2025-09-25 23:46:51,797 - INFO - Starting eme_solver_prep()s 
 width_ridge: 7.8e-06, 
 mmi_length:6.54e-05,
 taper_width=2.7e-06,
 delta_y:0
2025-09-25 23:47:24,799 - INFO - Starting eme_solver_prep()s 
 width_ridge: 7.9e-06, 
 mmi_length:6.54e-05,
 taper_width=2.7e-06,
 delta_y:0
2025-09-25 23:47:57,869 - INFO - Starting eme_solver_prep()s 
 width_ridge: 8e-06, 
 mmi_length:6.54e-05,
 taper_width=2.7e-06,
 delta_y:0
2025-09-25 23:48:31,378 - INFO - Starting eme_solver_prep()s 
 width_ridge: 8.1e-06, 
 mmi_length:6.54e-05,
 taper_width=2.7e-06,
 delta_y:0
2025-09-25 23:49:05,542 - INFO - Starting eme_solver_prep()s 
 width_ridge: 8.2e-06, 
 mmi_length:6.54e-05,
 taper_width=2.7e-06,
 delta_y:0
2025-09-25 23:49:39,772 - INFO - Starting eme_solver_prep()s 
 width_ridge: 8.3e-06, 
 mmi_length:6.54e-05,
 taper_width=2.7e-06,
 delta_y:0
2025-09-25 23:50:14,305 - INFO - Starting eme_solver_prep()s 
 width_ridge: 8.400000000000001e-06, 
 mmi_length:6.54e-05,
 taper_width=2.7e-06,
 delta_y:0
2025-09-25 23:50:48,521 - INFO - Starting eme_solver_prep()s 
 width_ridge: 8.5e-06, 
 mmi_length:6.54e-05,
 taper_width=2.7e-06,
 delta_y:0
2025-09-25 23:51:23,422 - INFO - Starting eme_solver_prep()s 
 width_ridge: 8.6e-06, 
 mmi_length:6.54e-05,
 taper_width=2.7e-06,
 delta_y:0
2025-09-25 23:51:58,797 - INFO - Starting eme_solver_prep()s 
 width_ridge: 8.7e-06, 
 mmi_length:6.54e-05,
 taper_width=2.7e-06,
 delta_y:0
2025-09-25 23:52:33,461 - INFO - Starting eme_solver_prep()s 
 width_ridge: 8.8e-06, 
 mmi_length:6.54e-05,
 taper_width=2.7e-06,
 delta_y:0
2025-09-25 23:53:09,334 - INFO - Starting eme_solver_prep()s 
 width_ridge: 8.3e-06, 
 mmi_length:6.54e-05,
 taper_width=2.8e-06,
 delta_y:0
2025-09-25 23:55:15,796 - INFO - Starting eme_solver_prep()s 
 width_ridge: 7.8e-06, 
 mmi_length:6.52e-05,
 taper_width=2.8e-06,
 delta_y:0
2025-09-25 23:55:50,746 - INFO - Starting eme_solver_prep()s 
 width_ridge: 7.9e-06, 
 mmi_length:6.52e-05,
 taper_width=2.8e-06,
 delta_y:0
2025-09-25 23:56:25,114 - INFO - Starting eme_solver_prep()s 
 width_ridge: 8e-06, 
 mmi_length:6.52e-05,
 taper_width=2.8e-06,
 delta_y:0
2025-09-25 23:56:59,000 - INFO - Starting eme_solver_prep()s 
 width_ridge: 8.1e-06, 
 mmi_length:6.52e-05,
 taper_width=2.8e-06,
 delta_y:0
2025-09-25 23:57:33,083 - INFO - Starting eme_solver_prep()s 
 width_ridge: 8.2e-06, 
 mmi_length:6.52e-05,
 taper_width=2.8e-06,
 delta_y:0
2025-09-25 23:58:07,808 - INFO - Starting eme_solver_prep()s 
 width_ridge: 8.3e-06, 
 mmi_length:6.52e-05,
 taper_width=2.8e-06,
 delta_y:0
2025-09-25 23:58:41,707 - INFO - Starting eme_solver_prep()s 
 width_ridge: 8.400000000000001e-06, 
 mmi_length:6.52e-05,
 taper_width=2.8e-06,
 delta_y:0
2025-09-25 23:59:16,508 - INFO - Starting eme_solver_prep()s 
 width_ridge: 8.5e-06, 
 mmi_length:6.52e-05,
 taper_width=2.8e-06,
 delta_y:0
2025-09-25 23:59:51,146 - INFO - Starting eme_solver_prep()s 
 width_ridge: 8.6e-06, 
 mmi_length:6.52e-05,
 taper_width=2.8e-06,
 delta_y:0
2025-09-26 00:00:26,479 - INFO - Starting eme_solver_prep()s 
 width_ridge: 8.7e-06, 
 mmi_length:6.52e-05,
 taper_width=2.8e-06,
 delta_y:0
2025-09-26 00:01:01,393 - INFO - Starting eme_solver_prep()s 
 width_ridge: 8.8e-06, 
 mmi_length:6.52e-05,
 taper_width=2.8e-06,
 delta_y:0
2025-09-26 00:01:37,044 - INFO - Starting eme_solver_prep()s 
 width_ridge: 8.3e-06, 
 mmi_length:6.52e-05,
 taper_width=2.8999999999999998e-06,
 delta_y:0
2025-09-26 00:03:42,632 - INFO - Starting eme_solver_prep()s 
 width_ridge: 7.8e-06, 
 mmi_length:6.560000000000001e-05,
 taper_width=2.8999999999999998e-06,
 delta_y:0
2025-09-26 00:04:16,353 - INFO - Starting eme_solver_prep()s 
 width_ridge: 7.9e-06, 
 mmi_length:6.560000000000001e-05,
 taper_width=2.8999999999999998e-06,
 delta_y:0
2025-09-26 00:04:49,313 - INFO - Starting eme_solver_prep()s 
 width_ridge: 8e-06, 
 mmi_length:6.560000000000001e-05,
 taper_width=2.8999999999999998e-06,
 delta_y:0
2025-09-26 00:05:22,979 - INFO - Starting eme_solver_prep()s 
 width_ridge: 8.1e-06, 
 mmi_length:6.560000000000001e-05,
 taper_width=2.8999999999999998e-06,
 delta_y:0
2025-09-26 00:05:56,980 - INFO - Starting eme_solver_prep()s 
 width_ridge: 8.2e-06, 
 mmi_length:6.560000000000001e-05,
 taper_width=2.8999999999999998e-06,
 delta_y:0
2025-09-26 00:06:31,235 - INFO - Starting eme_solver_prep()s 
 width_ridge: 8.3e-06, 
 mmi_length:6.560000000000001e-05,
 taper_width=2.8999999999999998e-06,
 delta_y:0
2025-09-26 00:07:05,545 - INFO - Starting eme_solver_prep()s 
 width_ridge: 8.400000000000001e-06, 
 mmi_length:6.560000000000001e-05,
 taper_width=2.8999999999999998e-06,
 delta_y:0
2025-09-26 00:07:39,812 - INFO - Starting eme_solver_prep()s 
 width_ridge: 8.5e-06, 
 mmi_length:6.560000000000001e-05,
 taper_width=2.8999999999999998e-06,
 delta_y:0
2025-09-26 00:08:14,352 - INFO - Starting eme_solver_prep()s 
 width_ridge: 8.6e-06, 
 mmi_length:6.560000000000001e-05,
 taper_width=2.8999999999999998e-06,
 delta_y:0
2025-09-26 00:08:48,707 - INFO - Starting eme_solver_prep()s 
 width_ridge: 8.7e-06, 
 mmi_length:6.560000000000001e-05,
 taper_width=2.8999999999999998e-06,
 delta_y:0
2025-09-26 00:09:24,657 - INFO - Starting eme_solver_prep()s 
 width_ridge: 8.8e-06, 
 mmi_length:6.560000000000001e-05,
 taper_width=2.8999999999999998e-06,
 delta_y:0
2025-09-26 00:10:01,009 - INFO - Starting eme_solver_prep()s 
 width_ridge: 8.3e-06, 
 mmi_length:6.560000000000001e-05,
 taper_width=3e-06,
 delta_y:0
2025-09-26 00:12:13,759 - INFO - Starting eme_solver_prep()s 
 width_ridge: 7.8e-06, 
 mmi_length:6.53e-05,
 taper_width=3e-06,
 delta_y:0
2025-09-26 00:12:47,997 - INFO - Starting eme_solver_prep()s 
 width_ridge: 7.9e-06, 
 mmi_length:6.53e-05,
 taper_width=3e-06,
 delta_y:0
2025-09-26 00:13:22,320 - INFO - Starting eme_solver_prep()s 
 width_ridge: 8e-06, 
 mmi_length:6.53e-05,
 taper_width=3e-06,
 delta_y:0
2025-09-26 00:13:55,433 - INFO - Starting eme_solver_prep()s 
 width_ridge: 8.1e-06, 
 mmi_length:6.53e-05,
 taper_width=3e-06,
 delta_y:0
2025-09-26 00:14:29,137 - INFO - Starting eme_solver_prep()s 
 width_ridge: 8.2e-06, 
 mmi_length:6.53e-05,
 taper_width=3e-06,
 delta_y:0
2025-09-26 00:15:03,757 - INFO - Starting eme_solver_prep()s 
 width_ridge: 8.3e-06, 
 mmi_length:6.53e-05,
 taper_width=3e-06,
 delta_y:0
2025-09-26 00:15:37,971 - INFO - Starting eme_solver_prep()s 
 width_ridge: 8.400000000000001e-06, 
 mmi_length:6.53e-05,
 taper_width=3e-06,
 delta_y:0
2025-09-26 00:16:13,592 - INFO - Starting eme_solver_prep()s 
 width_ridge: 8.5e-06, 
 mmi_length:6.53e-05,
 taper_width=3e-06,
 delta_y:0
2025-09-26 00:16:48,549 - INFO - Starting eme_solver_prep()s 
 width_ridge: 8.6e-06, 
 mmi_length:6.53e-05,
 taper_width=3e-06,
 delta_y:0
2025-09-26 00:17:24,004 - INFO - Starting eme_solver_prep()s 
 width_ridge: 8.7e-06, 
 mmi_length:6.53e-05,
 taper_width=3e-06,
 delta_y:0
2025-09-26 00:17:58,599 - INFO - Starting eme_solver_prep()s 
 width_ridge: 8.8e-06, 
 mmi_length:6.53e-05,
 taper_width=3e-06,
 delta_y:0
2025-09-26 00:18:34,526 - INFO - Starting eme_solver_prep()s 
 width_ridge: 8.3e-06, 
 mmi_length:6.53e-05,
 taper_width=3.1e-06,
 delta_y:0
2025-09-26 00:20:40,534 - INFO - Starting eme_solver_prep()s 
 width_ridge: 7.8e-06, 
 mmi_length:6.53e-05,
 taper_width=3.1e-06,
 delta_y:0
2025-09-26 00:21:13,571 - INFO - Starting eme_solver_prep()s 
 width_ridge: 7.9e-06, 
 mmi_length:6.53e-05,
 taper_width=3.1e-06,
 delta_y:0
2025-09-26 00:21:47,843 - INFO - Starting eme_solver_prep()s 
 width_ridge: 8e-06, 
 mmi_length:6.53e-05,
 taper_width=3.1e-06,
 delta_y:0
2025-09-26 00:22:21,265 - INFO - Starting eme_solver_prep()s 
 width_ridge: 8.1e-06, 
 mmi_length:6.53e-05,
 taper_width=3.1e-06,
 delta_y:0
2025-09-26 00:22:54,495 - INFO - Starting eme_solver_prep()s 
 width_ridge: 8.2e-06, 
 mmi_length:6.53e-05,
 taper_width=3.1e-06,
 delta_y:0
2025-09-26 00:23:28,450 - INFO - Starting eme_solver_prep()s 
 width_ridge: 8.3e-06, 
 mmi_length:6.53e-05,
 taper_width=3.1e-06,
 delta_y:0
2025-09-26 00:24:02,781 - INFO - Starting eme_solver_prep()s 
 width_ridge: 8.400000000000001e-06, 
 mmi_length:6.53e-05,
 taper_width=3.1e-06,
 delta_y:0
2025-09-26 00:24:37,349 - INFO - Starting eme_solver_prep()s 
 width_ridge: 8.5e-06, 
 mmi_length:6.53e-05,
 taper_width=3.1e-06,
 delta_y:0
2025-09-26 00:25:11,922 - INFO - Starting eme_solver_prep()s 
 width_ridge: 8.6e-06, 
 mmi_length:6.53e-05,
 taper_width=3.1e-06,
 delta_y:0
2025-09-26 00:25:46,538 - INFO - Starting eme_solver_prep()s 
 width_ridge: 8.7e-06, 
 mmi_length:6.53e-05,
 taper_width=3.1e-06,
 delta_y:0
2025-09-26 00:26:21,882 - INFO - Starting eme_solver_prep()s 
 width_ridge: 8.8e-06, 
 mmi_length:6.53e-05,
 taper_width=3.1e-06,
 delta_y:0
2025-09-26 00:26:56,909 - INFO - Starting eme_solver_prep()s 
 width_ridge: 8.3e-06, 
 mmi_length:6.53e-05,
 taper_width=3.2e-06,
 delta_y:0
2025-09-26 00:29:02,686 - INFO - Starting eme_solver_prep()s 
 width_ridge: 7.8e-06, 
 mmi_length:6.48e-05,
 taper_width=3.2e-06,
 delta_y:0
2025-09-26 00:29:36,170 - INFO - Starting eme_solver_prep()s 
 width_ridge: 7.9e-06, 
 mmi_length:6.48e-05,
 taper_width=3.2e-06,
 delta_y:0
2025-09-26 00:30:09,459 - INFO - Starting eme_solver_prep()s 
 width_ridge: 8e-06, 
 mmi_length:6.48e-05,
 taper_width=3.2e-06,
 delta_y:0
2025-09-26 00:30:43,705 - INFO - Starting eme_solver_prep()s 
 width_ridge: 8.1e-06, 
 mmi_length:6.48e-05,
 taper_width=3.2e-06,
 delta_y:0
2025-09-26 00:31:17,930 - INFO - Starting eme_solver_prep()s 
 width_ridge: 8.2e-06, 
 mmi_length:6.48e-05,
 taper_width=3.2e-06,
 delta_y:0
2025-09-26 00:31:52,197 - INFO - Starting eme_solver_prep()s 
 width_ridge: 8.3e-06, 
 mmi_length:6.48e-05,
 taper_width=3.2e-06,
 delta_y:0
2025-09-26 00:32:27,355 - INFO - Starting eme_solver_prep()s 
 width_ridge: 8.400000000000001e-06, 
 mmi_length:6.48e-05,
 taper_width=3.2e-06,
 delta_y:0
2025-09-26 00:33:01,744 - INFO - Starting eme_solver_prep()s 
 width_ridge: 8.5e-06, 
 mmi_length:6.48e-05,
 taper_width=3.2e-06,
 delta_y:0
2025-09-26 00:33:36,997 - INFO - Starting eme_solver_prep()s 
 width_ridge: 8.6e-06, 
 mmi_length:6.48e-05,
 taper_width=3.2e-06,
 delta_y:0
2025-09-26 00:34:11,307 - INFO - Starting eme_solver_prep()s 
 width_ridge: 8.7e-06, 
 mmi_length:6.48e-05,
 taper_width=3.2e-06,
 delta_y:0
2025-09-26 00:34:46,166 - INFO - Starting eme_solver_prep()s 
 width_ridge: 8.8e-06, 
 mmi_length:6.48e-05,
 taper_width=3.2e-06,
 delta_y:0
2025-09-26 00:35:28,763 - INFO - Starting eme_solver_prep()s 
 width_ridge: 7.499999999999999e-06, 
 mmi_length:0.000101,
 taper_width=3e-06,
 delta_y:0
2025-09-26 00:40:37,259 - INFO - Starting eme_solver_prep()s 
 width_ridge: 7.599999999999999e-06, 
 mmi_length:0.000101,
 taper_width=3e-06,
 delta_y:0
2025-09-26 00:45:38,824 - INFO - Starting eme_solver_prep()s 
 width_ridge: 7.699999999999999e-06, 
 mmi_length:0.000101,
 taper_width=3e-06,
 delta_y:0
2025-09-26 00:50:35,316 - INFO - Starting eme_solver_prep()s 
 width_ridge: 7.8e-06, 
 mmi_length:0.000101,
 taper_width=3e-06,
 delta_y:0
2025-09-26 00:55:52,929 - INFO - Starting eme_solver_prep()s 
 width_ridge: 7.9e-06, 
 mmi_length:0.000101,
 taper_width=3e-06,
 delta_y:0
2025-09-26 01:01:09,126 - INFO - Starting eme_solver_prep()s 
 width_ridge: 8e-06, 
 mmi_length:0.000101,
 taper_width=3e-06,
 delta_y:0
2025-09-26 01:06:22,587 - INFO - Starting eme_solver_prep()s 
 width_ridge: 8.099999999999999e-06, 
 mmi_length:0.000101,
 taper_width=3e-06,
 delta_y:0
2025-09-26 01:11:21,435 - INFO - Starting eme_solver_prep()s 
 width_ridge: 8.2e-06, 
 mmi_length:0.000101,
 taper_width=3e-06,
 delta_y:0
2025-09-26 01:16:34,502 - INFO - Starting eme_solver_prep()s 
 width_ridge: 8.3e-06, 
 mmi_length:0.000101,
 taper_width=3e-06,
 delta_y:0
2025-09-26 01:22:03,150 - INFO - Starting eme_solver_prep()s 
 width_ridge: 8.4e-06, 
 mmi_length:0.000101,
 taper_width=3e-06,
 delta_y:0
2025-09-26 01:27:13,121 - INFO - Starting eme_solver_prep()s 
 width_ridge: 8.5e-06, 
 mmi_length:0.000101,
 taper_width=3e-06,
 delta_y:0
2025-09-26 01:32:18,045 - INFO - Starting eme_solver_prep()s 
 width_ridge: 8.599999999999999e-06, 
 mmi_length:0.000101,
 taper_width=3e-06,
 delta_y:0
2025-09-26 01:37:50,380 - INFO - Starting eme_solver_prep()s 
 width_ridge: 8.7e-06, 
 mmi_length:0.000101,
 taper_width=3e-06,
 delta_y:0
2025-09-26 01:42:52,182 - INFO - Starting eme_solver_prep()s 
 width_ridge: 8.8e-06, 
 mmi_length:0.000101,
 taper_width=3e-06,
 delta_y:0
2025-09-26 01:48:34,468 - INFO - Starting eme_solver_prep()s 
 width_ridge: 8.9e-06, 
 mmi_length:0.000101,
 taper_width=3e-06,
 delta_y:0
2025-09-26 01:53:52,028 - INFO - Starting eme_solver_prep()s 
 width_ridge: 9e-06, 
 mmi_length:0.000101,
 taper_width=3e-06,
 delta_y:0
2025-09-26 01:59:25,774 - INFO - Starting eme_solver_prep()s 
 width_ridge: 9.1e-06, 
 mmi_length:0.000101,
 taper_width=3e-06,
 delta_y:0
2025-09-26 02:04:53,409 - INFO - Starting eme_solver_prep()s 
 width_ridge: 9.199999999999998e-06, 
 mmi_length:0.000101,
 taper_width=3e-06,
 delta_y:0
2025-09-26 02:10:00,184 - INFO - Starting eme_solver_prep()s 
 width_ridge: 9.3e-06, 
 mmi_length:0.000101,
 taper_width=3e-06,
 delta_y:0
2025-09-26 02:15:25,973 - INFO - Starting eme_solver_prep()s 
 width_ridge: 9.4e-06, 
 mmi_length:0.000101,
 taper_width=3e-06,
 delta_y:0
2025-09-26 02:20:29,628 - INFO - Starting eme_solver_prep()s 
 width_ridge: 9.499999999999999e-06, 
 mmi_length:0.000101,
 taper_width=3e-06,
 delta_y:0
2025-09-26 02:25:41,187 - INFO - Starting eme_solver_prep()s 
 width_ridge: 9.6e-06, 
 mmi_length:0.000101,
 taper_width=3e-06,
 delta_y:0
2025-09-26 02:31:15,769 - INFO - Starting eme_solver_prep()s 
 width_ridge: 9.699999999999999e-06, 
 mmi_length:0.000101,
 taper_width=3e-06,
 delta_y:0
2025-09-26 02:36:36,395 - INFO - Starting eme_solver_prep()s 
 width_ridge: 9.800000000000001e-06, 
 mmi_length:0.000101,
 taper_width=3e-06,
 delta_y:0
2025-09-26 02:41:59,144 - INFO - Starting eme_solver_prep()s 
 width_ridge: 9.9e-06, 
 mmi_length:0.000101,
 taper_width=3e-06,
 delta_y:0
2025-09-26 02:47:22,241 - INFO - Starting eme_solver_prep()s 
 width_ridge: 9.999999999999999e-06, 
 mmi_length:0.000101,
 taper_width=3e-06,
 delta_y:0
2025-09-26 02:52:37,946 - INFO - Starting eme_solver_prep()s 
 width_ridge: 1.01e-05, 
 mmi_length:0.000101,
 taper_width=3e-06,
 delta_y:0
2025-09-26 02:57:54,279 - INFO - Starting eme_solver_prep()s 
 width_ridge: 1.0199999999999999e-05, 
 mmi_length:0.000101,
 taper_width=3e-06,
 delta_y:0
2025-09-26 03:03:23,229 - INFO - Starting eme_solver_prep()s 
 width_ridge: 1.03e-05, 
 mmi_length:0.000101,
 taper_width=3e-06,
 delta_y:0
2025-09-26 03:08:48,428 - INFO - Starting eme_solver_prep()s 
 width_ridge: 1.04e-05, 
 mmi_length:0.000101,
 taper_width=3e-06,
 delta_y:0
2025-09-26 03:14:13,936 - INFO - Starting eme_solver_prep()s 
 width_ridge: 1.05e-05, 
 mmi_length:0.000101,
 taper_width=3e-06,
 delta_y:0
2025-10-07 09:15:28,699 - INFO - Starting eme_solver_prep()s 
 width_ridge: 1.1e-05, 
 mmi_length:7e-05,
 taper_width=4.4e-06,
 delta_y:0
2025-10-07 09:20:23,247 - INFO - In find_optimal_length: Optimal length : 0.00010529999999999998 , with max transmission 0.4729399132590272
2025-10-07 09:20:23,363 - INFO - Starting eme_solver_prep()s 
 width_ridge: 1.1e-05, 
 mmi_length:7e-05,
 taper_width=3.9e-06,
 delta_y:0
2025-10-07 09:22:03,913 - INFO - Starting eme_solver_prep()s 
 width_ridge: 1.05e-05, 
 mmi_length:0.00011449999999999999,
 taper_width=3.9e-06,
 delta_y:0
2025-10-07 09:22:41,359 - INFO - Starting eme_solver_prep()s 
 width_ridge: 1.06e-05, 
 mmi_length:0.00011449999999999999,
 taper_width=3.9e-06,
 delta_y:0
2025-10-07 09:23:19,727 - INFO - Starting eme_solver_prep()s 
 width_ridge: 1.07e-05, 
 mmi_length:0.00011449999999999999,
 taper_width=3.9e-06,
 delta_y:0
2025-10-07 09:23:58,190 - INFO - Starting eme_solver_prep()s 
 width_ridge: 1.08e-05, 
 mmi_length:0.00011449999999999999,
 taper_width=3.9e-06,
 delta_y:0
2025-10-07 09:24:36,632 - INFO - Starting eme_solver_prep()s 
 width_ridge: 1.0899999999999999e-05, 
 mmi_length:0.00011449999999999999,
 taper_width=3.9e-06,
 delta_y:0
2025-10-07 09:25:16,026 - INFO - Starting eme_solver_prep()s 
 width_ridge: 1.1e-05, 
 mmi_length:0.00011449999999999999,
 taper_width=3.9e-06,
 delta_y:0
2025-10-07 09:25:54,246 - INFO - Starting eme_solver_prep()s 
 width_ridge: 1.11e-05, 
 mmi_length:0.00011449999999999999,
 taper_width=3.9e-06,
 delta_y:0
2025-10-07 09:26:32,646 - INFO - Starting eme_solver_prep()s 
 width_ridge: 1.12e-05, 
 mmi_length:0.00011449999999999999,
 taper_width=3.9e-06,
 delta_y:0
2025-10-07 09:27:12,020 - INFO - Starting eme_solver_prep()s 
 width_ridge: 1.13e-05, 
 mmi_length:0.00011449999999999999,
 taper_width=3.9e-06,
 delta_y:0
2025-10-07 09:27:51,586 - INFO - Starting eme_solver_prep()s 
 width_ridge: 1.14e-05, 
 mmi_length:0.00011449999999999999,
 taper_width=3.9e-06,
 delta_y:0
2025-10-07 09:28:31,545 - INFO - Starting eme_solver_prep()s 
 width_ridge: 1.15e-05, 
 mmi_length:0.00011449999999999999,
 taper_width=3.9e-06,
 delta_y:0
2025-10-07 09:29:13,863 - INFO - Starting eme_solver_prep()s 
 width_ridge: 1.1e-05, 
 mmi_length:0.00011449999999999999,
 taper_width=4e-06,
 delta_y:0
2025-10-07 09:30:58,940 - INFO - Starting eme_solver_prep()s 
 width_ridge: 1.05e-05, 
 mmi_length:0.00011439999999999999,
 taper_width=4e-06,
 delta_y:0
2025-10-07 09:31:36,965 - INFO - Starting eme_solver_prep()s 
 width_ridge: 1.06e-05, 
 mmi_length:0.00011439999999999999,
 taper_width=4e-06,
 delta_y:0
2025-10-07 09:32:17,663 - INFO - Starting eme_solver_prep()s 
 width_ridge: 1.07e-05, 
 mmi_length:0.00011439999999999999,
 taper_width=4e-06,
 delta_y:0
2025-10-07 09:32:55,625 - INFO - Starting eme_solver_prep()s 
 width_ridge: 1.08e-05, 
 mmi_length:0.00011439999999999999,
 taper_width=4e-06,
 delta_y:0
2025-10-07 09:33:33,849 - INFO - Starting eme_solver_prep()s 
 width_ridge: 1.0899999999999999e-05, 
 mmi_length:0.00011439999999999999,
 taper_width=4e-06,
 delta_y:0
2025-10-07 09:34:12,285 - INFO - Starting eme_solver_prep()s 
 width_ridge: 1.1e-05, 
 mmi_length:0.00011439999999999999,
 taper_width=4e-06,
 delta_y:0
2025-10-07 09:34:51,173 - INFO - Starting eme_solver_prep()s 
 width_ridge: 1.11e-05, 
 mmi_length:0.00011439999999999999,
 taper_width=4e-06,
 delta_y:0
2025-10-07 09:35:29,793 - INFO - Starting eme_solver_prep()s 
 width_ridge: 1.12e-05, 
 mmi_length:0.00011439999999999999,
 taper_width=4e-06,
 delta_y:0
2025-10-07 09:36:09,785 - INFO - Starting eme_solver_prep()s 
 width_ridge: 1.13e-05, 
 mmi_length:0.00011439999999999999,
 taper_width=4e-06,
 delta_y:0
2025-10-07 09:36:50,168 - INFO - Starting eme_solver_prep()s 
 width_ridge: 1.14e-05, 
 mmi_length:0.00011439999999999999,
 taper_width=4e-06,
 delta_y:0
2025-10-07 09:37:29,883 - INFO - Starting eme_solver_prep()s 
 width_ridge: 1.15e-05, 
 mmi_length:0.00011439999999999999,
 taper_width=4e-06,
 delta_y:0
2025-10-07 09:38:10,114 - INFO - Starting eme_solver_prep()s 
 width_ridge: 1.1e-05, 
 mmi_length:0.00011439999999999999,
 taper_width=4.1e-06,
 delta_y:0
2025-10-07 09:39:49,527 - INFO - Starting eme_solver_prep()s 
 width_ridge: 1.05e-05, 
 mmi_length:0.00011459999999999998,
 taper_width=4.1e-06,
 delta_y:0
2025-10-07 09:40:28,066 - INFO - Starting eme_solver_prep()s 
 width_ridge: 1.06e-05, 
 mmi_length:0.00011459999999999998,
 taper_width=4.1e-06,
 delta_y:0
2025-10-07 09:41:05,886 - INFO - Starting eme_solver_prep()s 
 width_ridge: 1.07e-05, 
 mmi_length:0.00011459999999999998,
 taper_width=4.1e-06,
 delta_y:0
2025-10-07 09:41:45,731 - INFO - Starting eme_solver_prep()s 
 width_ridge: 1.08e-05, 
 mmi_length:0.00011459999999999998,
 taper_width=4.1e-06,
 delta_y:0
2025-10-07 09:42:24,227 - INFO - Starting eme_solver_prep()s 
 width_ridge: 1.0899999999999999e-05, 
 mmi_length:0.00011459999999999998,
 taper_width=4.1e-06,
 delta_y:0
2025-10-07 09:43:02,710 - INFO - Starting eme_solver_prep()s 
 width_ridge: 1.1e-05, 
 mmi_length:0.00011459999999999998,
 taper_width=4.1e-06,
 delta_y:0
2025-10-07 09:43:42,870 - INFO - Starting eme_solver_prep()s 
 width_ridge: 1.11e-05, 
 mmi_length:0.00011459999999999998,
 taper_width=4.1e-06,
 delta_y:0
2025-10-07 09:44:21,501 - INFO - Starting eme_solver_prep()s 
 width_ridge: 1.12e-05, 
 mmi_length:0.00011459999999999998,
 taper_width=4.1e-06,
 delta_y:0
2025-10-07 09:45:03,797 - INFO - Starting eme_solver_prep()s 
 width_ridge: 1.13e-05, 
 mmi_length:0.00011459999999999998,
 taper_width=4.1e-06,
 delta_y:0
2025-10-07 09:45:44,119 - INFO - Starting eme_solver_prep()s 
 width_ridge: 1.14e-05, 
 mmi_length:0.00011459999999999998,
 taper_width=4.1e-06,
 delta_y:0
2025-10-07 09:46:23,250 - INFO - Starting eme_solver_prep()s 
 width_ridge: 1.15e-05, 
 mmi_length:0.00011459999999999998,
 taper_width=4.1e-06,
 delta_y:0
2025-10-07 09:47:06,067 - INFO - Starting eme_solver_prep()s 
 width_ridge: 1.1e-05, 
 mmi_length:0.00011459999999999998,
 taper_width=4.2000000000000004e-06,
 delta_y:0
2025-10-07 09:48:46,671 - INFO - Starting eme_solver_prep()s 
 width_ridge: 1.05e-05, 
 mmi_length:0.00011459999999999998,
 taper_width=4.2000000000000004e-06,
 delta_y:0
2025-10-07 09:49:26,498 - INFO - Starting eme_solver_prep()s 
 width_ridge: 1.06e-05, 
 mmi_length:0.00011459999999999998,
 taper_width=4.2000000000000004e-06,
 delta_y:0
2025-10-07 09:50:06,070 - INFO - Starting eme_solver_prep()s 
 width_ridge: 1.07e-05, 
 mmi_length:0.00011459999999999998,
 taper_width=4.2000000000000004e-06,
 delta_y:0
2025-10-07 09:50:44,379 - INFO - Starting eme_solver_prep()s 
 width_ridge: 1.08e-05, 
 mmi_length:0.00011459999999999998,
 taper_width=4.2000000000000004e-06,
 delta_y:0
2025-10-07 09:51:23,520 - INFO - Starting eme_solver_prep()s 
 width_ridge: 1.0899999999999999e-05, 
 mmi_length:0.00011459999999999998,
 taper_width=4.2000000000000004e-06,
 delta_y:0
2025-10-07 09:52:03,788 - INFO - Starting eme_solver_prep()s 
 width_ridge: 1.1e-05, 
 mmi_length:0.00011459999999999998,
 taper_width=4.2000000000000004e-06,
 delta_y:0
2025-10-07 09:52:51,859 - INFO - Starting eme_solver_prep()s 
 width_ridge: 1.11e-05, 
 mmi_length:0.00011459999999999998,
 taper_width=4.2000000000000004e-06,
 delta_y:0
2025-10-07 09:53:32,493 - INFO - Starting eme_solver_prep()s 
 width_ridge: 1.12e-05, 
 mmi_length:0.00011459999999999998,
 taper_width=4.2000000000000004e-06,
 delta_y:0
2025-10-07 09:54:11,970 - INFO - Starting eme_solver_prep()s 
 width_ridge: 1.13e-05, 
 mmi_length:0.00011459999999999998,
 taper_width=4.2000000000000004e-06,
 delta_y:0
2025-10-07 09:54:50,811 - INFO - Starting eme_solver_prep()s 
 width_ridge: 1.14e-05, 
 mmi_length:0.00011459999999999998,
 taper_width=4.2000000000000004e-06,
 delta_y:0
2025-10-07 09:55:30,457 - INFO - Starting eme_solver_prep()s 
 width_ridge: 1.15e-05, 
 mmi_length:0.00011459999999999998,
 taper_width=4.2000000000000004e-06,
 delta_y:0
2025-10-07 09:56:10,743 - INFO - Starting eme_solver_prep()s 
 width_ridge: 1.1e-05, 
 mmi_length:0.00011459999999999998,
 taper_width=4.3e-06,
 delta_y:0
2025-10-07 09:57:50,871 - INFO - Starting eme_solver_prep()s 
 width_ridge: 1.05e-05, 
 mmi_length:0.00011409999999999998,
 taper_width=4.3e-06,
 delta_y:0
2025-10-07 09:58:28,028 - INFO - Starting eme_solver_prep()s 
 width_ridge: 1.06e-05, 
 mmi_length:0.00011409999999999998,
 taper_width=4.3e-06,
 delta_y:0
2025-10-07 09:59:06,032 - INFO - Starting eme_solver_prep()s 
 width_ridge: 1.07e-05, 
 mmi_length:0.00011409999999999998,
 taper_width=4.3e-06,
 delta_y:0
2025-10-07 09:59:44,283 - INFO - Starting eme_solver_prep()s 
 width_ridge: 1.08e-05, 
 mmi_length:0.00011409999999999998,
 taper_width=4.3e-06,
 delta_y:0
2025-10-07 10:00:24,465 - INFO - Starting eme_solver_prep()s 
 width_ridge: 1.0899999999999999e-05, 
 mmi_length:0.00011409999999999998,
 taper_width=4.3e-06,
 delta_y:0
2025-10-07 10:01:03,132 - INFO - Starting eme_solver_prep()s 
 width_ridge: 1.1e-05, 
 mmi_length:0.00011409999999999998,
 taper_width=4.3e-06,
 delta_y:0
2025-10-07 10:01:42,029 - INFO - Starting eme_solver_prep()s 
 width_ridge: 1.11e-05, 
 mmi_length:0.00011409999999999998,
 taper_width=4.3e-06,
 delta_y:0
2025-10-07 10:02:21,362 - INFO - Starting eme_solver_prep()s 
 width_ridge: 1.12e-05, 
 mmi_length:0.00011409999999999998,
 taper_width=4.3e-06,
 delta_y:0
2025-10-07 10:03:01,668 - INFO - Starting eme_solver_prep()s 
 width_ridge: 1.13e-05, 
 mmi_length:0.00011409999999999998,
 taper_width=4.3e-06,
 delta_y:0
2025-10-07 10:03:40,784 - INFO - Starting eme_solver_prep()s 
 width_ridge: 1.14e-05, 
 mmi_length:0.00011409999999999998,
 taper_width=4.3e-06,
 delta_y:0
2025-10-07 10:04:20,131 - INFO - Starting eme_solver_prep()s 
 width_ridge: 1.15e-05, 
 mmi_length:0.00011409999999999998,
 taper_width=4.3e-06,
 delta_y:0
2025-10-07 10:05:00,497 - INFO - Starting eme_solver_prep()s 
 width_ridge: 1.1e-05, 
 mmi_length:0.00011409999999999998,
 taper_width=4.4e-06,
 delta_y:0
2025-10-07 10:06:40,540 - INFO - Starting eme_solver_prep()s 
 width_ridge: 1.05e-05, 
 mmi_length:0.00010529999999999998,
 taper_width=4.4e-06,
 delta_y:0
2025-10-07 10:07:19,296 - INFO - Starting eme_solver_prep()s 
 width_ridge: 1.06e-05, 
 mmi_length:0.00010529999999999998,
 taper_width=4.4e-06,
 delta_y:0
2025-10-07 10:07:57,744 - INFO - Starting eme_solver_prep()s 
 width_ridge: 1.07e-05, 
 mmi_length:0.00010529999999999998,
 taper_width=4.4e-06,
 delta_y:0
2025-10-07 10:08:35,835 - INFO - Starting eme_solver_prep()s 
 width_ridge: 1.08e-05, 
 mmi_length:0.00010529999999999998,
 taper_width=4.4e-06,
 delta_y:0
2025-10-07 10:09:14,071 - INFO - Starting eme_solver_prep()s 
 width_ridge: 1.0899999999999999e-05, 
 mmi_length:0.00010529999999999998,
 taper_width=4.4e-06,
 delta_y:0
2025-10-07 10:09:52,792 - INFO - Starting eme_solver_prep()s 
 width_ridge: 1.1e-05, 
 mmi_length:0.00010529999999999998,
 taper_width=4.4e-06,
 delta_y:0
2025-10-07 10:10:31,134 - INFO - Starting eme_solver_prep()s 
 width_ridge: 1.11e-05, 
 mmi_length:0.00010529999999999998,
 taper_width=4.4e-06,
 delta_y:0
2025-10-07 10:11:13,267 - INFO - Starting eme_solver_prep()s 
 width_ridge: 1.12e-05, 
 mmi_length:0.00010529999999999998,
 taper_width=4.4e-06,
 delta_y:0
2025-10-07 10:11:52,289 - INFO - Starting eme_solver_prep()s 
 width_ridge: 1.13e-05, 
 mmi_length:0.00010529999999999998,
 taper_width=4.4e-06,
 delta_y:0
2025-10-07 10:12:34,034 - INFO - Starting eme_solver_prep()s 
 width_ridge: 1.14e-05, 
 mmi_length:0.00010529999999999998,
 taper_width=4.4e-06,
 delta_y:0
2025-10-07 10:13:16,516 - INFO - Starting eme_solver_prep()s 
 width_ridge: 1.15e-05, 
 mmi_length:0.00010529999999999998,
 taper_width=4.4e-06,
 delta_y:0
2025-10-07 10:13:58,707 - INFO - Starting eme_solver_prep()s 
 width_ridge: 1.1e-05, 
 mmi_length:0.00010529999999999998,
 taper_width=4.5e-06,
 delta_y:0
2025-10-07 10:15:43,480 - INFO - Starting eme_solver_prep()s 
 width_ridge: 1.05e-05, 
 mmi_length:0.00010599999999999999,
 taper_width=4.5e-06,
 delta_y:0
2025-10-07 10:16:21,723 - INFO - Starting eme_solver_prep()s 
 width_ridge: 1.06e-05, 
 mmi_length:0.00010599999999999999,
 taper_width=4.5e-06,
 delta_y:0
2025-10-07 10:17:01,002 - INFO - Starting eme_solver_prep()s 
 width_ridge: 1.07e-05, 
 mmi_length:0.00010599999999999999,
 taper_width=4.5e-06,
 delta_y:0
2025-10-07 10:17:40,367 - INFO - Starting eme_solver_prep()s 
 width_ridge: 1.08e-05, 
 mmi_length:0.00010599999999999999,
 taper_width=4.5e-06,
 delta_y:0
2025-10-07 10:18:19,196 - INFO - Starting eme_solver_prep()s 
 width_ridge: 1.0899999999999999e-05, 
 mmi_length:0.00010599999999999999,
 taper_width=4.5e-06,
 delta_y:0
2025-10-07 10:18:59,616 - INFO - Starting eme_solver_prep()s 
 width_ridge: 1.1e-05, 
 mmi_length:0.00010599999999999999,
 taper_width=4.5e-06,
 delta_y:0
2025-10-07 10:19:39,445 - INFO - Starting eme_solver_prep()s 
 width_ridge: 1.11e-05, 
 mmi_length:0.00010599999999999999,
 taper_width=4.5e-06,
 delta_y:0
2025-10-07 10:20:18,556 - INFO - Starting eme_solver_prep()s 
 width_ridge: 1.12e-05, 
 mmi_length:0.00010599999999999999,
 taper_width=4.5e-06,
 delta_y:0
2025-10-07 10:20:58,072 - INFO - Starting eme_solver_prep()s 
 width_ridge: 1.13e-05, 
 mmi_length:0.00010599999999999999,
 taper_width=4.5e-06,
 delta_y:0
2025-10-07 10:21:46,938 - INFO - Starting eme_solver_prep()s 
 width_ridge: 1.14e-05, 
 mmi_length:0.00010599999999999999,
 taper_width=4.5e-06,
 delta_y:0
2025-10-07 10:22:26,604 - INFO - Starting eme_solver_prep()s 
 width_ridge: 1.15e-05, 
 mmi_length:0.00010599999999999999,
 taper_width=4.5e-06,
 delta_y:0
2025-10-07 10:23:07,123 - INFO - Starting eme_solver_prep()s 
 width_ridge: 1.1e-05, 
 mmi_length:0.00010599999999999999,
 taper_width=4.6e-06,
 delta_y:0
2025-10-07 10:24:48,663 - INFO - Starting eme_solver_prep()s 
 width_ridge: 1.05e-05, 
 mmi_length:0.00010689999999999998,
 taper_width=4.6e-06,
 delta_y:0
2025-10-07 10:25:27,833 - INFO - Starting eme_solver_prep()s 
 width_ridge: 1.06e-05, 
 mmi_length:0.00010689999999999998,
 taper_width=4.6e-06,
 delta_y:0
2025-10-07 10:26:06,160 - INFO - Starting eme_solver_prep()s 
 width_ridge: 1.07e-05, 
 mmi_length:0.00010689999999999998,
 taper_width=4.6e-06,
 delta_y:0
2025-10-07 10:26:45,583 - INFO - Starting eme_solver_prep()s 
 width_ridge: 1.08e-05, 
 mmi_length:0.00010689999999999998,
 taper_width=4.6e-06,
 delta_y:0
2025-10-07 10:27:34,869 - INFO - Starting eme_solver_prep()s 
 width_ridge: 1.0899999999999999e-05, 
 mmi_length:0.00010689999999999998,
 taper_width=4.6e-06,
 delta_y:0
2025-10-07 10:28:13,188 - INFO - Starting eme_solver_prep()s 
 width_ridge: 1.1e-05, 
 mmi_length:0.00010689999999999998,
 taper_width=4.6e-06,
 delta_y:0
2025-10-07 10:28:52,018 - INFO - Starting eme_solver_prep()s 
 width_ridge: 1.11e-05, 
 mmi_length:0.00010689999999999998,
 taper_width=4.6e-06,
 delta_y:0
2025-10-07 10:29:32,096 - INFO - Starting eme_solver_prep()s 
 width_ridge: 1.12e-05, 
 mmi_length:0.00010689999999999998,
 taper_width=4.6e-06,
 delta_y:0
2025-10-07 10:30:12,618 - INFO - Starting eme_solver_prep()s 
 width_ridge: 1.13e-05, 
 mmi_length:0.00010689999999999998,
 taper_width=4.6e-06,
 delta_y:0
2025-10-07 10:30:52,370 - INFO - Starting eme_solver_prep()s 
 width_ridge: 1.14e-05, 
 mmi_length:0.00010689999999999998,
 taper_width=4.6e-06,
 delta_y:0
2025-10-07 10:31:32,733 - INFO - Starting eme_solver_prep()s 
 width_ridge: 1.15e-05, 
 mmi_length:0.00010689999999999998,
 taper_width=4.6e-06,
 delta_y:0
2025-10-07 10:32:13,238 - INFO - Starting eme_solver_prep()s 
 width_ridge: 1.1e-05, 
 mmi_length:0.00010689999999999998,
 taper_width=4.700000000000001e-06,
 delta_y:0
2025-10-07 10:33:55,141 - INFO - Starting eme_solver_prep()s 
 width_ridge: 1.05e-05, 
 mmi_length:0.00011199999999999998,
 taper_width=4.700000000000001e-06,
 delta_y:0
2025-10-07 10:34:33,928 - INFO - Starting eme_solver_prep()s 
 width_ridge: 1.06e-05, 
 mmi_length:0.00011199999999999998,
 taper_width=4.700000000000001e-06,
 delta_y:0
2025-10-07 10:35:13,277 - INFO - Starting eme_solver_prep()s 
 width_ridge: 1.07e-05, 
 mmi_length:0.00011199999999999998,
 taper_width=4.700000000000001e-06,
 delta_y:0
2025-10-07 10:35:52,470 - INFO - Starting eme_solver_prep()s 
 width_ridge: 1.08e-05, 
 mmi_length:0.00011199999999999998,
 taper_width=4.700000000000001e-06,
 delta_y:0
2025-10-07 10:36:30,840 - INFO - Starting eme_solver_prep()s 
 width_ridge: 1.0899999999999999e-05, 
 mmi_length:0.00011199999999999998,
 taper_width=4.700000000000001e-06,
 delta_y:0
2025-10-07 10:37:09,851 - INFO - Starting eme_solver_prep()s 
 width_ridge: 1.1e-05, 
 mmi_length:0.00011199999999999998,
 taper_width=4.700000000000001e-06,
 delta_y:0
2025-10-07 10:37:49,500 - INFO - Starting eme_solver_prep()s 
 width_ridge: 1.11e-05, 
 mmi_length:0.00011199999999999998,
 taper_width=4.700000000000001e-06,
 delta_y:0
2025-10-07 10:38:28,728 - INFO - Starting eme_solver_prep()s 
 width_ridge: 1.12e-05, 
 mmi_length:0.00011199999999999998,
 taper_width=4.700000000000001e-06,
 delta_y:0
2025-10-07 10:39:08,334 - INFO - Starting eme_solver_prep()s 
 width_ridge: 1.13e-05, 
 mmi_length:0.00011199999999999998,
 taper_width=4.700000000000001e-06,
 delta_y:0
2025-10-07 10:39:48,539 - INFO - Starting eme_solver_prep()s 
 width_ridge: 1.14e-05, 
 mmi_length:0.00011199999999999998,
 taper_width=4.700000000000001e-06,
 delta_y:0
2025-10-07 10:40:29,139 - INFO - Starting eme_solver_prep()s 
 width_ridge: 1.15e-05, 
 mmi_length:0.00011199999999999998,
 taper_width=4.700000000000001e-06,
 delta_y:0
2025-10-07 10:41:09,652 - INFO - Starting eme_solver_prep()s 
 width_ridge: 1.1e-05, 
 mmi_length:0.00011199999999999998,
 taper_width=4.800000000000001e-06,
 delta_y:0
2025-10-07 10:42:49,853 - INFO - Starting eme_solver_prep()s 
 width_ridge: 1.05e-05, 
 mmi_length:0.00011199999999999998,
 taper_width=4.800000000000001e-06,
 delta_y:0
2025-10-07 10:43:28,167 - INFO - Starting eme_solver_prep()s 
 width_ridge: 1.06e-05, 
 mmi_length:0.00011199999999999998,
 taper_width=4.800000000000001e-06,
 delta_y:0
2025-10-07 10:44:07,354 - INFO - Starting eme_solver_prep()s 
 width_ridge: 1.07e-05, 
 mmi_length:0.00011199999999999998,
 taper_width=4.800000000000001e-06,
 delta_y:0
2025-10-07 10:44:45,580 - INFO - Starting eme_solver_prep()s 
 width_ridge: 1.08e-05, 
 mmi_length:0.00011199999999999998,
 taper_width=4.800000000000001e-06,
 delta_y:0
2025-10-07 10:45:24,955 - INFO - Starting eme_solver_prep()s 
 width_ridge: 1.0899999999999999e-05, 
 mmi_length:0.00011199999999999998,
 taper_width=4.800000000000001e-06,
 delta_y:0
2025-10-07 10:46:03,785 - INFO - Starting eme_solver_prep()s 
 width_ridge: 1.1e-05, 
 mmi_length:0.00011199999999999998,
 taper_width=4.800000000000001e-06,
 delta_y:0
2025-10-07 10:46:57,668 - INFO - Starting eme_solver_prep()s 
 width_ridge: 1.11e-05, 
 mmi_length:0.00011199999999999998,
 taper_width=4.800000000000001e-06,
 delta_y:0
2025-10-07 10:47:38,659 - INFO - Starting eme_solver_prep()s 
 width_ridge: 1.12e-05, 
 mmi_length:0.00011199999999999998,
 taper_width=4.800000000000001e-06,
 delta_y:0
2025-10-07 10:48:22,712 - INFO - Starting eme_solver_prep()s 
 width_ridge: 1.13e-05, 
 mmi_length:0.00011199999999999998,
 taper_width=4.800000000000001e-06,
 delta_y:0
2025-10-07 10:49:02,623 - INFO - Starting eme_solver_prep()s 
 width_ridge: 1.14e-05, 
 mmi_length:0.00011199999999999998,
 taper_width=4.800000000000001e-06,
 delta_y:0
2025-10-07 10:49:42,748 - INFO - Starting eme_solver_prep()s 
 width_ridge: 1.15e-05, 
 mmi_length:0.00011199999999999998,
 taper_width=4.800000000000001e-06,
 delta_y:0
2025-10-07 10:50:53,726 - INFO - Starting eme_solver_prep()s 
 width_ridge: 1.1e-05, 
 mmi_length:0.00011199999999999998,
 taper_width=4.9000000000000005e-06,
 delta_y:0
2025-10-07 10:53:11,149 - INFO - Starting eme_solver_prep()s 
 width_ridge: 1.05e-05, 
 mmi_length:0.00011459999999999998,
 taper_width=4.9000000000000005e-06,
 delta_y:0
2025-10-07 10:54:03,424 - INFO - Starting eme_solver_prep()s 
 width_ridge: 1.06e-05, 
 mmi_length:0.00011459999999999998,
 taper_width=4.9000000000000005e-06,
 delta_y:0
2025-10-07 10:54:57,297 - INFO - Starting eme_solver_prep()s 
 width_ridge: 1.07e-05, 
 mmi_length:0.00011459999999999998,
 taper_width=4.9000000000000005e-06,
 delta_y:0
2025-10-07 10:55:50,792 - INFO - Starting eme_solver_prep()s 
 width_ridge: 1.08e-05, 
 mmi_length:0.00011459999999999998,
 taper_width=4.9000000000000005e-06,
 delta_y:0
2025-10-07 10:56:37,026 - INFO - Starting eme_solver_prep()s 
 width_ridge: 1.0899999999999999e-05, 
 mmi_length:0.00011459999999999998,
 taper_width=4.9000000000000005e-06,
 delta_y:0
2025-10-07 10:57:18,855 - INFO - Starting eme_solver_prep()s 
 width_ridge: 1.1e-05, 
 mmi_length:0.00011459999999999998,
 taper_width=4.9000000000000005e-06,
 delta_y:0
2025-10-07 10:58:01,092 - INFO - Starting eme_solver_prep()s 
 width_ridge: 1.11e-05, 
 mmi_length:0.00011459999999999998,
 taper_width=4.9000000000000005e-06,
 delta_y:0
2025-10-07 10:58:44,197 - INFO - Starting eme_solver_prep()s 
 width_ridge: 1.12e-05, 
 mmi_length:0.00011459999999999998,
 taper_width=4.9000000000000005e-06,
 delta_y:0
2025-10-07 10:59:25,770 - INFO - Starting eme_solver_prep()s 
 width_ridge: 1.13e-05, 
 mmi_length:0.00011459999999999998,
 taper_width=4.9000000000000005e-06,
 delta_y:0
2025-10-07 11:00:07,876 - INFO - Starting eme_solver_prep()s 
 width_ridge: 1.14e-05, 
 mmi_length:0.00011459999999999998,
 taper_width=4.9000000000000005e-06,
 delta_y:0
2025-10-07 11:00:50,889 - INFO - Starting eme_solver_prep()s 
 width_ridge: 1.15e-05, 
 mmi_length:0.00011459999999999998,
 taper_width=4.9000000000000005e-06,
 delta_y:0
2025-10-10 11:23:17,982 - INFO - Starting eme_solver_prep()s 
 width_ridge: 9.2e-06, 
 mmi_length:7e-05,
 taper_width=3.5e-06,
 delta_y:0
2025-10-10 11:23:42,891 - INFO - Starting eme_solver_prep()s 
 width_ridge: 9.2e-06, 
 mmi_length:7e-05,
 taper_width=3.5e-06,
 delta_y:0
2025-10-10 11:26:30,859 - INFO - Starting eme_solver_prep()s 
 width_ridge: 9.2e-06, 
 mmi_length:7e-05,
 taper_width=3.5e-06,
 delta_y:0
2025-10-10 11:31:43,275 - INFO - In find_optimal_length: Optimal length : 8.01e-05 , with max transmission 0.4915419026012837
2025-10-10 11:31:43,409 - INFO - Starting eme_solver_prep()s 
 width_ridge: 9.2e-06, 
 mmi_length:7e-05,
 taper_width=3e-06,
 delta_y:0
2025-10-10 11:33:27,677 - INFO - Starting eme_solver_prep()s 
 width_ridge: 8.7e-06, 
 mmi_length:8.01e-05,
 taper_width=3e-06,
 delta_y:0
2025-10-10 11:34:05,614 - INFO - Starting eme_solver_prep()s 
 width_ridge: 8.8e-06, 
 mmi_length:8.01e-05,
 taper_width=3e-06,
 delta_y:0
2025-10-10 11:34:49,060 - INFO - Starting eme_solver_prep()s 
 width_ridge: 8.9e-06, 
 mmi_length:8.01e-05,
 taper_width=3e-06,
 delta_y:0
2025-10-10 11:35:27,219 - INFO - Starting eme_solver_prep()s 
 width_ridge: 9e-06, 
 mmi_length:8.01e-05,
 taper_width=3e-06,
 delta_y:0
2025-10-10 11:36:05,801 - INFO - Starting eme_solver_prep()s 
 width_ridge: 9.1e-06, 
 mmi_length:8.01e-05,
 taper_width=3e-06,
 delta_y:0
2025-10-10 11:36:45,790 - INFO - Starting eme_solver_prep()s 
 width_ridge: 9.2e-06, 
 mmi_length:8.01e-05,
 taper_width=3e-06,
 delta_y:0
2025-10-10 11:37:24,977 - INFO - Starting eme_solver_prep()s 
 width_ridge: 9.3e-06, 
 mmi_length:8.01e-05,
 taper_width=3e-06,
 delta_y:0
2025-10-10 11:38:06,441 - INFO - Starting eme_solver_prep()s 
 width_ridge: 9.4e-06, 
 mmi_length:8.01e-05,
 taper_width=3e-06,
 delta_y:0
2025-10-10 11:38:44,942 - INFO - Starting eme_solver_prep()s 
 width_ridge: 9.5e-06, 
 mmi_length:8.01e-05,
 taper_width=3e-06,
 delta_y:0
2025-10-10 11:39:23,528 - INFO - Starting eme_solver_prep()s 
 width_ridge: 9.6e-06, 
 mmi_length:8.01e-05,
 taper_width=3e-06,
 delta_y:0
2025-10-10 11:40:02,958 - INFO - Starting eme_solver_prep()s 
 width_ridge: 9.7e-06, 
 mmi_length:8.01e-05,
 taper_width=3e-06,
 delta_y:0
2025-10-10 11:40:45,355 - INFO - Starting eme_solver_prep()s 
 width_ridge: 9.2e-06, 
 mmi_length:8.01e-05,
 taper_width=3.1e-06,
 delta_y:0
2025-10-10 11:42:26,591 - INFO - Starting eme_solver_prep()s 
 width_ridge: 8.7e-06, 
 mmi_length:8.01e-05,
 taper_width=3.1e-06,
 delta_y:0
2025-10-10 11:43:02,776 - INFO - Starting eme_solver_prep()s 
 width_ridge: 8.8e-06, 
 mmi_length:8.01e-05,
 taper_width=3.1e-06,
 delta_y:0
2025-10-10 11:43:39,911 - INFO - Starting eme_solver_prep()s 
 width_ridge: 8.9e-06, 
 mmi_length:8.01e-05,
 taper_width=3.1e-06,
 delta_y:0
2025-10-10 11:44:16,211 - INFO - Starting eme_solver_prep()s 
 width_ridge: 9e-06, 
 mmi_length:8.01e-05,
 taper_width=3.1e-06,
 delta_y:0
2025-10-10 11:44:53,128 - INFO - Starting eme_solver_prep()s 
 width_ridge: 9.1e-06, 
 mmi_length:8.01e-05,
 taper_width=3.1e-06,
 delta_y:0
2025-10-10 11:45:30,944 - INFO - Starting eme_solver_prep()s 
 width_ridge: 9.2e-06, 
 mmi_length:8.01e-05,
 taper_width=3.1e-06,
 delta_y:0
2025-10-10 11:46:09,107 - INFO - Starting eme_solver_prep()s 
 width_ridge: 9.3e-06, 
 mmi_length:8.01e-05,
 taper_width=3.1e-06,
 delta_y:0
2025-10-10 11:46:47,399 - INFO - Starting eme_solver_prep()s 
 width_ridge: 9.4e-06, 
 mmi_length:8.01e-05,
 taper_width=3.1e-06,
 delta_y:0
2025-10-10 11:47:25,447 - INFO - Starting eme_solver_prep()s 
 width_ridge: 9.5e-06, 
 mmi_length:8.01e-05,
 taper_width=3.1e-06,
 delta_y:0
2025-10-10 11:48:03,900 - INFO - Starting eme_solver_prep()s 
 width_ridge: 9.6e-06, 
 mmi_length:8.01e-05,
 taper_width=3.1e-06,
 delta_y:0
2025-10-10 11:48:41,979 - INFO - Starting eme_solver_prep()s 
 width_ridge: 9.7e-06, 
 mmi_length:8.01e-05,
 taper_width=3.1e-06,
 delta_y:0
2025-10-10 11:49:21,313 - INFO - Starting eme_solver_prep()s 
 width_ridge: 9.2e-06, 
 mmi_length:8.01e-05,
 taper_width=3.2e-06,
 delta_y:0
2025-10-10 11:51:18,239 - INFO - Starting eme_solver_prep()s 
 width_ridge: 8.7e-06, 
 mmi_length:7.97e-05,
 taper_width=3.2e-06,
 delta_y:0
2025-10-10 11:51:56,129 - INFO - Starting eme_solver_prep()s 
 width_ridge: 8.8e-06, 
 mmi_length:7.97e-05,
 taper_width=3.2e-06,
 delta_y:0
2025-10-10 11:52:35,616 - INFO - Starting eme_solver_prep()s 
 width_ridge: 8.9e-06, 
 mmi_length:7.97e-05,
 taper_width=3.2e-06,
 delta_y:0
2025-10-10 11:53:13,838 - INFO - Starting eme_solver_prep()s 
 width_ridge: 9e-06, 
 mmi_length:7.97e-05,
 taper_width=3.2e-06,
 delta_y:0
2025-10-10 11:53:50,983 - INFO - Starting eme_solver_prep()s 
 width_ridge: 9.1e-06, 
 mmi_length:7.97e-05,
 taper_width=3.2e-06,
 delta_y:0
2025-10-10 11:54:34,574 - INFO - Starting eme_solver_prep()s 
 width_ridge: 9.2e-06, 
 mmi_length:7.97e-05,
 taper_width=3.2e-06,
 delta_y:0
2025-10-10 11:55:14,838 - INFO - Starting eme_solver_prep()s 
 width_ridge: 9.3e-06, 
 mmi_length:7.97e-05,
 taper_width=3.2e-06,
 delta_y:0
2025-10-10 11:55:52,901 - INFO - Starting eme_solver_prep()s 
 width_ridge: 9.4e-06, 
 mmi_length:7.97e-05,
 taper_width=3.2e-06,
 delta_y:0
2025-10-10 11:56:31,114 - INFO - Starting eme_solver_prep()s 
 width_ridge: 9.5e-06, 
 mmi_length:7.97e-05,
 taper_width=3.2e-06,
 delta_y:0
2025-10-10 11:57:13,037 - INFO - Starting eme_solver_prep()s 
 width_ridge: 9.6e-06, 
 mmi_length:7.97e-05,
 taper_width=3.2e-06,
 delta_y:0
2025-10-10 11:57:52,853 - INFO - Starting eme_solver_prep()s 
 width_ridge: 9.7e-06, 
 mmi_length:7.97e-05,
 taper_width=3.2e-06,
 delta_y:0
2025-10-10 11:58:35,757 - INFO - Starting eme_solver_prep()s 
 width_ridge: 9.2e-06, 
 mmi_length:7.97e-05,
 taper_width=3.2999999999999997e-06,
 delta_y:0
2025-10-10 12:00:24,124 - INFO - Starting eme_solver_prep()s 
 width_ridge: 8.7e-06, 
 mmi_length:7.989999999999999e-05,
 taper_width=3.2999999999999997e-06,
 delta_y:0
2025-10-10 12:00:59,306 - INFO - Starting eme_solver_prep()s 
 width_ridge: 8.8e-06, 
 mmi_length:7.989999999999999e-05,
 taper_width=3.2999999999999997e-06,
 delta_y:0
2025-10-10 12:01:35,290 - INFO - Starting eme_solver_prep()s 
 width_ridge: 8.9e-06, 
 mmi_length:7.989999999999999e-05,
 taper_width=3.2999999999999997e-06,
 delta_y:0
2025-10-10 12:02:13,017 - INFO - Starting eme_solver_prep()s 
 width_ridge: 9e-06, 
 mmi_length:7.989999999999999e-05,
 taper_width=3.2999999999999997e-06,
 delta_y:0
2025-10-10 12:02:49,339 - INFO - Starting eme_solver_prep()s 
 width_ridge: 9.1e-06, 
 mmi_length:7.989999999999999e-05,
 taper_width=3.2999999999999997e-06,
 delta_y:0
2025-10-10 12:03:26,406 - INFO - Starting eme_solver_prep()s 
 width_ridge: 9.2e-06, 
 mmi_length:7.989999999999999e-05,
 taper_width=3.2999999999999997e-06,
 delta_y:0
2025-10-10 12:04:09,682 - INFO - Starting eme_solver_prep()s 
 width_ridge: 9.3e-06, 
 mmi_length:7.989999999999999e-05,
 taper_width=3.2999999999999997e-06,
 delta_y:0
2025-10-10 12:04:55,502 - INFO - Starting eme_solver_prep()s 
 width_ridge: 9.4e-06, 
 mmi_length:7.989999999999999e-05,
 taper_width=3.2999999999999997e-06,
 delta_y:0
2025-10-10 12:05:34,251 - INFO - Starting eme_solver_prep()s 
 width_ridge: 9.5e-06, 
 mmi_length:7.989999999999999e-05,
 taper_width=3.2999999999999997e-06,
 delta_y:0
2025-10-10 12:06:13,301 - INFO - Starting eme_solver_prep()s 
 width_ridge: 9.6e-06, 
 mmi_length:7.989999999999999e-05,
 taper_width=3.2999999999999997e-06,
 delta_y:0
2025-10-10 12:06:51,290 - INFO - Starting eme_solver_prep()s 
 width_ridge: 9.7e-06, 
 mmi_length:7.989999999999999e-05,
 taper_width=3.2999999999999997e-06,
 delta_y:0
2025-10-10 12:07:30,346 - INFO - Starting eme_solver_prep()s 
 width_ridge: 9.2e-06, 
 mmi_length:7.989999999999999e-05,
 taper_width=3.4e-06,
 delta_y:0
2025-10-10 12:09:10,980 - INFO - Starting eme_solver_prep()s 
 width_ridge: 8.7e-06, 
 mmi_length:7.999999999999999e-05,
 taper_width=3.4e-06,
 delta_y:0
2025-10-10 12:09:50,300 - INFO - Starting eme_solver_prep()s 
 width_ridge: 8.8e-06, 
 mmi_length:7.999999999999999e-05,
 taper_width=3.4e-06,
 delta_y:0
2025-10-10 12:10:32,307 - INFO - Starting eme_solver_prep()s 
 width_ridge: 8.9e-06, 
 mmi_length:7.999999999999999e-05,
 taper_width=3.4e-06,
 delta_y:0
2025-10-10 12:11:11,866 - INFO - Starting eme_solver_prep()s 
 width_ridge: 9e-06, 
 mmi_length:7.999999999999999e-05,
 taper_width=3.4e-06,
 delta_y:0
2025-10-10 12:11:52,068 - INFO - Starting eme_solver_prep()s 
 width_ridge: 9.1e-06, 
 mmi_length:7.999999999999999e-05,
 taper_width=3.4e-06,
 delta_y:0
2025-10-10 12:12:34,128 - INFO - Starting eme_solver_prep()s 
 width_ridge: 9.2e-06, 
 mmi_length:7.999999999999999e-05,
 taper_width=3.4e-06,
 delta_y:0
2025-10-10 12:13:15,171 - INFO - Starting eme_solver_prep()s 
 width_ridge: 9.3e-06, 
 mmi_length:7.999999999999999e-05,
 taper_width=3.4e-06,
 delta_y:0
2025-10-10 12:13:53,290 - INFO - Starting eme_solver_prep()s 
 width_ridge: 9.4e-06, 
 mmi_length:7.999999999999999e-05,
 taper_width=3.4e-06,
 delta_y:0
2025-10-10 12:14:33,693 - INFO - Starting eme_solver_prep()s 
 width_ridge: 9.5e-06, 
 mmi_length:7.999999999999999e-05,
 taper_width=3.4e-06,
 delta_y:0
2025-10-10 12:15:13,887 - INFO - Starting eme_solver_prep()s 
 width_ridge: 9.6e-06, 
 mmi_length:7.999999999999999e-05,
 taper_width=3.4e-06,
 delta_y:0
2025-10-10 12:15:52,491 - INFO - Starting eme_solver_prep()s 
 width_ridge: 9.7e-06, 
 mmi_length:7.999999999999999e-05,
 taper_width=3.4e-06,
 delta_y:0
2025-10-10 12:16:33,436 - INFO - Starting eme_solver_prep()s 
 width_ridge: 9.2e-06, 
 mmi_length:7.999999999999999e-05,
 taper_width=3.5e-06,
 delta_y:0
2025-10-10 12:18:28,454 - INFO - Starting eme_solver_prep()s 
 width_ridge: 8.7e-06, 
 mmi_length:8.01e-05,
 taper_width=3.5e-06,
 delta_y:0
2025-10-10 12:19:05,940 - INFO - Starting eme_solver_prep()s 
 width_ridge: 8.8e-06, 
 mmi_length:8.01e-05,
 taper_width=3.5e-06,
 delta_y:0
2025-10-10 12:19:44,840 - INFO - Starting eme_solver_prep()s 
 width_ridge: 8.9e-06, 
 mmi_length:8.01e-05,
 taper_width=3.5e-06,
 delta_y:0
2025-10-10 12:20:23,826 - INFO - Starting eme_solver_prep()s 
 width_ridge: 9e-06, 
 mmi_length:8.01e-05,
 taper_width=3.5e-06,
 delta_y:0
2025-10-10 12:21:01,887 - INFO - Starting eme_solver_prep()s 
 width_ridge: 9.1e-06, 
 mmi_length:8.01e-05,
 taper_width=3.5e-06,
 delta_y:0
2025-10-10 12:21:39,975 - INFO - Starting eme_solver_prep()s 
 width_ridge: 9.2e-06, 
 mmi_length:8.01e-05,
 taper_width=3.5e-06,
 delta_y:0
2025-10-10 12:22:18,520 - INFO - Starting eme_solver_prep()s 
 width_ridge: 9.3e-06, 
 mmi_length:8.01e-05,
 taper_width=3.5e-06,
 delta_y:0
2025-10-10 12:22:58,400 - INFO - Starting eme_solver_prep()s 
 width_ridge: 9.4e-06, 
 mmi_length:8.01e-05,
 taper_width=3.5e-06,
 delta_y:0
2025-10-10 12:23:35,450 - INFO - Starting eme_solver_prep()s 
 width_ridge: 9.5e-06, 
 mmi_length:8.01e-05,
 taper_width=3.5e-06,
 delta_y:0
2025-10-10 12:24:45,420 - INFO - Starting eme_solver_prep()s 
 width_ridge: 9.6e-06, 
 mmi_length:8.01e-05,
 taper_width=3.5e-06,
 delta_y:0
2025-10-10 12:25:21,675 - INFO - Starting eme_solver_prep()s 
 width_ridge: 9.7e-06, 
 mmi_length:8.01e-05,
 taper_width=3.5e-06,
 delta_y:0
2025-10-10 12:26:01,872 - INFO - Starting eme_solver_prep()s 
 width_ridge: 9.2e-06, 
 mmi_length:8.01e-05,
 taper_width=3.6e-06,
 delta_y:0
2025-10-10 12:27:41,081 - INFO - Starting eme_solver_prep()s 
 width_ridge: 8.7e-06, 
 mmi_length:7.989999999999999e-05,
 taper_width=3.6e-06,
 delta_y:0
2025-10-10 12:28:17,067 - INFO - Starting eme_solver_prep()s 
 width_ridge: 8.8e-06, 
 mmi_length:7.989999999999999e-05,
 taper_width=3.6e-06,
 delta_y:0
2025-10-10 12:28:53,329 - INFO - Starting eme_solver_prep()s 
 width_ridge: 8.9e-06, 
 mmi_length:7.989999999999999e-05,
 taper_width=3.6e-06,
 delta_y:0
2025-10-10 12:29:29,616 - INFO - Starting eme_solver_prep()s 
 width_ridge: 9e-06, 
 mmi_length:7.989999999999999e-05,
 taper_width=3.6e-06,
 delta_y:0
2025-10-10 12:30:07,119 - INFO - Starting eme_solver_prep()s 
 width_ridge: 9.1e-06, 
 mmi_length:7.989999999999999e-05,
 taper_width=3.6e-06,
 delta_y:0
2025-10-10 12:30:45,890 - INFO - Starting eme_solver_prep()s 
 width_ridge: 9.2e-06, 
 mmi_length:7.989999999999999e-05,
 taper_width=3.6e-06,
 delta_y:0
2025-10-10 12:31:31,599 - INFO - Starting eme_solver_prep()s 
 width_ridge: 9.3e-06, 
 mmi_length:7.989999999999999e-05,
 taper_width=3.6e-06,
 delta_y:0
2025-10-10 12:32:11,994 - INFO - Starting eme_solver_prep()s 
 width_ridge: 9.4e-06, 
 mmi_length:7.989999999999999e-05,
 taper_width=3.6e-06,
 delta_y:0
2025-10-10 12:32:50,953 - INFO - Starting eme_solver_prep()s 
 width_ridge: 9.5e-06, 
 mmi_length:7.989999999999999e-05,
 taper_width=3.6e-06,
 delta_y:0
2025-10-10 12:33:30,933 - INFO - Starting eme_solver_prep()s 
 width_ridge: 9.6e-06, 
 mmi_length:7.989999999999999e-05,
 taper_width=3.6e-06,
 delta_y:0
2025-10-10 12:34:10,743 - INFO - Starting eme_solver_prep()s 
 width_ridge: 9.7e-06, 
 mmi_length:7.989999999999999e-05,
 taper_width=3.6e-06,
 delta_y:0
2025-10-10 12:34:50,609 - INFO - Starting eme_solver_prep()s 
 width_ridge: 9.2e-06, 
 mmi_length:7.989999999999999e-05,
 taper_width=3.6999999999999997e-06,
 delta_y:0
2025-10-10 12:36:34,051 - INFO - Starting eme_solver_prep()s 
 width_ridge: 8.7e-06, 
 mmi_length:7.939999999999999e-05,
 taper_width=3.6999999999999997e-06,
 delta_y:0
2025-10-10 12:37:18,690 - INFO - Starting eme_solver_prep()s 
 width_ridge: 8.8e-06, 
 mmi_length:7.939999999999999e-05,
 taper_width=3.6999999999999997e-06,
 delta_y:0
2025-10-10 12:38:02,945 - INFO - Starting eme_solver_prep()s 
 width_ridge: 8.9e-06, 
 mmi_length:7.939999999999999e-05,
 taper_width=3.6999999999999997e-06,
 delta_y:0
2025-10-10 12:38:44,870 - INFO - Starting eme_solver_prep()s 
 width_ridge: 9e-06, 
 mmi_length:7.939999999999999e-05,
 taper_width=3.6999999999999997e-06,
 delta_y:0
2025-10-10 12:39:24,809 - INFO - Starting eme_solver_prep()s 
 width_ridge: 9.1e-06, 
 mmi_length:7.939999999999999e-05,
 taper_width=3.6999999999999997e-06,
 delta_y:0
2025-10-10 12:40:02,534 - INFO - Starting eme_solver_prep()s 
 width_ridge: 9.2e-06, 
 mmi_length:7.939999999999999e-05,
 taper_width=3.6999999999999997e-06,
 delta_y:0
2025-10-10 12:40:39,702 - INFO - Starting eme_solver_prep()s 
 width_ridge: 9.3e-06, 
 mmi_length:7.939999999999999e-05,
 taper_width=3.6999999999999997e-06,
 delta_y:0
2025-10-10 12:41:19,234 - INFO - Starting eme_solver_prep()s 
 width_ridge: 9.4e-06, 
 mmi_length:7.939999999999999e-05,
 taper_width=3.6999999999999997e-06,
 delta_y:0
2025-10-10 12:41:57,420 - INFO - Starting eme_solver_prep()s 
 width_ridge: 9.5e-06, 
 mmi_length:7.939999999999999e-05,
 taper_width=3.6999999999999997e-06,
 delta_y:0
2025-10-10 12:42:34,905 - INFO - Starting eme_solver_prep()s 
 width_ridge: 9.6e-06, 
 mmi_length:7.939999999999999e-05,
 taper_width=3.6999999999999997e-06,
 delta_y:0
2025-10-10 12:43:13,198 - INFO - Starting eme_solver_prep()s 
 width_ridge: 9.7e-06, 
 mmi_length:7.939999999999999e-05,
 taper_width=3.6999999999999997e-06,
 delta_y:0
2025-10-10 12:43:53,454 - INFO - Starting eme_solver_prep()s 
 width_ridge: 9.2e-06, 
 mmi_length:7.939999999999999e-05,
 taper_width=3.8e-06,
 delta_y:0
2025-10-10 12:45:38,494 - INFO - Starting eme_solver_prep()s 
 width_ridge: 8.7e-06, 
 mmi_length:7.93e-05,
 taper_width=3.8e-06,
 delta_y:0
2025-10-10 12:46:17,988 - INFO - Starting eme_solver_prep()s 
 width_ridge: 8.8e-06, 
 mmi_length:7.93e-05,
 taper_width=3.8e-06,
 delta_y:0
2025-10-10 12:46:56,895 - INFO - Starting eme_solver_prep()s 
 width_ridge: 8.9e-06, 
 mmi_length:7.93e-05,
 taper_width=3.8e-06,
 delta_y:0
2025-10-10 12:47:34,443 - INFO - Starting eme_solver_prep()s 
 width_ridge: 9e-06, 
 mmi_length:7.93e-05,
 taper_width=3.8e-06,
 delta_y:0
2025-10-10 12:48:12,728 - INFO - Starting eme_solver_prep()s 
 width_ridge: 9.1e-06, 
 mmi_length:7.93e-05,
 taper_width=3.8e-06,
 delta_y:0
2025-10-10 12:48:51,522 - INFO - Starting eme_solver_prep()s 
 width_ridge: 9.2e-06, 
 mmi_length:7.93e-05,
 taper_width=3.8e-06,
 delta_y:0
2025-10-10 12:49:32,573 - INFO - Starting eme_solver_prep()s 
 width_ridge: 9.3e-06, 
 mmi_length:7.93e-05,
 taper_width=3.8e-06,
 delta_y:0
2025-10-10 12:50:10,491 - INFO - Starting eme_solver_prep()s 
 width_ridge: 9.4e-06, 
 mmi_length:7.93e-05,
 taper_width=3.8e-06,
 delta_y:0
2025-10-10 12:50:48,579 - INFO - Starting eme_solver_prep()s 
 width_ridge: 9.5e-06, 
 mmi_length:7.93e-05,
 taper_width=3.8e-06,
 delta_y:0
2025-10-10 12:51:28,010 - INFO - Starting eme_solver_prep()s 
 width_ridge: 9.6e-06, 
 mmi_length:7.93e-05,
 taper_width=3.8e-06,
 delta_y:0
2025-10-10 12:52:06,942 - INFO - Starting eme_solver_prep()s 
 width_ridge: 9.7e-06, 
 mmi_length:7.93e-05,
 taper_width=3.8e-06,
 delta_y:0
2025-10-10 12:52:46,259 - INFO - Starting eme_solver_prep()s 
 width_ridge: 9.2e-06, 
 mmi_length:7.93e-05,
 taper_width=3.9e-06,
 delta_y:0
2025-10-10 12:54:35,433 - INFO - Starting eme_solver_prep()s 
 width_ridge: 8.7e-06, 
 mmi_length:7.999999999999999e-05,
 taper_width=3.9e-06,
 delta_y:0
2025-10-10 12:55:26,833 - INFO - Starting eme_solver_prep()s 
 width_ridge: 8.8e-06, 
 mmi_length:7.999999999999999e-05,
 taper_width=3.9e-06,
 delta_y:0
2025-10-10 12:56:17,009 - INFO - Starting eme_solver_prep()s 
 width_ridge: 8.9e-06, 
 mmi_length:7.999999999999999e-05,
 taper_width=3.9e-06,
 delta_y:0
2025-10-10 12:57:08,885 - INFO - Starting eme_solver_prep()s 
 width_ridge: 9e-06, 
 mmi_length:7.999999999999999e-05,
 taper_width=3.9e-06,
 delta_y:0
2025-10-10 12:58:03,786 - INFO - Starting eme_solver_prep()s 
 width_ridge: 9.1e-06, 
 mmi_length:7.999999999999999e-05,
 taper_width=3.9e-06,
 delta_y:0
2025-10-10 12:58:56,093 - INFO - Starting eme_solver_prep()s 
 width_ridge: 9.2e-06, 
 mmi_length:7.999999999999999e-05,
 taper_width=3.9e-06,
 delta_y:0
2025-10-10 12:59:50,298 - INFO - Starting eme_solver_prep()s 
 width_ridge: 9.3e-06, 
 mmi_length:7.999999999999999e-05,
 taper_width=3.9e-06,
 delta_y:0
2025-10-10 13:00:35,834 - INFO - Starting eme_solver_prep()s 
 width_ridge: 9.4e-06, 
 mmi_length:7.999999999999999e-05,
 taper_width=3.9e-06,
 delta_y:0
2025-10-10 13:01:14,882 - INFO - Starting eme_solver_prep()s 
 width_ridge: 9.5e-06, 
 mmi_length:7.999999999999999e-05,
 taper_width=3.9e-06,
 delta_y:0
2025-10-10 13:01:53,336 - INFO - Starting eme_solver_prep()s 
 width_ridge: 9.6e-06, 
 mmi_length:7.999999999999999e-05,
 taper_width=3.9e-06,
 delta_y:0
2025-10-10 13:02:45,435 - INFO - Starting eme_solver_prep()s 
 width_ridge: 9.7e-06, 
 mmi_length:7.999999999999999e-05,
 taper_width=3.9e-06,
 delta_y:0
2025-10-10 13:03:30,226 - INFO - Starting eme_solver_prep()s 
 width_ridge: 9.2e-06, 
 mmi_length:7.999999999999999e-05,
 taper_width=4e-06,
 delta_y:0
2025-10-10 13:05:15,540 - INFO - Starting eme_solver_prep()s 
 width_ridge: 8.7e-06, 
 mmi_length:8.02e-05,
 taper_width=4e-06,
 delta_y:0
2025-10-10 13:05:56,193 - INFO - Starting eme_solver_prep()s 
 width_ridge: 8.8e-06, 
 mmi_length:8.02e-05,
 taper_width=4e-06,
 delta_y:0
2025-10-10 13:06:35,301 - INFO - Starting eme_solver_prep()s 
 width_ridge: 8.9e-06, 
 mmi_length:8.02e-05,
 taper_width=4e-06,
 delta_y:0
2025-10-10 13:07:13,775 - INFO - Starting eme_solver_prep()s 
 width_ridge: 9e-06, 
 mmi_length:8.02e-05,
 taper_width=4e-06,
 delta_y:0
2025-10-10 13:07:52,758 - INFO - Starting eme_solver_prep()s 
 width_ridge: 9.1e-06, 
 mmi_length:8.02e-05,
 taper_width=4e-06,
 delta_y:0
2025-10-10 13:08:33,136 - INFO - Starting eme_solver_prep()s 
 width_ridge: 9.2e-06, 
 mmi_length:8.02e-05,
 taper_width=4e-06,
 delta_y:0
2025-10-10 13:09:11,293 - INFO - Starting eme_solver_prep()s 
 width_ridge: 9.3e-06, 
 mmi_length:8.02e-05,
 taper_width=4e-06,
 delta_y:0
2025-10-10 13:09:50,516 - INFO - Starting eme_solver_prep()s 
 width_ridge: 9.4e-06, 
 mmi_length:8.02e-05,
 taper_width=4e-06,
 delta_y:0
2025-10-10 13:10:33,409 - INFO - Starting eme_solver_prep()s 
 width_ridge: 9.5e-06, 
 mmi_length:8.02e-05,
 taper_width=4e-06,
 delta_y:0
2025-10-10 13:11:15,042 - INFO - Starting eme_solver_prep()s 
 width_ridge: 9.6e-06, 
 mmi_length:8.02e-05,
 taper_width=4e-06,
 delta_y:0
2025-10-10 13:11:54,744 - INFO - Starting eme_solver_prep()s 
 width_ridge: 9.7e-06, 
 mmi_length:8.02e-05,
 taper_width=4e-06,
 delta_y:0
