2025-09-25 22:15:23,590 - INFO - Starting taper_width_colormap() 
 data_filename: taper_width_colormap_2700_8300nm 
 width_ridge: 8.3e-06, 
 mmi_length:7e-05,
 taper_width=2.7e-06,
 delta_y:0
2025-09-25 22:15:23,591 - INFO -  In taper_width_colormap() width_span [7.8e-06 7.9e-06 8.0e-06 8.1e-06 8.2e-06 8.3e-06 8.4e-06 8.5e-06 8.6e-06
 8.7e-06 8.8e-06],with taper span [2.2e-06 2.3e-06 2.4e-06 2.5e-06 2.6e-06 2.7e-06 2.8e-06 2.9e-06 3.0e-06
 3.1e-06 3.2e-06]
2025-09-25 22:19:24,551 - INFO - Starting taper_width_colormap() 
 data_filename: taper_width_colormap_2700_8300nm 
 width_ridge: 8.3e-06, 
 mmi_length:7e-05,
 taper_width=2.7e-06,
 delta_y:0
2025-09-25 22:19:24,553 - INFO -  In taper_width_colormap() width_span [7.8e-06 7.9e-06 8.0e-06 8.1e-06 8.2e-06 8.3e-06 8.4e-06 8.5e-06 8.6e-06
 8.7e-06 8.8e-06],with taper span [2.2e-06 2.3e-06 2.4e-06 2.5e-06 2.6e-06 2.7e-06 2.8e-06 2.9e-06 3.0e-06
 3.1e-06 3.2e-06]
2025-09-25 22:24:37,206 - INFO - Propagated from  5.0400000000000005e-05 to 8.04e-05
2025-09-25 22:26:11,269 - INFO - In taper_width_colormap obtained max_trans:0.4916761147865732,optimal_length: 6.560000000000001e-05 for width_ridge8.3e-06
2025-09-25 22:32:30,720 - INFO - In taper_width_colormap obtained transmission_matrix with shape (11, 11)
2025-09-25 22:33:02,987 - INFO - Propagated from  5.0400000000000005e-05 to 8.04e-05
2025-09-25 22:34:36,350 - INFO - In taper_width_colormap obtained max_trans:0.49271089378972693,optimal_length: 6.53e-05 for width_ridge8.3e-06
2025-09-25 22:40:56,597 - INFO - In taper_width_colormap obtained transmission_matrix with shape (11, 11)
2025-09-25 22:41:28,986 - INFO - Propagated from  5.0400000000000005e-05 to 8.04e-05
2025-09-25 22:43:04,941 - INFO - In taper_width_colormap obtained max_trans:0.49607850782190566,optimal_length: 6.54e-05 for width_ridge8.3e-06
2025-09-25 22:49:23,260 - INFO - In taper_width_colormap obtained transmission_matrix with shape (11, 11)
2025-09-25 22:49:55,270 - INFO - Propagated from  5.0400000000000005e-05 to 8.04e-05
2025-09-25 22:51:32,573 - INFO - In taper_width_colormap obtained max_trans:0.4923522216731031,optimal_length: 6.560000000000001e-05 for width_ridge8.3e-06
2025-09-25 22:56:13,551 - ERROR - in taper_width_colormap() error occured:'emepropagate cannot be used while in layout mode.'
2025-09-25 22:57:18,766 - INFO - Starting taper_width_colormap() 
 data_filename: taper_width_colormap_2700_8300nm 
 width_ridge: 8.3e-06, 
 mmi_length:7e-05,
 taper_width=2.7e-06,
 delta_y:0
2025-09-25 22:57:18,767 - INFO -  In taper_width_colormap() width_span [7.8e-06 7.9e-06 8.0e-06 8.1e-06 8.2e-06 8.3e-06 8.4e-06 8.5e-06 8.6e-06
 8.7e-06 8.8e-06],with taper span [2.2e-06 2.3e-06 2.4e-06 2.5e-06 2.6e-06 2.7e-06 2.8e-06 2.9e-06 3.0e-06
 3.1e-06 3.2e-06]
2025-09-25 23:02:41,323 - INFO - Propagated from  5.0400000000000005e-05 to 8.04e-05
2025-09-25 23:04:16,125 - INFO - In taper_width_colormap obtained max_trans:0.4916761147865649,optimal_length: 6.560000000000001e-05 for width_ridge8.3e-06
2025-09-25 23:10:56,063 - INFO - In taper_width_colormap obtained transmission_matrix with shape (11, 11)
2025-09-25 23:11:29,252 - INFO - Propagated from  5.0400000000000005e-05 to 8.04e-05
2025-09-25 23:13:03,233 - INFO - In taper_width_colormap obtained max_trans:0.49271089378972177,optimal_length: 6.53e-05 for width_ridge8.3e-06
2025-09-25 23:19:20,795 - INFO - In taper_width_colormap obtained transmission_matrix with shape (11, 11)
2025-09-25 23:19:52,881 - INFO - Propagated from  5.0400000000000005e-05 to 8.04e-05
2025-09-25 23:21:28,965 - INFO - In taper_width_colormap obtained max_trans:0.49607850782191143,optimal_length: 6.54e-05 for width_ridge8.3e-06
2025-09-25 23:27:52,343 - INFO - In taper_width_colormap obtained transmission_matrix with shape (11, 11)
2025-09-25 23:28:24,386 - INFO - Propagated from  5.0400000000000005e-05 to 8.04e-05
2025-09-25 23:29:58,161 - INFO - In taper_width_colormap obtained max_trans:0.4923522216731089,optimal_length: 6.560000000000001e-05 for width_ridge8.3e-06
2025-09-25 23:36:17,886 - INFO - In taper_width_colormap obtained transmission_matrix with shape (11, 11)
2025-09-25 23:36:49,880 - INFO - Propagated from  5.0400000000000005e-05 to 8.04e-05
2025-09-25 23:38:23,519 - INFO - In taper_width_colormap obtained max_trans:0.49302364757726136,optimal_length: 6.54e-05 for width_ridge8.3e-06
2025-09-25 23:44:46,194 - INFO - In taper_width_colormap obtained transmission_matrix with shape (11, 11)
2025-09-25 23:45:17,964 - INFO - Propagated from  5.0400000000000005e-05 to 8.04e-05
2025-09-25 23:46:51,690 - INFO - In taper_width_colormap obtained max_trans:0.4934442555527018,optimal_length: 6.54e-05 for width_ridge8.3e-06
2025-09-25 23:53:09,235 - INFO - In taper_width_colormap obtained transmission_matrix with shape (11, 11)
2025-09-25 23:53:41,297 - INFO - Propagated from  5.0400000000000005e-05 to 8.04e-05
2025-09-25 23:55:15,690 - INFO - In taper_width_colormap obtained max_trans:0.49248291673893874,optimal_length: 6.52e-05 for width_ridge8.3e-06
2025-09-26 00:01:36,942 - INFO - In taper_width_colormap obtained transmission_matrix with shape (11, 11)
2025-09-26 00:02:08,854 - INFO - Propagated from  5.0400000000000005e-05 to 8.04e-05
2025-09-26 00:03:42,524 - INFO - In taper_width_colormap obtained max_trans:0.49462919575763753,optimal_length: 6.560000000000001e-05 for width_ridge8.3e-06
2025-09-26 00:10:00,906 - INFO - In taper_width_colormap obtained transmission_matrix with shape (11, 11)
2025-09-26 00:10:33,077 - INFO - Propagated from  5.0400000000000005e-05 to 8.04e-05
2025-09-26 00:12:13,643 - INFO - In taper_width_colormap obtained max_trans:0.49407905336929453,optimal_length: 6.53e-05 for width_ridge8.3e-06
2025-09-26 00:18:34,410 - INFO - In taper_width_colormap obtained transmission_matrix with shape (11, 11)
2025-09-26 00:19:06,247 - INFO - Propagated from  5.0400000000000005e-05 to 8.04e-05
2025-09-26 00:20:40,422 - INFO - In taper_width_colormap obtained max_trans:0.491007484812693,optimal_length: 6.53e-05 for width_ridge8.3e-06
2025-09-26 00:26:56,801 - INFO - In taper_width_colormap obtained transmission_matrix with shape (11, 11)
2025-09-26 00:27:28,623 - INFO - Propagated from  5.0400000000000005e-05 to 8.04e-05
2025-09-26 00:29:02,563 - INFO - In taper_width_colormap obtained max_trans:0.4893077786717944,optimal_length: 6.48e-05 for width_ridge8.3e-06
2025-09-26 00:35:21,758 - INFO - In taper_width_colormap obtained transmission_matrix with shape (11, 11)
2025-10-07 09:15:28,690 - INFO - Starting taper_width_colormap() 
 data_filename: taper_width_colormap_4400_11000nm 
 width_ridge: 1.1e-05, 
 mmi_length:7e-05,
 taper_width=4.4e-06,
 delta_y:0
2025-10-07 09:15:28,696 - INFO -  In taper_width_colormap() width_span [1.05e-05 1.06e-05 1.07e-05 1.08e-05 1.09e-05 1.10e-05 1.11e-05 1.12e-05
 1.13e-05 1.14e-05 1.15e-05],with taper span [3.9e-06 4.0e-06 4.1e-06 4.2e-06 4.3e-06 4.4e-06 4.5e-06 4.6e-06 4.7e-06
 4.8e-06 4.9e-06]
2025-10-07 09:20:59,332 - INFO - Propagated from  9.529999999999999e-05 to 0.00011529999999999998
2025-10-07 09:22:03,797 - INFO - In taper_width_colormap obtained max_trans:0.4931615518737094,optimal_length: 0.00011449999999999999 for width_ridge1.1e-05
2025-10-07 09:29:13,749 - INFO - In taper_width_colormap obtained transmission_matrix with shape (11, 11)
2025-10-07 09:29:49,819 - INFO - Propagated from  9.529999999999999e-05 to 0.00011529999999999998
2025-10-07 09:30:58,824 - INFO - In taper_width_colormap obtained max_trans:0.49305271728891564,optimal_length: 0.00011439999999999999 for width_ridge1.1e-05
2025-10-07 09:38:09,999 - INFO - In taper_width_colormap obtained transmission_matrix with shape (11, 11)
2025-10-07 09:38:46,236 - INFO - Propagated from  9.529999999999999e-05 to 0.00011529999999999998
2025-10-07 09:39:49,392 - INFO - In taper_width_colormap obtained max_trans:0.4876308132977509,optimal_length: 0.00011459999999999998 for width_ridge1.1e-05
2025-10-07 09:47:05,936 - INFO - In taper_width_colormap obtained transmission_matrix with shape (11, 11)
2025-10-07 09:47:42,439 - INFO - Propagated from  9.529999999999999e-05 to 0.00011529999999999998
2025-10-07 09:48:46,547 - INFO - In taper_width_colormap obtained max_trans:0.48421700032163445,optimal_length: 0.00011459999999999998 for width_ridge1.1e-05
2025-10-07 09:56:10,633 - INFO - In taper_width_colormap obtained transmission_matrix with shape (11, 11)
2025-10-07 09:56:46,403 - INFO - Propagated from  9.529999999999999e-05 to 0.00011529999999999998
2025-10-07 09:57:50,746 - INFO - In taper_width_colormap obtained max_trans:0.4733582568448368,optimal_length: 0.00011409999999999998 for width_ridge1.1e-05
2025-10-07 10:05:00,386 - INFO - In taper_width_colormap obtained transmission_matrix with shape (11, 11)
2025-10-07 10:05:35,726 - INFO - Propagated from  9.529999999999999e-05 to 0.00011529999999999998
2025-10-07 10:06:40,374 - INFO - In taper_width_colormap obtained max_trans:0.47293991325904045,optimal_length: 0.00010529999999999998 for width_ridge1.1e-05
2025-10-07 10:13:58,592 - INFO - In taper_width_colormap obtained transmission_matrix with shape (11, 11)
2025-10-07 10:14:34,396 - INFO - Propagated from  9.529999999999999e-05 to 0.00011529999999999998
2025-10-07 10:15:43,357 - INFO - In taper_width_colormap obtained max_trans:0.47855948762705985,optimal_length: 0.00010599999999999999 for width_ridge1.1e-05
2025-10-07 10:23:06,992 - INFO - In taper_width_colormap obtained transmission_matrix with shape (11, 11)
2025-10-07 10:23:44,036 - INFO - Propagated from  9.529999999999999e-05 to 0.00011529999999999998
2025-10-07 10:24:48,497 - INFO - In taper_width_colormap obtained max_trans:0.4824062311724233,optimal_length: 0.00010689999999999998 for width_ridge1.1e-05
2025-10-07 10:32:13,097 - INFO - In taper_width_colormap obtained transmission_matrix with shape (11, 11)
2025-10-07 10:32:50,114 - INFO - Propagated from  9.529999999999999e-05 to 0.00011529999999999998
2025-10-07 10:33:55,018 - INFO - In taper_width_colormap obtained max_trans:0.48833113653205357,optimal_length: 0.00011199999999999998 for width_ridge1.1e-05
2025-10-07 10:41:09,510 - INFO - In taper_width_colormap obtained transmission_matrix with shape (11, 11)
2025-10-07 10:41:46,098 - INFO - Propagated from  9.529999999999999e-05 to 0.00011529999999999998
2025-10-07 10:42:49,728 - INFO - In taper_width_colormap obtained max_trans:0.4832295896764574,optimal_length: 0.00011199999999999998 for width_ridge1.1e-05
2025-10-07 10:50:53,604 - INFO - In taper_width_colormap obtained transmission_matrix with shape (11, 11)
2025-10-07 10:51:34,649 - INFO - Propagated from  9.529999999999999e-05 to 0.00011529999999999998
2025-10-07 10:53:10,984 - INFO - In taper_width_colormap obtained max_trans:0.4843545288394929,optimal_length: 0.00011459999999999998 for width_ridge1.1e-05
2025-10-07 11:01:34,801 - INFO - In taper_width_colormap obtained transmission_matrix with shape (11, 11)
2025-10-10 11:23:17,975 - INFO - Starting taper_width_colormap() 
 data_filename: taper_width_colormap_3600_9500nm 
 width_ridge: 9.2e-06, 
 mmi_length:7e-05,
 taper_width=3.5e-06,
 delta_y:0
2025-10-10 11:23:17,979 - INFO -  In taper_width_colormap() width_span [8.7e-06 8.8e-06 8.9e-06 9.0e-06 9.1e-06 9.2e-06 9.3e-06 9.4e-06 9.5e-06
 9.6e-06 9.7e-06],with taper span [3.0e-06 3.1e-06 3.2e-06 3.3e-06 3.4e-06 3.5e-06 3.6e-06 3.7e-06 3.8e-06
 3.9e-06 4.0e-06]
2025-10-10 11:23:26,485 - ERROR - in taper_width_colormap() error occured:'emepropagate cannot be used while in layout mode.'
2025-10-10 11:23:42,889 - INFO - Starting taper_width_colormap() 
 data_filename: taper_width_colormap_3500_9200nm 
 width_ridge: 9.2e-06, 
 mmi_length:7e-05,
 taper_width=3.5e-06,
 delta_y:0
2025-10-10 11:23:42,890 - INFO -  In taper_width_colormap() width_span [8.7e-06 8.8e-06 8.9e-06 9.0e-06 9.1e-06 9.2e-06 9.3e-06 9.4e-06 9.5e-06
 9.6e-06 9.7e-06],with taper span [3.0e-06 3.1e-06 3.2e-06 3.3e-06 3.4e-06 3.5e-06 3.6e-06 3.7e-06 3.8e-06
 3.9e-06 4.0e-06]
2025-10-10 11:24:12,594 - ERROR - in taper_width_colormap() error occured:'emepropagate cannot be used while in layout mode.'
2025-10-10 11:26:30,858 - INFO - Starting taper_width_colormap() 
 data_filename: taper_width_colormap_3500_9200nm 
 width_ridge: 9.2e-06, 
 mmi_length:7e-05,
 taper_width=3.5e-06,
 delta_y:0
2025-10-10 11:26:30,859 - INFO -  In taper_width_colormap() width_span [8.7e-06 8.8e-06 8.9e-06 9.0e-06 9.1e-06 9.2e-06 9.3e-06 9.4e-06 9.5e-06
 9.6e-06 9.7e-06],with taper span [3.0e-06 3.1e-06 3.2e-06 3.3e-06 3.4e-06 3.5e-06 3.6e-06 3.7e-06 3.8e-06
 3.9e-06 4.0e-06]
2025-10-10 11:32:18,501 - INFO - Propagated from  7.01e-05 to 9.01e-05
2025-10-10 11:33:27,564 - INFO - In taper_width_colormap obtained max_trans:0.4938702367499675,optimal_length: 8.01e-05 for width_ridge9.2e-06
2025-10-10 11:40:45,245 - INFO - In taper_width_colormap obtained transmission_matrix with shape (11, 11)
2025-10-10 11:41:19,760 - INFO - Propagated from  7.01e-05 to 9.01e-05
2025-10-10 11:42:26,463 - INFO - In taper_width_colormap obtained max_trans:0.4902264312736318,optimal_length: 8.01e-05 for width_ridge9.2e-06
2025-10-10 11:49:21,179 - INFO - In taper_width_colormap obtained transmission_matrix with shape (11, 11)
2025-10-10 11:50:07,410 - INFO - Propagated from  7.01e-05 to 9.01e-05
2025-10-10 11:51:18,113 - INFO - In taper_width_colormap obtained max_trans:0.49233298400444003,optimal_length: 7.97e-05 for width_ridge9.2e-06
2025-10-10 11:58:35,579 - INFO - In taper_width_colormap obtained transmission_matrix with shape (11, 11)
2025-10-10 11:59:12,208 - INFO - Propagated from  7.01e-05 to 9.01e-05
2025-10-10 12:00:24,002 - INFO - In taper_width_colormap obtained max_trans:0.49427558119193027,optimal_length: 7.989999999999999e-05 for width_ridge9.2e-06
2025-10-10 12:07:30,222 - INFO - In taper_width_colormap obtained transmission_matrix with shape (11, 11)
2025-10-10 12:08:05,674 - INFO - Propagated from  7.01e-05 to 9.01e-05
2025-10-10 12:09:10,860 - INFO - In taper_width_colormap obtained max_trans:0.49358612406730795,optimal_length: 7.999999999999999e-05 for width_ridge9.2e-06
2025-10-10 12:16:33,298 - INFO - In taper_width_colormap obtained transmission_matrix with shape (11, 11)
2025-10-10 12:17:26,138 - INFO - Propagated from  7.01e-05 to 9.01e-05
2025-10-10 12:18:28,311 - INFO - In taper_width_colormap obtained max_trans:0.49154190260127795,optimal_length: 8.01e-05 for width_ridge9.2e-06
2025-10-10 12:26:01,753 - INFO - In taper_width_colormap obtained transmission_matrix with shape (11, 11)
2025-10-10 12:26:37,293 - INFO - Propagated from  7.01e-05 to 9.01e-05
2025-10-10 12:27:40,954 - INFO - In taper_width_colormap obtained max_trans:0.48703465873342366,optimal_length: 7.989999999999999e-05 for width_ridge9.2e-06
2025-10-10 12:34:50,439 - INFO - In taper_width_colormap obtained transmission_matrix with shape (11, 11)
2025-10-10 12:35:26,973 - INFO - Propagated from  7.01e-05 to 9.01e-05
2025-10-10 12:36:33,925 - INFO - In taper_width_colormap obtained max_trans:0.4841973162131303,optimal_length: 7.939999999999999e-05 for width_ridge9.2e-06
2025-10-10 12:43:53,326 - INFO - In taper_width_colormap obtained transmission_matrix with shape (11, 11)
2025-10-10 12:44:28,143 - INFO - Propagated from  7.01e-05 to 9.01e-05
2025-10-10 12:45:38,367 - INFO - In taper_width_colormap obtained max_trans:0.4877370586886193,optimal_length: 7.93e-05 for width_ridge9.2e-06
2025-10-10 12:52:46,120 - INFO - In taper_width_colormap obtained transmission_matrix with shape (11, 11)
2025-10-10 12:53:21,209 - INFO - Propagated from  7.01e-05 to 9.01e-05
2025-10-10 12:54:35,244 - INFO - In taper_width_colormap obtained max_trans:0.49017201635406693,optimal_length: 7.999999999999999e-05 for width_ridge9.2e-06
2025-10-10 13:03:30,086 - INFO - In taper_width_colormap obtained transmission_matrix with shape (11, 11)
2025-10-10 13:04:05,540 - INFO - Propagated from  7.01e-05 to 9.01e-05
2025-10-10 13:05:15,342 - INFO - In taper_width_colormap obtained max_trans:0.49084391207193523,optimal_length: 8.02e-05 for width_ridge9.2e-06
2025-10-10 13:12:34,759 - INFO - In taper_width_colormap obtained transmission_matrix with shape (11, 11)
