2025-10-11 17:25:34,437 - INFO - Starting fdtd_solver() 
 width_ridge: 1.1e-05, 
 mmi_length:8.1e-05,
 taper_width=2.5e-06,
 ratio:0.5
2025-10-11 17:25:52,601 - INFO - Starting fdtd_solver() 
 width_ridge: 1.1e-05, 
 mmi_length:8.1e-05,
 taper_width=2.5e-06,
 ratio:0.5
2025-10-11 17:26:30,163 - INFO - Starting fdtd_solver() 
 width_ridge: 1.1e-05, 
 mmi_length:8.1e-05,
 taper_width=2.5e-06,
 ratio:0.5
2025-10-11 17:26:53,200 - INFO - Starting fdtd_solver() 
 width_ridge: 1.1e-05, 
 mmi_length:8.1e-05,
 taper_width=2.5e-06,
 ratio:0.5
2025-10-11 17:27:35,726 - INFO - Starting fdtd_solver() 
 width_ridge: 1.1e-05, 
 mmi_length:8.1e-05,
 taper_width=2.5e-06,
 ratio:0.5
2025-10-11 17:27:54,471 - INFO - Starting fdtd_solver() 
 width_ridge: 1.1e-05, 
 mmi_length:8.1e-05,
 taper_width=2.5e-06,
 ratio:0.5
2025-10-11 17:28:22,255 - INFO - Starting fdtd_solver() 
 width_ridge: 1.1e-05, 
 mmi_length:8.1e-05,
 taper_width=2.5e-06,
 ratio:0.5
2025-10-11 17:29:00,742 - INFO - Starting fdtd_solver() 
 width_ridge: 1.1e-05, 
 mmi_length:8.1e-05,
 taper_width=2.5e-06,
 ratio:0.5
2025-10-11 17:33:10,803 - INFO - Starting fdtd_solver() 
 width_ridge: 1.1e-05, 
 mmi_length:8.1e-05,
 taper_width=2.5e-06,
 ratio:0.5
2025-10-11 17:34:51,290 - INFO - Starting fdtd_solver() 
 width_ridge: 1.1e-05, 
 mmi_length:8.1e-05,
 taper_width=2.5e-06,
 ratio:0.5
2025-10-11 17:36:46,740 - INFO - Starting fdtd_solver() 
 width_ridge: 1.1e-05, 
 mmi_length:8.1e-05,
 taper_width=2.5e-06,
 ratio:0.5
2025-10-11 17:38:57,466 - INFO - Starting fdtd_solver() 
 width_ridge: 1.1e-05, 
 mmi_length:8.1e-05,
 taper_width=2.5e-06,
 ratio:0.5
2025-10-11 18:59:32,435 - INFO - Starting fdtd_solver() 
 width_ridge: 1.1e-05, 
 mmi_length:8.1e-05,
 taper_width=2.5e-06,
 ratio:0.85
2025-10-12 11:38:55,516 - INFO - Starting fdtd_solver() 
 width_ridge: 1.1e-05, 
 mmi_length:8.1e-05,
 taper_width=2.5e-06,
 ratio:0.85
2025-10-12 18:05:03,179 - INFO - Starting fdtd_solver() 
 width_ridge: 1.1e-05, 
 mmi_length:8.1e-05,
 taper_width=2.5e-06,
 ratio:0.85
2025-10-12 18:07:47,955 - INFO - Starting fdtd_solver() 
 width_ridge: 1.1e-05, 
 mmi_length:8.1e-05,
 taper_width=2.5e-06,
 ratio:0.85
2025-10-12 19:08:30,051 - INFO - Starting fdtd_solver() 
 width_ridge: 1.1e-05, 
 mmi_length:8.1e-05,
 taper_width=2.5e-06,
 ratio:0.85
2025-10-12 19:55:59,260 - INFO - Starting fdtd_solver() 
 width_ridge: 1.1e-05, 
 mmi_length:8.9e-05,
 taper_width=2.5e-06,
 ratio:0.85
2025-10-12 20:26:51,374 - INFO - Starting fdtd_solver() 
 width_ridge: 1.1e-05, 
 mmi_length:0.0001,
 taper_width=2.5e-06,
 ratio:0.85
2025-10-12 21:48:57,356 - INFO - Starting fdtd_solver() 
 width_ridge: 1.1e-05, 
 mmi_length:8.1e-05,
 taper_width=2.5e-06,
 ratio:0.85
2025-10-13 17:31:54,744 - INFO - Starting fdtd_solver() 
 width_ridge: 8e-06, 
 mmi_length:4.3e-05,
 taper_width=2.1e-06,
 ratio:0.85
2025-10-13 17:38:04,844 - INFO - Starting fdtd_solver() 
 width_ridge: 8e-06, 
 mmi_length:4.3e-05,
 taper_width=2.1e-06,
 ratio:0.85
2025-10-13 17:44:11,323 - INFO - Starting fdtd_solver() 
 width_ridge: 8e-06, 
 mmi_length:4.3e-05,
 taper_width=2.1e-06,
 ratio:0.85
2025-10-13 18:03:18,002 - INFO - Starting fdtd_solver() 
 width_ridge: 8e-06, 
 mmi_length:8.8e-05,
 taper_width=2.1e-06,
 ratio:0.85
2025-10-13 18:49:41,892 - INFO - Starting fdtd_solver() 
 width_ridge: 8e-06, 
 mmi_length:8.8e-05,
 taper_width=2.1e-06,
 ratio:0.85
2025-10-14 08:22:36,599 - INFO - Starting fdtd_solver() 
 width_ridge: 8e-06, 
 mmi_length:8.7e-05,
 taper_width=2.1e-06,
 ratio:0.85
2025-10-14 09:01:43,544 - INFO - Starting fdtd_solver() 
 width_ridge: 8e-06, 
 mmi_length:8.7e-05,
 taper_width=1.8e-06,
 ratio:0.85
2025-10-14 09:49:58,683 - INFO - Starting fdtd_solver() 
 width_ridge: 1e-05, 
 mmi_length:0.000136,
 taper_width=2.6e-06,
 ratio:0.85
2025-10-14 09:51:55,714 - INFO - Starting fdtd_solver() 
 width_ridge: 1e-05, 
 mmi_length:0.000136,
 taper_width=2.6e-06,
 ratio:0.85
2025-10-14 09:52:56,675 - INFO - Starting fdtd_solver() 
 width_ridge: 1e-05, 
 mmi_length:0.000136,
 taper_width=2.6e-06,
 ratio:0.85
2025-10-14 09:55:45,930 - INFO - Starting fdtd_solver() 
 width_ridge: 1e-05, 
 mmi_length:0.000136,
 taper_width=2.6e-06,
 ratio:0.85
2025-10-14 09:56:20,779 - INFO - Starting fdtd_solver() 
 width_ridge: 1e-05, 
 mmi_length:0.000136,
 taper_width=2.6e-06,
 ratio:0.85
2025-10-14 09:59:21,531 - INFO - Starting fdtd_solver() 
 width_ridge: 1e-05, 
 mmi_length:0.000136,
 taper_width=2.6e-06,
 ratio:0.85
2025-10-14 10:01:10,644 - INFO - Starting fdtd_solver() 
 width_ridge: 1e-05, 
 mmi_length:0.000136,
 taper_width=2.6e-06,
 ratio:0.85
2025-10-14 11:45:32,231 - INFO - Starting fdtd_solver() 
 width_ridge: 8e-06, 
 mmi_length:8.7e-05,
 taper_width=2e-06,
 ratio:0.85
2025-10-14 11:48:17,457 - INFO - Starting fdtd_solver() 
 width_ridge: 8e-06, 
 mmi_length:8.7e-05,
 taper_width=2e-06,
 ratio:0.85
2025-10-14 11:49:03,386 - INFO - Starting fdtd_solver() 
 width_ridge: 8e-06, 
 mmi_length:8.7e-05,
 taper_width=2e-06,
 ratio:0.85
2025-10-14 22:14:49,097 - INFO - Starting fdtd_solver() 
 width_ridge: 8e-06, 
 mmi_length:8.7e-05,
 taper_width=2e-06,
 ratio:0.45
2025-10-14 22:15:56,428 - INFO - Starting fdtd_solver() 
 width_ridge: 8e-06, 
 mmi_length:8.7e-05,
 taper_width=2e-06,
 ratio:0.45
2025-10-16 13:19:09,461 - INFO - Starting fdtd_solver() 
 width_ridge: 8e-06, 
 mmi_length:8.7e-05,
 taper_width=2e-06,
 ratio:0.85
2025-10-16 13:28:57,036 - INFO - Starting fdtd_solver() 
 width_ridge: 8e-06, 
 mmi_length:8.7e-05,
 taper_width=2e-06,
 ratio:0.85
2025-10-16 13:29:16,344 - INFO - Starting fdtd_solver() 
 width_ridge: 8e-06, 
 mmi_length:8.7e-05,
 taper_width=2e-06,
 ratio:0.85
2025-10-16 13:30:49,442 - INFO - Starting fdtd_solver() 
 width_ridge: 8e-06, 
 mmi_length:8.7e-05,
 taper_width=2e-06,
 ratio:0.85
2025-10-16 15:58:40,697 - INFO - Starting fdtd_solver() 
 width_ridge: 8e-06, 
 mmi_length:8.7e-05,
 taper_width=2e-06,
 ratio:0.85
2025-10-16 15:59:28,730 - INFO - Starting fdtd_solver() 
 width_ridge: 8e-06, 
 mmi_length:8.7e-05,
 taper_width=2e-06,
 ratio:0.85
2025-10-19 13:32:57,538 - INFO - Starting fdtd_solver() 
 width_ridge: 8e-06, 
 mmi_length:8.7e-05,
 taper_width=2e-06,
 ratio:0.85
2025-10-19 13:36:45,827 - INFO - Starting fdtd_solver() 
 width_ridge: 8e-06, 
 mmi_length:8.7e-05,
 taper_width=2e-06,
 ratio:0.85
2025-10-19 13:46:56,794 - INFO - Starting fdtd_solver() 
 width_ridge: 8e-06, 
 mmi_length:8.7e-05,
 taper_width=2e-06,
 ratio:0.85
2025-10-20 14:47:53,267 - INFO - Starting fdtd_solver() 
 width_ridge: 8e-06, 
 mmi_length:8.7e-05,
 taper_width=2e-06,
 ratio:0.85
2025-10-20 14:48:39,487 - INFO - Starting fdtd_solver() 
 width_ridge: 8e-06, 
 mmi_length:8.7e-05,
 taper_width=2e-06,
 ratio:0.85
2025-10-20 14:49:16,997 - INFO - Starting fdtd_solver() 
 width_ridge: 8e-06, 
 mmi_length:8.7e-05,
 taper_width=2e-06,
 ratio:0.85
2025-10-20 22:36:56,454 - INFO - Starting fdtd_solver() 
 width_ridge: 8e-06, 
 mmi_length:8.7e-05,
 taper_width=2e-06,
 ratio:0.85
2025-10-20 22:40:11,786 - INFO - Starting fdtd_solver() 
 width_ridge: 8e-06, 
 mmi_length:8.7e-05,
 taper_width=2e-06,
 ratio:0.85
2025-10-20 22:41:50,574 - INFO - Starting fdtd_solver() 
 width_ridge: 8e-06, 
 mmi_length:8.7e-05,
 taper_width=2e-06,
 ratio:0.85
2025-10-20 22:45:22,751 - INFO - Starting fdtd_solver() 
 width_ridge: 8e-06, 
 mmi_length:8.7e-05,
 taper_width=2e-06,
 ratio:0.85
2025-10-20 22:52:15,062 - INFO - Starting fdtd_solver() 
 width_ridge: 8e-06, 
 mmi_length:8.7e-05,
 taper_width=2e-06,
 ratio:0.85
2025-10-20 22:54:37,406 - INFO - Starting fdtd_solver() 
 width_ridge: 8e-06, 
 mmi_length:8.7e-05,
 taper_width=2e-06,
 ratio:0.85
2025-10-23 19:45:41,014 - INFO - Starting fdtd_solver() 
 width_ridge: 8e-06, 
 mmi_length:8.7e-05,
 taper_width=2e-06,
 ratio:0.85
2025-10-23 20:07:39,957 - INFO - Starting fdtd_solver() 
 width_ridge: 8e-06, 
 mmi_length:8.7e-05,
 taper_width=2e-06,
 ratio:0.85
2025-10-23 20:09:15,851 - INFO - Starting fdtd_solver() 
 width_ridge: 8e-06, 
 mmi_length:8.7e-05,
 taper_width=2e-06,
 ratio:0.85
2025-10-23 20:15:11,763 - INFO - Starting fdtd_solver() 
 width_ridge: 8e-06, 
 mmi_length:8.7e-05,
 taper_width=2e-06,
 ratio:0.85
2025-10-23 20:15:52,359 - INFO - Starting fdtd_solver() 
 width_ridge: 8e-06, 
 mmi_length:8.7e-05,
 taper_width=2e-06,
 ratio:0.85
2025-10-23 20:16:19,953 - INFO - Starting fdtd_solver() 
 width_ridge: 8e-06, 
 mmi_length:8.7e-05,
 taper_width=2e-06,
 ratio:0.85
2025-10-23 20:18:34,381 - INFO - Starting fdtd_solver() 
 width_ridge: 8e-06, 
 mmi_length:8.7e-05,
 taper_width=2e-06,
 ratio:0.85
2025-10-23 20:20:03,960 - INFO - Starting fdtd_solver() 
 width_ridge: 8e-06, 
 mmi_length:8.7e-05,
 taper_width=2e-06,
 ratio:0.85
2025-10-23 20:23:45,394 - INFO - Starting fdtd_solver() 
 width_ridge: 8e-06, 
 mmi_length:8.7e-05,
 taper_width=2e-06,
 ratio:0.85
2025-10-23 20:28:28,417 - INFO - Starting fdtd_solver() 
 width_ridge: 8e-06, 
 mmi_length:8.7e-05,
 taper_width=2e-06,
 ratio:0.85
2025-10-23 20:29:47,851 - INFO - Starting fdtd_solver() 
 width_ridge: 8e-06, 
 mmi_length:8.7e-05,
 taper_width=2e-06,
 ratio:0.85
2025-10-23 20:31:11,721 - INFO - Starting fdtd_solver() 
 width_ridge: 8e-06, 
 mmi_length:8.7e-05,
 taper_width=2e-06,
 ratio:0.85
2025-10-23 20:32:30,814 - INFO - Starting fdtd_solver() 
 width_ridge: 8e-06, 
 mmi_length:8.7e-05,
 taper_width=2e-06,
 ratio:0.85
2025-10-23 20:33:58,651 - INFO - Starting fdtd_solver() 
 width_ridge: 8e-06, 
 mmi_length:8.7e-05,
 taper_width=2e-06,
 ratio:0.85
2025-10-23 20:34:19,012 - INFO - Starting fdtd_solver() 
 width_ridge: 8e-06, 
 mmi_length:8.7e-05,
 taper_width=2e-06,
 ratio:0.85
2025-10-23 20:34:47,439 - INFO - Starting fdtd_solver() 
 width_ridge: 8e-06, 
 mmi_length:8.7e-05,
 taper_width=2e-06,
 ratio:0.85
2025-10-23 20:38:37,226 - INFO - Starting fdtd_solver() 
 width_ridge: 8e-06, 
 mmi_length:8.7e-05,
 taper_width=2e-06,
 ratio:0.85
2025-10-23 20:40:20,019 - INFO - Starting fdtd_solver() 
 width_ridge: 8e-06, 
 mmi_length:8.7e-05,
 taper_width=2e-06,
 ratio:0.85
2025-10-24 08:48:58,604 - INFO - Starting fdtd_solver() 
 width_ridge: 8e-06, 
 mmi_length:8.7e-05,
 taper_width=2e-06,
 ratio:0.85
2025-10-24 08:52:10,160 - INFO - Starting fdtd_solver() 
 width_ridge: 8e-06, 
 mmi_length:8.7e-05,
 taper_width=2e-06,
 ratio:0.85
2025-10-24 08:58:03,602 - INFO - Starting fdtd_solver() 
 width_ridge: 8e-06, 
 mmi_length:8.7e-05,
 taper_width=2e-06,
 ratio:0.85
2025-10-24 09:00:18,259 - INFO - Starting fdtd_solver() 
 width_ridge: 8e-06, 
 mmi_length:8.7e-05,
 taper_width=2e-06,
 ratio:0.85
2025-10-24 09:16:05,916 - INFO - Starting fdtd_solver() 
 width_ridge: 8e-06, 
 mmi_length:8.7e-05,
 taper_width=2e-06,
 ratio:0.85
2025-10-24 10:06:54,727 - INFO - Starting fdtd_solver() 
 width_ridge: 8e-06, 
 mmi_length:8.7e-05,
 taper_width=2e-06,
 ratio:0.85
2025-10-24 10:09:47,983 - INFO - Starting fdtd_solver() 
 width_ridge: 8e-06, 
 mmi_length:8.7e-05,
 taper_width=2e-06,
 ratio:0.85
2025-10-24 10:11:31,244 - INFO - Starting fdtd_solver() 
 width_ridge: 8e-06, 
 mmi_length:8.7e-05,
 taper_width=2e-06,
 ratio:0.85
2025-10-24 10:13:37,705 - INFO - Starting fdtd_solver() 
 width_ridge: 8e-06, 
 mmi_length:8.7e-05,
 taper_width=2e-06,
 ratio:0.85
2025-10-24 10:20:58,359 - INFO - Starting fdtd_solver() 
 width_ridge: 8e-06, 
 mmi_length:8.7e-05,
 taper_width=2e-06,
 ratio:0.85
2025-10-24 11:14:01,559 - INFO - Starting fdtd_solver() 
 width_ridge: 8e-06, 
 mmi_length:8.7e-05,
 taper_width=2e-06,
 ratio:0.85
2025-10-24 11:17:10,480 - INFO - Starting fdtd_solver() 
 width_ridge: 8e-06, 
 mmi_length:8.7e-05,
 taper_width=2e-06,
 ratio:0.85
2025-10-24 15:08:54,822 - INFO - Starting fdtd_solver() 
 width_ridge: 8e-06, 
 mmi_length:8.7e-05,
 taper_width=2e-06,
 ratio:0.85
2025-10-24 15:10:02,841 - INFO - Starting fdtd_solver() 
 width_ridge: 8e-06, 
 mmi_length:8.7e-05,
 taper_width=2e-06,
 ratio:0.85
2025-10-24 15:10:54,349 - INFO - Starting fdtd_solver() 
 width_ridge: 8e-06, 
 mmi_length:8.7e-05,
 taper_width=2e-06,
 ratio:0.85
2025-10-24 15:11:57,216 - INFO - Starting fdtd_solver() 
 width_ridge: 8e-06, 
 mmi_length:8.7e-05,
 taper_width=2e-06,
 ratio:0.85
2025-10-24 15:20:33,368 - INFO - Starting fdtd_solver() 
 width_ridge: 8e-06, 
 mmi_length:8.7e-05,
 taper_width=2e-06,
 ratio:0.85
2025-10-24 15:21:37,848 - INFO - Starting fdtd_solver() 
 width_ridge: 8e-06, 
 mmi_length:8.7e-05,
 taper_width=2e-06,
 ratio:0.85
2025-10-24 15:40:24,913 - INFO - Starting fdtd_solver() 
 width_ridge: 8e-06, 
 mmi_length:8.7e-05,
 taper_width=2e-06,
 ratio:0.85
2025-10-24 15:44:31,956 - INFO - Starting fdtd_solver() 
 width_ridge: 8e-06, 
 mmi_length:8.7e-05,
 taper_width=2e-06,
 ratio:0.85
2025-10-24 15:45:21,631 - INFO - Starting fdtd_solver() 
 width_ridge: 8e-06, 
 mmi_length:8.7e-05,
 taper_width=2e-06,
 ratio:0.85
2025-10-24 15:46:18,090 - INFO - Starting fdtd_solver() 
 width_ridge: 8e-06, 
 mmi_length:8.7e-05,
 taper_width=2e-06,
 ratio:0.85
2025-10-24 15:52:10,201 - INFO - Starting fdtd_solver() 
 width_ridge: 8e-06, 
 mmi_length:8.7e-05,
 taper_width=2e-06,
 ratio:0.85
2025-11-11 09:13:18,001 - INFO - Starting fdtd_solver() 
 width_ridge: 8e-06, 
 mmi_length:8.7e-05,
 taper_width=2e-06,
 ratio:0.85
2025-11-11 09:14:43,860 - INFO - Starting fdtd_solver() 
 width_ridge: 8e-06, 
 mmi_length:8.7e-05,
 taper_width=2e-06,
 ratio:0.85
2025-11-11 09:20:18,755 - INFO - Starting fdtd_solver() 
 width_ridge: 8e-06, 
 mmi_length:8.7e-05,
 taper_width=2e-06,
 ratio:0.85
2025-11-11 09:26:40,903 - INFO - Starting fdtd_solver() 
 width_ridge: 7.499999999999999e-06, 
 mmi_length:8.7e-05,
 taper_width=2e-06,
 ratio:0.85
2025-11-11 09:31:09,398 - INFO - Starting fdtd_solver() 
 width_ridge: 7.499999999999999e-06, 
 mmi_length:8.7e-05,
 taper_width=2e-06,
 ratio:0.85
2025-11-11 09:31:46,119 - INFO - Starting fdtd_solver() 
 width_ridge: 7.699999999999999e-06, 
 mmi_length:8.7e-05,
 taper_width=2e-06,
 ratio:0.85
2025-11-11 09:32:02,638 - INFO - Starting fdtd_solver() 
 width_ridge: 7.9e-06, 
 mmi_length:8.7e-05,
 taper_width=2e-06,
 ratio:0.85
2025-11-11 09:32:20,521 - INFO - Starting fdtd_solver() 
 width_ridge: 8.099999999999999e-06, 
 mmi_length:8.7e-05,
 taper_width=2e-06,
 ratio:0.85
2025-11-11 09:32:36,277 - INFO - Starting fdtd_solver() 
 width_ridge: 8.3e-06, 
 mmi_length:8.7e-05,
 taper_width=2e-06,
 ratio:0.85
2025-11-11 09:32:56,881 - INFO - Starting fdtd_solver() 
 width_ridge: 8.5e-06, 
 mmi_length:8.7e-05,
 taper_width=2e-06,
 ratio:0.85
2025-11-11 09:34:27,425 - INFO - Starting fdtd_solver() 
 width_ridge: 7.499999999999999e-06, 
 mmi_length:8.7e-05,
 taper_width=2e-06,
 ratio:0.85
2025-11-11 09:36:57,237 - INFO - Starting fdtd_solver() 
 width_ridge: 7.699999999999999e-06, 
 mmi_length:8.7e-05,
 taper_width=2e-06,
 ratio:0.85
2025-11-11 09:38:18,329 - INFO - Starting fdtd_solver() 
 width_ridge: 7.499999999999999e-06, 
 mmi_length:8.7e-05,
 taper_width=2e-06,
 ratio:0.85
2025-11-11 09:39:19,479 - INFO - Starting fdtd_solver() 
 width_ridge: 7.699999999999999e-06, 
 mmi_length:8.7e-05,
 taper_width=2e-06,
 ratio:0.85
2025-11-11 09:39:41,802 - INFO - Starting fdtd_solver() 
 width_ridge: 7.9e-06, 
 mmi_length:8.7e-05,
 taper_width=2e-06,
 ratio:0.85
2025-11-11 09:40:26,939 - INFO - Starting fdtd_solver() 
 width_ridge: 8.099999999999999e-06, 
 mmi_length:8.7e-05,
 taper_width=2e-06,
 ratio:0.85
2025-11-11 09:40:56,824 - INFO - Starting fdtd_solver() 
 width_ridge: 7.499999999999999e-06, 
 mmi_length:8.7e-05,
 taper_width=2e-06,
 ratio:0.85
2025-11-11 09:41:28,998 - INFO - Starting fdtd_solver() 
 width_ridge: 9.499999999999999e-06, 
 mmi_length:8.7e-05,
 taper_width=2e-06,
 ratio:0.85
2025-11-11 09:52:20,567 - INFO - Starting fdtd_solver() 
 width_ridge: 8e-06, 
 mmi_length:7.7e-05,
 taper_width=2e-06,
 ratio:0.85
2025-11-11 09:54:53,378 - INFO - Starting fdtd_solver() 
 width_ridge: 8e-06, 
 mmi_length:7.7e-05,
 taper_width=2e-06,
 ratio:0.85
2025-11-11 10:00:29,380 - INFO - Starting fdtd_solver() 
 width_ridge: 8e-06, 
 mmi_length:7.7e-05,
 taper_width=2e-06,
 ratio:0.85
2025-11-11 10:05:05,056 - INFO - Starting fdtd_solver() 
 width_ridge: 8e-06, 
 mmi_length:7.7e-05,
 taper_width=2e-06,
 ratio:0.85
2025-11-11 10:06:36,362 - INFO - Starting fdtd_solver() 
 width_ridge: 8e-06, 
 mmi_length:7.7e-05,
 taper_width=2e-06,
 ratio:0.85
2025-11-11 10:07:22,311 - INFO - Starting fdtd_solver() 
 width_ridge: 8e-06, 
 mmi_length:7.7e-05,
 taper_width=2e-06,
 ratio:0.85
2025-11-12 11:14:53,587 - INFO - Starting fdtd_solver() 
 width_ridge: 8e-06, 
 mmi_length:7.7e-05,
 taper_width=2e-06,
 ratio:0.85
2025-11-12 11:19:23,447 - INFO - Starting fdtd_solver() 
 width_ridge: 8e-06, 
 mmi_length:8.7e-05,
 taper_width=2e-06,
 ratio:0.85
2025-11-12 11:27:30,567 - INFO - Starting fdtd_solver() 
 width_ridge: 8e-06, 
 mmi_length:8.7e-05,
 taper_width=2e-06,
 ratio:0.85
2025-11-12 11:28:15,206 - INFO - Starting fdtd_solver() 
 width_ridge: 8e-06, 
 mmi_length:8.75e-05,
 taper_width=2e-06,
 ratio:0.85
2025-11-12 11:33:26,499 - INFO - Starting fdtd_solver() 
 width_ridge: 8e-06, 
 mmi_length:8.7e-05,
 taper_width=2e-06,
 ratio:0.85
2025-11-12 11:36:26,257 - INFO - Starting fdtd_solver() 
 width_ridge: 7.499999999999999e-06, 
 mmi_length:8.7e-05,
 taper_width=2e-06,
 ratio:0.85
2025-11-12 11:39:12,105 - INFO - Starting fdtd_solver() 
 width_ridge: 7.499999999999999e-06, 
 mmi_length:8.7e-05,
 taper_width=1.5666666666666663e-06,
 ratio:0.85
2025-11-12 12:07:35,932 - INFO - Starting fdtd_solver() 
 width_ridge: 1.1e-05, 
 mmi_length:0.000158,
 taper_width=2.5666666666666665e-06,
 ratio:0.85
2025-11-12 12:08:08,142 - INFO - Starting fdtd_solver() 
 width_ridge: 1.1e-05, 
 mmi_length:0.000158,
 taper_width=2.5666666666666665e-06,
 ratio:0.85
2025-11-12 12:10:36,901 - INFO - Starting fdtd_solver() 
 width_ridge: 1.1e-05, 
 mmi_length:0.000158,
 taper_width=2.5666666666666665e-06,
 ratio:0.85
2025-11-12 12:14:15,037 - INFO - Starting fdtd_solver() 
 width_ridge: 1.1e-05, 
 mmi_length:0.000158,
 taper_width=2.5666666666666665e-06,
 ratio:0.85
2025-11-12 12:14:49,168 - INFO - Starting fdtd_solver() 
 width_ridge: 1.1e-05, 
 mmi_length:0.000158,
 taper_width=2.5666666666666665e-06,
 ratio:0.85
2025-11-12 12:18:10,731 - INFO - Starting fdtd_solver() 
 width_ridge: 1.1e-05, 
 mmi_length:8.7e-05,
 taper_width=2.5666666666666665e-06,
 ratio:0.85
2025-11-12 12:21:43,900 - INFO - Starting fdtd_solver() 
 width_ridge: 7.499999999999999e-06, 
 mmi_length:0.000158,
 taper_width=2.5e-06,
 ratio:0.85
2025-11-12 12:24:50,535 - INFO - Starting fdtd_solver() 
 width_ridge: 1.05e-11, 
 mmi_length:0.000158,
 taper_width=2.5e-06,
 ratio:0.85
2025-11-12 12:25:41,326 - INFO - Starting fdtd_solver() 
 width_ridge: 1.05e-05, 
 mmi_length:0.000158,
 taper_width=2.5e-06,
 ratio:0.85
2025-11-12 12:26:43,033 - INFO - Starting fdtd_solver() 
 width_ridge: 1.0549999999999999e-05, 
 mmi_length:0.000158,
 taper_width=2.5e-06,
 ratio:0.85
2025-11-12 12:41:44,587 - INFO - Starting fdtd_solver() 
 width_ridge: 1.1e-05, 
 mmi_length:0.000158,
 taper_width=2.5e-06,
 ratio:0.85
2025-11-12 12:43:04,201 - INFO - Starting fdtd_solver() 
 width_ridge: 1.1e-05, 
 mmi_length:0.000158,
 taper_width=2.5e-06,
 ratio:0.85
2025-11-12 12:44:13,176 - INFO - Starting fdtd_solver() 
 width_ridge: 1.1e-05, 
 mmi_length:0.000158,
 taper_width=2.5e-06,
 ratio:0.85
2025-11-12 12:44:24,277 - INFO - Starting fdtd_solver() 
 width_ridge: 1.1e-05, 
 mmi_length:0.000158,
 taper_width=2.5e-06,
 ratio:0.85
2025-11-12 12:44:47,241 - INFO - Starting fdtd_solver() 
 width_ridge: 1.1e-05, 
 mmi_length:0.000158,
 taper_width=2.5e-06,
 ratio:0.85
2025-11-12 12:45:41,621 - INFO - Starting fdtd_solver() 
 width_ridge: 1.1e-05, 
 mmi_length:0.000158,
 taper_width=2.5e-06,
 ratio:0.85
2025-11-12 12:46:02,738 - INFO - Starting fdtd_solver() 
 width_ridge: 1.1e-05, 
 mmi_length:0.000158,
 taper_width=2.5e-06,
 ratio:0.85
2025-11-12 12:47:09,862 - INFO - Starting fdtd_solver() 
 width_ridge: 1.1e-05, 
 mmi_length:0.000158,
 taper_width=2.5e-06,
 ratio:0.85
2025-11-12 12:47:31,259 - INFO - Starting fdtd_solver() 
 width_ridge: 1.1e-05, 
 mmi_length:0.000158,
 taper_width=2.5e-06,
 ratio:0.85
2025-11-12 12:49:21,718 - INFO - Starting fdtd_solver() 
 width_ridge: 1.1e-05, 
 mmi_length:0.000158,
 taper_width=2.5e-06,
 ratio:0.85
2025-11-12 12:49:43,603 - INFO - Starting fdtd_solver() 
 width_ridge: 1.1e-05, 
 mmi_length:0.000158,
 taper_width=2.5e-06,
 ratio:0.85
2025-11-12 12:50:25,512 - INFO - Starting fdtd_solver() 
 width_ridge: 1.1e-05, 
 mmi_length:0.000158,
 taper_width=2.5e-06,
 ratio:0.85
2025-11-12 12:51:23,123 - INFO - Starting fdtd_solver() 
 width_ridge: 1.1e-05, 
 mmi_length:0.000158,
 taper_width=2.5e-06,
 ratio:0.85
2025-11-12 12:51:54,839 - INFO - Starting fdtd_solver() 
 width_ridge: 1.1e-05, 
 mmi_length:0.000158,
 taper_width=2.5e-06,
 ratio:0.85
2025-11-12 12:52:31,177 - INFO - Starting fdtd_solver() 
 width_ridge: 1.1e-05, 
 mmi_length:0.000158,
 taper_width=2.5e-06,
 ratio:0.85
2025-11-13 10:53:36,612 - INFO - Starting fdtd_solver() 
 width_ridge: 1.1e-05, 
 mmi_length:0.000158,
 taper_width=2.5e-06,
 ratio:0.85
2025-11-14 13:27:30,958 - INFO - Starting fdtd_solver() 
 width_ridge: 8.1e-06, 
 mmi_length:8.4e-05,
 taper_width=1.6e-06,
 ratio:0.85
2025-11-14 14:35:08,147 - INFO - Starting fdtd_solver() 
 width_ridge: 1.1e-05, 
 mmi_length:0.000158,
 taper_width=2.5e-06,
 ratio:0.85
2025-11-14 15:03:02,558 - INFO - Starting fdtd_solver() 
 width_ridge: 1.05e-05, 
 mmi_length:0.000158,
 taper_width=2.5e-06,
 ratio:0.85
2025-11-14 15:04:34,549 - INFO - Starting fdtd_solver() 
 width_ridge: 1.06e-05, 
 mmi_length:0.000158,
 taper_width=2.5e-06,
 ratio:0.85
2025-11-14 15:07:02,977 - INFO - Starting fdtd_solver() 
 width_ridge: 1.1e-05, 
 mmi_length:0.000158,
 taper_width=2.5e-06,
 ratio:0.85
2025-11-14 15:13:19,652 - INFO - Starting fdtd_solver() 
 width_ridge: 1.1e-05, 
 mmi_length:0.000158,
 taper_width=2.5e-06,
 ratio:0.85
2025-11-14 15:17:58,079 - INFO - Starting fdtd_solver() 
 width_ridge: 1.1e-05, 
 mmi_length:0.000158,
 taper_width=2.5e-06,
 ratio:0.85
2025-11-14 15:18:47,286 - INFO - Starting fdtd_solver() 
 width_ridge: 1.1e-05, 
 mmi_length:0.000158,
 taper_width=2.5e-06,
 ratio:0.85
2025-11-14 15:21:25,627 - INFO - Starting fdtd_solver() 
 width_ridge: 1.1e-05, 
 mmi_length:0.000158,
 taper_width=2.5e-06,
 ratio:0.85
2025-11-14 15:23:26,101 - INFO - Starting fdtd_solver() 
 width_ridge: 1.1e-05, 
 mmi_length:0.000158,
 taper_width=2.5e-06,
 ratio:0.85
2025-11-14 15:58:56,275 - INFO - Starting fdtd_solver() 
 width_ridge: 1.05e-05, 
 mmi_length:0.000158,
 taper_width=2.5e-06,
 ratio:0.85
2025-11-14 15:59:45,179 - ERROR - Error occured: "Can not find result 'T' in the result provider 'cross_port'" Obtained T_cross 0 and T_bar=0
2025-11-14 15:59:45,515 - INFO - Starting fdtd_solver() 
 width_ridge: 1.06e-05, 
 mmi_length:0.000158,
 taper_width=2.5e-06,
 ratio:0.85
2025-11-14 16:01:04,011 - ERROR - Error occured: "Can not find result 'T' in the result provider 'cross_port'" Obtained T_cross 0 and T_bar=0
2025-11-14 16:01:04,338 - INFO - Starting fdtd_solver() 
 width_ridge: 1.07e-05, 
 mmi_length:0.000158,
 taper_width=2.5e-06,
 ratio:0.85
2025-11-14 16:09:05,883 - INFO - Starting fdtd_solver() 
 width_ridge: 1.1e-05, 
 mmi_length:0.000158,
 taper_width=2.5e-06,
 ratio:0.85
2025-11-14 16:09:25,743 - ERROR - Error occured: "Can not find result 'T' in the result provider 'cross_port'" Obtained T_cross 0 and T_bar=0
2025-11-14 16:09:26,059 - INFO - Starting fdtd_solver() 
 width_ridge: 1.1e-05, 
 mmi_length:0.000158,
 taper_width=2.5e-06,
 ratio:0.85
