2025-11-12 13:09:42,383 - INFO - Starting fdtd_solver() 
 width_ridge: 1.1e-05, 
 mmi_length:0.000158,
 taper_width=2.5e-06,
 ratio:0.5
2025-11-12 13:10:16,934 - INFO - Starting fdtd_solver() 
 width_ridge: 1.1e-05, 
 mmi_length:0.000158,
 taper_width=2.5e-06,
 ratio:0.5
2025-11-12 13:10:45,378 - INFO - Starting fdtd_solver() 
 width_ridge: 1.1e-05, 
 mmi_length:0.000158,
 taper_width=2.5e-06,
 ratio:0.5
2025-11-12 13:11:43,448 - INFO - Starting fdtd_solver() 
 width_ridge: 1.1e-05, 
 mmi_length:0.000158,
 taper_width=2.5e-06,
 ratio:0.5
2025-11-12 13:12:15,243 - INFO - Starting fdtd_solver() 
 width_ridge: 1.1e-05, 
 mmi_length:0.000158,
 taper_width=2.5e-06,
 ratio:0.5
2025-11-12 13:13:42,414 - INFO - Starting fdtd_solver() 
 width_ridge: 1.1e-05, 
 mmi_length:0.000158,
 taper_width=2.5e-06,
 ratio:0.5
2025-11-12 13:15:22,663 - INFO - Starting fdtd_solver() 
 width_ridge: 1.1e-05, 
 mmi_length:0.000158,
 taper_width=2.5e-06,
 ratio:0.5
2025-11-13 18:57:29,652 - INFO - Starting fdtd_solver() 
 width_ridge: 1.1e-05, 
 mmi_length:0.000478,
 taper_width=2.5e-06,
 ratio:0.5
2025-11-13 18:59:37,417 - INFO - Starting fdtd_solver() 
 width_ridge: 1.1e-05, 
 mmi_length:0.000478,
 taper_width=2.5e-06,
 ratio:0.5
2025-11-13 19:01:22,732 - INFO - Starting fdtd_solver() 
 width_ridge: 1.1e-05, 
 mmi_length:8.7e-05,
 taper_width=2.5e-06,
 ratio:0.5
