2025-09-25 22:15:23,590 - INFO - Starting taper_width_colormap() 
 data_filename: taper_width_colormap_2700_8300nm 
 width_ridge: 8.3e-06, 
 mmi_length:7e-05,
 taper_width=2.7e-06,
 delta_y:0
2025-09-25 22:15:23,591 - INFO -  In taper_width_colormap() width_span [7.8e-06 7.9e-06 8.0e-06 8.1e-06 8.2e-06 8.3e-06 8.4e-06 8.5e-06 8.6e-06
 8.7e-06 8.8e-06],with taper span [2.2e-06 2.3e-06 2.4e-06 2.5e-06 2.6e-06 2.7e-06 2.8e-06 2.9e-06 3.0e-06
 3.1e-06 3.2e-06]
2025-09-25 22:19:24,551 - INFO - Starting taper_width_colormap() 
 data_filename: taper_width_colormap_2700_8300nm 
 width_ridge: 8.3e-06, 
 mmi_length:7e-05,
 taper_width=2.7e-06,
 delta_y:0
2025-09-25 22:19:24,553 - INFO -  In taper_width_colormap() width_span [7.8e-06 7.9e-06 8.0e-06 8.1e-06 8.2e-06 8.3e-06 8.4e-06 8.5e-06 8.6e-06
 8.7e-06 8.8e-06],with taper span [2.2e-06 2.3e-06 2.4e-06 2.5e-06 2.6e-06 2.7e-06 2.8e-06 2.9e-06 3.0e-06
 3.1e-06 3.2e-06]
2025-09-25 22:24:37,206 - INFO - Propagated from  5.0400000000000005e-05 to 8.04e-05
2025-09-25 22:26:11,269 - INFO - In taper_width_colormap obtained max_trans:0.4916761147865732,optimal_length: 6.560000000000001e-05 for width_ridge8.3e-06
2025-09-25 22:32:30,720 - INFO - In taper_width_colormap obtained transmission_matrix with shape (11, 11)
2025-09-25 22:33:02,987 - INFO - Propagated from  5.0400000000000005e-05 to 8.04e-05
2025-09-25 22:34:36,350 - INFO - In taper_width_colormap obtained max_trans:0.49271089378972693,optimal_length: 6.53e-05 for width_ridge8.3e-06
2025-09-25 22:40:56,597 - INFO - In taper_width_colormap obtained transmission_matrix with shape (11, 11)
2025-09-25 22:41:28,986 - INFO - Propagated from  5.0400000000000005e-05 to 8.04e-05
2025-09-25 22:43:04,941 - INFO - In taper_width_colormap obtained max_trans:0.49607850782190566,optimal_length: 6.54e-05 for width_ridge8.3e-06
2025-09-25 22:49:23,260 - INFO - In taper_width_colormap obtained transmission_matrix with shape (11, 11)
2025-09-25 22:49:55,270 - INFO - Propagated from  5.0400000000000005e-05 to 8.04e-05
2025-09-25 22:51:32,573 - INFO - In taper_width_colormap obtained max_trans:0.4923522216731031,optimal_length: 6.560000000000001e-05 for width_ridge8.3e-06
2025-09-25 22:56:13,551 - ERROR - in taper_width_colormap() error occured:'emepropagate cannot be used while in layout mode.'
2025-09-25 22:57:18,766 - INFO - Starting taper_width_colormap() 
 data_filename: taper_width_colormap_2700_8300nm 
 width_ridge: 8.3e-06, 
 mmi_length:7e-05,
 taper_width=2.7e-06,
 delta_y:0
2025-09-25 22:57:18,767 - INFO -  In taper_width_colormap() width_span [7.8e-06 7.9e-06 8.0e-06 8.1e-06 8.2e-06 8.3e-06 8.4e-06 8.5e-06 8.6e-06
 8.7e-06 8.8e-06],with taper span [2.2e-06 2.3e-06 2.4e-06 2.5e-06 2.6e-06 2.7e-06 2.8e-06 2.9e-06 3.0e-06
 3.1e-06 3.2e-06]
2025-09-25 23:02:41,323 - INFO - Propagated from  5.0400000000000005e-05 to 8.04e-05
2025-09-25 23:04:16,125 - INFO - In taper_width_colormap obtained max_trans:0.4916761147865649,optimal_length: 6.560000000000001e-05 for width_ridge8.3e-06
2025-09-25 23:10:56,063 - INFO - In taper_width_colormap obtained transmission_matrix with shape (11, 11)
2025-09-25 23:11:29,252 - INFO - Propagated from  5.0400000000000005e-05 to 8.04e-05
2025-09-25 23:13:03,233 - INFO - In taper_width_colormap obtained max_trans:0.49271089378972177,optimal_length: 6.53e-05 for width_ridge8.3e-06
2025-09-25 23:19:20,795 - INFO - In taper_width_colormap obtained transmission_matrix with shape (11, 11)
2025-09-25 23:19:52,881 - INFO - Propagated from  5.0400000000000005e-05 to 8.04e-05
2025-09-25 23:21:28,965 - INFO - In taper_width_colormap obtained max_trans:0.49607850782191143,optimal_length: 6.54e-05 for width_ridge8.3e-06
2025-09-25 23:27:52,343 - INFO - In taper_width_colormap obtained transmission_matrix with shape (11, 11)
2025-09-25 23:28:24,386 - INFO - Propagated from  5.0400000000000005e-05 to 8.04e-05
2025-09-25 23:29:58,161 - INFO - In taper_width_colormap obtained max_trans:0.4923522216731089,optimal_length: 6.560000000000001e-05 for width_ridge8.3e-06
2025-09-25 23:36:17,886 - INFO - In taper_width_colormap obtained transmission_matrix with shape (11, 11)
2025-09-25 23:36:49,880 - INFO - Propagated from  5.0400000000000005e-05 to 8.04e-05
2025-09-25 23:38:23,519 - INFO - In taper_width_colormap obtained max_trans:0.49302364757726136,optimal_length: 6.54e-05 for width_ridge8.3e-06
2025-09-25 23:44:46,194 - INFO - In taper_width_colormap obtained transmission_matrix with shape (11, 11)
2025-09-25 23:45:17,964 - INFO - Propagated from  5.0400000000000005e-05 to 8.04e-05
2025-09-25 23:46:51,690 - INFO - In taper_width_colormap obtained max_trans:0.4934442555527018,optimal_length: 6.54e-05 for width_ridge8.3e-06
2025-09-25 23:53:09,235 - INFO - In taper_width_colormap obtained transmission_matrix with shape (11, 11)
2025-09-25 23:53:41,297 - INFO - Propagated from  5.0400000000000005e-05 to 8.04e-05
2025-09-25 23:55:15,690 - INFO - In taper_width_colormap obtained max_trans:0.49248291673893874,optimal_length: 6.52e-05 for width_ridge8.3e-06
2025-09-26 00:01:36,942 - INFO - In taper_width_colormap obtained transmission_matrix with shape (11, 11)
2025-09-26 00:02:08,854 - INFO - Propagated from  5.0400000000000005e-05 to 8.04e-05
2025-09-26 00:03:42,524 - INFO - In taper_width_colormap obtained max_trans:0.49462919575763753,optimal_length: 6.560000000000001e-05 for width_ridge8.3e-06
2025-09-26 00:10:00,906 - INFO - In taper_width_colormap obtained transmission_matrix with shape (11, 11)
2025-09-26 00:10:33,077 - INFO - Propagated from  5.0400000000000005e-05 to 8.04e-05
2025-09-26 00:12:13,643 - INFO - In taper_width_colormap obtained max_trans:0.49407905336929453,optimal_length: 6.53e-05 for width_ridge8.3e-06
2025-09-26 00:18:34,410 - INFO - In taper_width_colormap obtained transmission_matrix with shape (11, 11)
2025-09-26 00:19:06,247 - INFO - Propagated from  5.0400000000000005e-05 to 8.04e-05
2025-09-26 00:20:40,422 - INFO - In taper_width_colormap obtained max_trans:0.491007484812693,optimal_length: 6.53e-05 for width_ridge8.3e-06
2025-09-26 00:26:56,801 - INFO - In taper_width_colormap obtained transmission_matrix with shape (11, 11)
2025-09-26 00:27:28,623 - INFO - Propagated from  5.0400000000000005e-05 to 8.04e-05
2025-09-26 00:29:02,563 - INFO - In taper_width_colormap obtained max_trans:0.4893077786717944,optimal_length: 6.48e-05 for width_ridge8.3e-06
2025-09-26 00:35:21,758 - INFO - In taper_width_colormap obtained transmission_matrix with shape (11, 11)
2025-09-26 10:04:12,002 - INFO - Starting taper_width_colormap() 
 data_filename: taper_width_colormap_2700_8300nm 
 width_ridge: 8.2e-06, 
 mmi_length:6e-05,
 taper_width=2.7e-06,
 delta_y:0
2025-09-26 10:04:12,003 - INFO -  In taper_width_colormap() width_span [7.7e-06 7.8e-06 7.9e-06 8.0e-06 8.1e-06 8.2e-06 8.3e-06 8.4e-06 8.5e-06
 8.6e-06 8.7e-06],with taper span [2.2e-06 2.3e-06 2.4e-06 2.5e-06 2.6e-06 2.7e-06 2.8e-06 2.9e-06 3.0e-06
 3.1e-06 3.2e-06]
2025-09-26 10:09:07,986 - INFO - Propagated from  1.9600000000000002e-05 to 4.96e-05
2025-09-26 10:09:07,987 - ERROR - in taper_width_colormap() error occured:'emesweep cannot be used while in layout mode.'
2025-09-26 10:10:56,986 - INFO - Starting taper_width_colormap() 
 data_filename: taper_width_colormap_2700_8300nm 
 width_ridge: 8.2e-06, 
 mmi_length:6e-05,
 taper_width=2.7e-06,
 delta_y:0
2025-09-26 10:10:56,992 - INFO -  In taper_width_colormap() width_span [7.7e-06 7.8e-06 7.9e-06 8.0e-06 8.1e-06 8.2e-06 8.3e-06 8.4e-06 8.5e-06
 8.6e-06 8.7e-06],with taper span [2.2e-06 2.3e-06 2.4e-06 2.5e-06 2.6e-06 2.7e-06 2.8e-06 2.9e-06 3.0e-06
 3.1e-06 3.2e-06]
2025-09-26 10:16:24,313 - INFO - Propagated from  1.9600000000000002e-05 to 4.96e-05
2025-09-26 10:17:56,913 - INFO - In taper_width_colormap obtained max_trans:0.47653793576911585,optimal_length: 3.38e-05 for width_ridge8.2e-06
2025-09-26 10:22:56,843 - INFO - In taper_width_colormap obtained transmission_matrix with shape (11, 11)
2025-09-26 10:23:25,364 - INFO - Propagated from  1.9600000000000002e-05 to 4.96e-05
2025-09-26 10:25:00,755 - INFO - In taper_width_colormap obtained max_trans:0.48390303220785774,optimal_length: 3.4200000000000005e-05 for width_ridge8.2e-06
2025-09-26 10:29:50,977 - INFO - In taper_width_colormap obtained transmission_matrix with shape (11, 11)
2025-09-26 10:30:13,375 - INFO - Propagated from  1.9600000000000002e-05 to 4.96e-05
2025-09-26 10:31:57,054 - INFO - In taper_width_colormap obtained max_trans:0.4805583447406209,optimal_length: 3.38e-05 for width_ridge8.2e-06
2025-09-26 10:37:03,232 - INFO - In taper_width_colormap obtained transmission_matrix with shape (11, 11)
2025-09-26 10:37:29,546 - INFO - Propagated from  1.9600000000000002e-05 to 4.96e-05
2025-09-26 10:39:20,073 - INFO - In taper_width_colormap obtained max_trans:0.48444307366656725,optimal_length: 3.37e-05 for width_ridge8.2e-06
2025-09-26 10:44:04,618 - INFO - In taper_width_colormap obtained transmission_matrix with shape (11, 11)
2025-09-26 10:44:28,180 - INFO - Propagated from  1.9600000000000002e-05 to 4.96e-05
2025-09-26 10:46:06,089 - INFO - In taper_width_colormap obtained max_trans:0.48639334647881927,optimal_length: 3.41e-05 for width_ridge8.2e-06
2025-09-26 10:50:53,456 - INFO - In taper_width_colormap obtained transmission_matrix with shape (11, 11)
2025-09-26 10:51:15,051 - INFO - Propagated from  1.9600000000000002e-05 to 4.96e-05
2025-09-26 10:53:01,676 - INFO - In taper_width_colormap obtained max_trans:0.4867623710247707,optimal_length: 3.46e-05 for width_ridge8.2e-06
2025-09-26 10:57:34,007 - INFO - In taper_width_colormap obtained transmission_matrix with shape (11, 11)
2025-09-26 10:57:57,708 - INFO - Propagated from  1.9600000000000002e-05 to 4.96e-05
2025-09-26 10:59:31,700 - INFO - In taper_width_colormap obtained max_trans:0.4775318372399198,optimal_length: 3.4200000000000005e-05 for width_ridge8.2e-06
2025-09-26 11:04:11,049 - INFO - In taper_width_colormap obtained transmission_matrix with shape (11, 11)
2025-09-26 11:04:34,598 - INFO - Propagated from  1.9600000000000002e-05 to 4.96e-05
2025-09-26 11:06:17,211 - INFO - In taper_width_colormap obtained max_trans:0.486737679331979,optimal_length: 3.34e-05 for width_ridge8.2e-06
2025-09-26 11:10:52,696 - INFO - In taper_width_colormap obtained transmission_matrix with shape (11, 11)
2025-09-26 11:11:15,678 - INFO - Propagated from  1.9600000000000002e-05 to 4.96e-05
2025-09-26 11:12:50,999 - INFO - In taper_width_colormap obtained max_trans:0.486870149997981,optimal_length: 3.35e-05 for width_ridge8.2e-06
2025-09-26 11:17:20,932 - INFO - In taper_width_colormap obtained transmission_matrix with shape (11, 11)
2025-09-26 11:17:44,071 - INFO - Propagated from  1.9600000000000002e-05 to 4.96e-05
2025-09-26 11:19:18,542 - INFO - In taper_width_colormap obtained max_trans:0.4859442568286253,optimal_length: 3.37e-05 for width_ridge8.2e-06
2025-09-26 11:23:50,013 - INFO - In taper_width_colormap obtained transmission_matrix with shape (11, 11)
2025-09-26 11:24:12,570 - INFO - Propagated from  1.9600000000000002e-05 to 4.96e-05
2025-09-26 11:25:47,834 - INFO - In taper_width_colormap obtained max_trans:0.4864055526034615,optimal_length: 3.39e-05 for width_ridge8.2e-06
2025-09-26 11:30:23,826 - INFO - In taper_width_colormap obtained transmission_matrix with shape (11, 11)
2025-09-26 12:02:11,097 - INFO - Starting taper_width_colormap() 
 data_filename: taper_width_colormap_3500_9500nm 
 width_ridge: 9.5e-06, 
 mmi_length:6e-05,
 taper_width=3.5e-06,
 delta_y:0
2025-09-26 12:02:11,098 - INFO -  In taper_width_colormap() width_span [9.0e-06 9.1e-06 9.2e-06 9.3e-06 9.4e-06 9.5e-06 9.6e-06 9.7e-06 9.8e-06
 9.9e-06 1.0e-05],with taper span [3.0e-06 3.1e-06 3.2e-06 3.3e-06 3.4e-06 3.5e-06 3.6e-06 3.7e-06 3.8e-06
 3.9e-06 4.0e-06]
2025-09-26 12:07:04,242 - INFO - Propagated from  2.96e-05 to 5.96e-05
2025-09-26 12:08:39,211 - INFO - In taper_width_colormap obtained max_trans:0.48235197689285664,optimal_length: 4.53e-05 for width_ridge9.5e-06
2025-09-26 12:13:17,101 - INFO - In taper_width_colormap obtained transmission_matrix with shape (11, 11)
2025-09-26 12:13:40,383 - INFO - Propagated from  2.96e-05 to 5.96e-05
2025-09-26 12:15:19,710 - INFO - In taper_width_colormap obtained max_trans:0.48400307185267916,optimal_length: 4.55e-05 for width_ridge9.5e-06
2025-09-26 12:20:32,024 - INFO - In taper_width_colormap obtained transmission_matrix with shape (11, 11)
2025-09-26 12:20:55,521 - INFO - Propagated from  2.96e-05 to 5.96e-05
2025-09-26 12:22:38,409 - INFO - In taper_width_colormap obtained max_trans:0.48396758133627843,optimal_length: 4.5900000000000004e-05 for width_ridge9.5e-06
2025-09-26 12:27:24,002 - INFO - In taper_width_colormap obtained transmission_matrix with shape (11, 11)
2025-09-26 12:27:47,747 - INFO - Propagated from  2.96e-05 to 5.96e-05
2025-09-26 12:29:25,469 - INFO - In taper_width_colormap obtained max_trans:0.4841126126990443,optimal_length: 4.5900000000000004e-05 for width_ridge9.5e-06
2025-09-26 12:34:26,828 - INFO - In taper_width_colormap obtained transmission_matrix with shape (11, 11)
2025-09-26 12:34:49,547 - INFO - Propagated from  2.96e-05 to 5.96e-05
2025-09-26 12:36:33,949 - INFO - In taper_width_colormap obtained max_trans:0.48419031053787137,optimal_length: 4.51e-05 for width_ridge9.5e-06
2025-09-26 12:41:25,163 - INFO - In taper_width_colormap obtained transmission_matrix with shape (11, 11)
2025-09-26 12:41:50,373 - INFO - Propagated from  2.96e-05 to 5.96e-05
2025-09-26 12:43:30,847 - INFO - In taper_width_colormap obtained max_trans:0.4817398811129876,optimal_length: 4.46e-05 for width_ridge9.5e-06
2025-09-26 12:48:16,511 - INFO - In taper_width_colormap obtained transmission_matrix with shape (11, 11)
2025-09-26 12:48:38,475 - INFO - Propagated from  2.96e-05 to 5.96e-05
2025-09-26 12:50:23,654 - INFO - In taper_width_colormap obtained max_trans:0.4845873504145476,optimal_length: 4.49e-05 for width_ridge9.5e-06
2025-09-26 12:55:06,381 - INFO - In taper_width_colormap obtained transmission_matrix with shape (11, 11)
2025-09-26 12:55:29,403 - INFO - Propagated from  2.96e-05 to 5.96e-05
2025-09-26 12:57:07,374 - INFO - In taper_width_colormap obtained max_trans:0.48523709928064035,optimal_length: 4.49e-05 for width_ridge9.5e-06
2025-09-26 13:01:45,751 - INFO - In taper_width_colormap obtained transmission_matrix with shape (11, 11)
2025-09-26 13:02:10,803 - INFO - Propagated from  2.96e-05 to 5.96e-05
2025-09-26 13:04:00,015 - INFO - In taper_width_colormap obtained max_trans:0.4867682433620766,optimal_length: 4.53e-05 for width_ridge9.5e-06
2025-09-26 13:08:33,323 - INFO - In taper_width_colormap obtained transmission_matrix with shape (11, 11)
2025-09-26 13:08:55,609 - INFO - Propagated from  2.96e-05 to 5.96e-05
2025-09-26 13:10:29,705 - INFO - In taper_width_colormap obtained max_trans:0.48938408810570583,optimal_length: 4.54e-05 for width_ridge9.5e-06
2025-09-26 13:15:28,570 - INFO - In taper_width_colormap obtained transmission_matrix with shape (11, 11)
2025-09-26 13:15:50,812 - INFO - Propagated from  2.96e-05 to 5.96e-05
2025-09-26 13:17:27,596 - INFO - In taper_width_colormap obtained max_trans:0.4930180679838457,optimal_length: 4.55e-05 for width_ridge9.5e-06
2025-09-26 13:22:04,249 - INFO - In taper_width_colormap obtained transmission_matrix with shape (11, 11)
2025-09-26 13:40:41,193 - INFO - Starting taper_width_colormap() 
 data_filename: taper_width_colormap_4400_11000nm 
 width_ridge: 1.1e-05, 
 mmi_length:6e-05,
 taper_width=4.4e-06,
 delta_y:0
2025-09-26 13:40:41,194 - INFO -  In taper_width_colormap() width_span [1.05e-05 1.06e-05 1.07e-05 1.08e-05 1.09e-05 1.10e-05 1.11e-05 1.12e-05
 1.13e-05 1.14e-05 1.15e-05],with taper span [3.9e-06 4.0e-06 4.1e-06 4.2e-06 4.3e-06 4.4e-06 4.5e-06 4.6e-06 4.7e-06
 4.8e-06 4.9e-06]
2025-09-26 13:46:03,625 - INFO - Propagated from  4.53e-05 to 7.53e-05
2025-09-26 13:47:47,128 - INFO - In taper_width_colormap obtained max_trans:0.4898320118464022,optimal_length: 6.08e-05 for width_ridge1.1e-05
2025-09-26 13:53:05,921 - INFO - In taper_width_colormap obtained transmission_matrix with shape (11, 11)
2025-09-26 13:53:33,522 - INFO - Propagated from  4.53e-05 to 7.53e-05
2025-09-26 13:55:11,479 - INFO - In taper_width_colormap obtained max_trans:0.4924688329456856,optimal_length: 6.08e-05 for width_ridge1.1e-05
2025-09-26 14:00:42,883 - INFO - In taper_width_colormap obtained transmission_matrix with shape (11, 11)
2025-09-26 14:01:09,443 - INFO - Propagated from  4.53e-05 to 7.53e-05
2025-09-26 14:02:52,985 - INFO - In taper_width_colormap obtained max_trans:0.492192094637967,optimal_length: 6.06e-05 for width_ridge1.1e-05
2025-09-26 14:08:24,344 - INFO - In taper_width_colormap obtained transmission_matrix with shape (11, 11)
2025-09-26 14:08:51,242 - INFO - Propagated from  4.53e-05 to 7.53e-05
2025-09-26 14:10:27,292 - INFO - In taper_width_colormap obtained max_trans:0.4916927962960936,optimal_length: 6.08e-05 for width_ridge1.1e-05
2025-09-26 14:15:54,010 - INFO - In taper_width_colormap obtained transmission_matrix with shape (11, 11)
2025-09-26 14:16:19,540 - INFO - Propagated from  4.53e-05 to 7.53e-05
2025-09-26 14:17:56,141 - INFO - In taper_width_colormap obtained max_trans:0.48820047314205384,optimal_length: 6.06e-05 for width_ridge1.1e-05
2025-09-26 14:23:05,255 - INFO - In taper_width_colormap obtained transmission_matrix with shape (11, 11)
2025-09-26 14:23:31,173 - INFO - Propagated from  4.53e-05 to 7.53e-05
2025-09-26 14:25:07,300 - INFO - In taper_width_colormap obtained max_trans:0.4876052620507241,optimal_length: 6.03e-05 for width_ridge1.1e-05
2025-09-26 14:30:12,403 - INFO - In taper_width_colormap obtained transmission_matrix with shape (11, 11)
2025-09-26 14:30:38,777 - INFO - Propagated from  4.53e-05 to 7.53e-05
2025-09-26 14:32:14,443 - INFO - In taper_width_colormap obtained max_trans:0.4883904084725435,optimal_length: 6.050000000000001e-05 for width_ridge1.1e-05
2025-09-26 14:37:28,130 - INFO - In taper_width_colormap obtained transmission_matrix with shape (11, 11)
2025-09-26 14:37:54,387 - INFO - Propagated from  4.53e-05 to 7.53e-05
2025-09-26 14:39:29,933 - INFO - In taper_width_colormap obtained max_trans:0.4880508394539202,optimal_length: 6.0400000000000004e-05 for width_ridge1.1e-05
2025-09-26 14:44:41,784 - INFO - In taper_width_colormap obtained transmission_matrix with shape (11, 11)
2025-09-26 14:45:12,080 - INFO - Propagated from  4.53e-05 to 7.53e-05
2025-09-26 14:46:47,826 - INFO - In taper_width_colormap obtained max_trans:0.48747300190030096,optimal_length: 5.9900000000000006e-05 for width_ridge1.1e-05
2025-09-26 14:51:57,496 - INFO - In taper_width_colormap obtained transmission_matrix with shape (11, 11)
2025-09-26 14:52:24,202 - INFO - Propagated from  4.53e-05 to 7.53e-05
2025-09-26 14:54:00,756 - INFO - In taper_width_colormap obtained max_trans:0.48666925209607237,optimal_length: 5.9900000000000006e-05 for width_ridge1.1e-05
2025-09-26 14:59:07,040 - INFO - In taper_width_colormap obtained transmission_matrix with shape (11, 11)
2025-09-26 14:59:33,381 - INFO - Propagated from  4.53e-05 to 7.53e-05
2025-09-26 15:01:11,776 - INFO - In taper_width_colormap obtained max_trans:0.4874457313685226,optimal_length: 6.02e-05 for width_ridge1.1e-05
2025-09-26 15:06:44,915 - INFO - In taper_width_colormap obtained transmission_matrix with shape (11, 11)
2025-09-27 13:08:35,002 - INFO - Starting taper_width_colormap() 
 data_filename: taper_width_colormap_2500_11000nm 
 width_ridge: 1.1e-05, 
 mmi_length:6e-05,
 taper_width=2.5e-06,
 delta_y:0
2025-09-27 13:08:35,004 - INFO -  In taper_width_colormap() width_span [1.05e-05 1.06e-05 1.07e-05 1.08e-05 1.09e-05 1.10e-05 1.11e-05 1.12e-05
 1.13e-05 1.14e-05 1.15e-05],with taper span [2.0e-06 2.1e-06 2.2e-06 2.3e-06 2.4e-06 2.5e-06 2.6e-06 2.7e-06 2.8e-06
 2.9e-06 3.0e-06]
2025-09-27 13:13:53,788 - INFO - Propagated from  0.0001478 to 0.0001778
2025-09-27 13:15:28,037 - INFO - In taper_width_colormap obtained max_trans:0.8712258458322446,optimal_length: 0.00016179999999999998 for width_ridge1.1e-05
2025-09-27 13:20:36,030 - INFO - In taper_width_colormap obtained transmission_matrix with shape (11, 11)
2025-09-27 13:21:02,519 - INFO - Propagated from  0.0001478 to 0.0001778
2025-09-27 13:22:37,785 - INFO - In taper_width_colormap obtained max_trans:0.8912510220987288,optimal_length: 0.00016199999999999998 for width_ridge1.1e-05
2025-09-27 13:27:43,288 - INFO - In taper_width_colormap obtained transmission_matrix with shape (11, 11)
2025-09-27 13:28:09,769 - INFO - Propagated from  0.0001478 to 0.0001778
2025-09-27 13:29:44,192 - INFO - In taper_width_colormap obtained max_trans:0.9079838958972414,optimal_length: 0.00016209999999999998 for width_ridge1.1e-05
2025-09-27 13:34:52,716 - INFO - In taper_width_colormap obtained transmission_matrix with shape (11, 11)
2025-09-27 13:35:19,191 - INFO - Propagated from  0.0001478 to 0.0001778
2025-09-27 13:36:53,923 - INFO - In taper_width_colormap obtained max_trans:0.9216235755522786,optimal_length: 0.0001624 for width_ridge1.1e-05
2025-09-27 13:42:02,536 - INFO - In taper_width_colormap obtained transmission_matrix with shape (11, 11)
2025-09-27 13:42:28,401 - INFO - Propagated from  0.0001478 to 0.0001778
2025-09-27 13:44:02,804 - INFO - In taper_width_colormap obtained max_trans:0.9217340704015735,optimal_length: 0.0001624 for width_ridge1.1e-05
2025-09-27 13:49:09,362 - INFO - In taper_width_colormap obtained transmission_matrix with shape (11, 11)
2025-09-27 13:49:35,631 - INFO - Propagated from  0.0001478 to 0.0001778
2025-09-27 13:51:14,197 - INFO - In taper_width_colormap obtained max_trans:0.9386258913578484,optimal_length: 0.0001628 for width_ridge1.1e-05
2025-09-27 13:56:22,365 - INFO - In taper_width_colormap obtained transmission_matrix with shape (11, 11)
2025-09-27 13:56:48,736 - INFO - Propagated from  0.0001478 to 0.0001778
2025-09-27 13:58:23,890 - INFO - In taper_width_colormap obtained max_trans:0.9484017163302063,optimal_length: 0.00016289999999999998 for width_ridge1.1e-05
2025-09-27 14:03:37,700 - INFO - In taper_width_colormap obtained transmission_matrix with shape (11, 11)
2025-09-27 14:04:03,978 - INFO - Propagated from  0.0001478 to 0.0001778
2025-09-27 14:05:39,228 - INFO - In taper_width_colormap obtained max_trans:0.9585667560173647,optimal_length: 0.00016289999999999998 for width_ridge1.1e-05
2025-09-27 14:10:44,542 - INFO - In taper_width_colormap obtained transmission_matrix with shape (11, 11)
2025-09-27 14:11:11,049 - INFO - Propagated from  0.0001478 to 0.0001778
2025-09-27 14:12:46,136 - INFO - In taper_width_colormap obtained max_trans:0.9651891121686694,optimal_length: 0.00016319999999999998 for width_ridge1.1e-05
2025-09-27 14:17:53,796 - INFO - In taper_width_colormap obtained transmission_matrix with shape (11, 11)
2025-09-27 14:18:20,275 - INFO - Propagated from  0.0001478 to 0.0001778
2025-09-27 14:19:55,057 - INFO - In taper_width_colormap obtained max_trans:0.9731373649897036,optimal_length: 0.00016329999999999998 for width_ridge1.1e-05
2025-09-27 14:25:03,281 - INFO - In taper_width_colormap obtained transmission_matrix with shape (11, 11)
2025-09-27 14:25:32,117 - INFO - Propagated from  0.0001478 to 0.0001778
2025-09-27 14:27:07,271 - INFO - In taper_width_colormap obtained max_trans:0.9737601473225478,optimal_length: 0.00016299999999999998 for width_ridge1.1e-05
2025-09-27 14:32:26,421 - INFO - In taper_width_colormap obtained transmission_matrix with shape (11, 11)
2025-09-29 08:39:52,858 - INFO - Starting taper_width_colormap() 
 data_filename: taper_width_colormap_2500_11000nm 
 width_ridge: 8.5e-06, 
 mmi_length:6e-05,
 taper_width=1.7e-06,
 delta_y:0
2025-09-29 08:39:52,859 - INFO -  In taper_width_colormap() width_span [8.0e-06 8.1e-06 8.2e-06 8.3e-06 8.4e-06 8.5e-06 8.6e-06 8.7e-06 8.8e-06
 8.9e-06 9.0e-06],with taper span [1.2e-06 1.3e-06 1.4e-06 1.5e-06 1.6e-06 1.7e-06 1.8e-06 1.9e-06 2.0e-06
 2.1e-06 2.2e-06]
2025-09-29 08:46:33,457 - INFO - Propagated from  8.2e-05 to 0.000112
2025-09-29 08:48:15,944 - INFO - In taper_width_colormap obtained max_trans:0.8566521437768176,optimal_length: 9.7e-05 for width_ridge8.5e-06
2025-09-29 08:53:20,912 - INFO - In taper_width_colormap obtained transmission_matrix with shape (11, 11)
2025-09-29 08:53:47,264 - INFO - Propagated from  8.2e-05 to 0.000112
2025-09-29 08:55:18,609 - INFO - In taper_width_colormap obtained max_trans:0.8728283029146408,optimal_length: 9.7e-05 for width_ridge8.5e-06
2025-09-29 09:00:35,266 - INFO - In taper_width_colormap obtained transmission_matrix with shape (11, 11)
2025-09-29 09:00:59,607 - INFO - Propagated from  8.2e-05 to 0.000112
2025-09-29 09:02:30,056 - INFO - In taper_width_colormap obtained max_trans:0.8820084735796682,optimal_length: 9.69e-05 for width_ridge8.5e-06
2025-09-29 09:07:47,041 - INFO - In taper_width_colormap obtained transmission_matrix with shape (11, 11)
2025-09-29 09:08:14,738 - INFO - Propagated from  8.2e-05 to 0.000112
2025-09-29 09:10:00,738 - INFO - In taper_width_colormap obtained max_trans:0.9028102395943093,optimal_length: 9.69e-05 for width_ridge8.5e-06
2025-09-29 09:15:01,770 - INFO - In taper_width_colormap obtained transmission_matrix with shape (11, 11)
2025-09-29 09:15:25,924 - INFO - Propagated from  8.2e-05 to 0.000112
2025-09-29 09:16:56,766 - INFO - In taper_width_colormap obtained max_trans:0.9212297376652069,optimal_length: 9.69e-05 for width_ridge8.5e-06
2025-09-29 09:21:50,147 - INFO - In taper_width_colormap obtained transmission_matrix with shape (11, 11)
2025-09-29 09:22:13,228 - INFO - Propagated from  8.2e-05 to 0.000112
2025-09-29 09:23:51,818 - INFO - In taper_width_colormap obtained max_trans:0.9391484427650457,optimal_length: 9.7e-05 for width_ridge8.5e-06
2025-09-29 09:28:39,145 - INFO - In taper_width_colormap obtained transmission_matrix with shape (11, 11)
2025-09-29 09:29:02,296 - INFO - Propagated from  8.2e-05 to 0.000112
2025-09-29 09:30:40,078 - INFO - In taper_width_colormap obtained max_trans:0.9484533924653306,optimal_length: 9.69e-05 for width_ridge8.5e-06
2025-09-29 09:35:53,180 - INFO - In taper_width_colormap obtained transmission_matrix with shape (11, 11)
2025-09-29 09:36:16,933 - INFO - Propagated from  8.2e-05 to 0.000112
2025-09-29 09:37:53,985 - INFO - In taper_width_colormap obtained max_trans:0.9481735606026418,optimal_length: 9.7e-05 for width_ridge8.5e-06
2025-09-29 09:42:57,871 - INFO - In taper_width_colormap obtained transmission_matrix with shape (11, 11)
2025-09-29 09:43:20,904 - INFO - Propagated from  8.2e-05 to 0.000112
2025-09-29 09:44:58,451 - INFO - In taper_width_colormap obtained max_trans:0.9577286302025846,optimal_length: 9.7e-05 for width_ridge8.5e-06
2025-09-29 09:49:38,093 - INFO - In taper_width_colormap obtained transmission_matrix with shape (11, 11)
2025-09-29 09:50:03,046 - INFO - Propagated from  8.2e-05 to 0.000112
2025-09-29 09:51:37,807 - INFO - In taper_width_colormap obtained max_trans:0.9552659199018536,optimal_length: 9.7e-05 for width_ridge8.5e-06
2025-09-29 09:56:32,709 - INFO - In taper_width_colormap obtained transmission_matrix with shape (11, 11)
2025-09-29 09:56:56,550 - INFO - Propagated from  8.2e-05 to 0.000112
2025-09-29 09:58:46,846 - INFO - In taper_width_colormap obtained max_trans:0.9703811489476764,optimal_length: 9.71e-05 for width_ridge8.5e-06
2025-09-29 10:03:30,437 - INFO - In taper_width_colormap obtained transmission_matrix with shape (11, 11)
2025-09-29 12:07:18,933 - INFO - Starting taper_width_colormap() 
 data_filename: taper_width_colormap_2500_11000nm 
 width_ridge: 1.1e-05, 
 mmi_length:8.1e-05,
 taper_width=2.5e-06,
 delta_y:0
2025-09-29 12:07:18,938 - INFO -  In taper_width_colormap() width_span [1.05e-05 1.06e-05 1.07e-05 1.08e-05 1.09e-05 1.10e-05 1.11e-05 1.12e-05
 1.13e-05 1.14e-05 1.15e-05],with taper span [2.0e-06 2.1e-06 2.2e-06 2.3e-06 2.4e-06 2.5e-06 2.6e-06 2.7e-06 2.8e-06
 2.9e-06 3.0e-06]
2025-09-29 12:09:28,459 - INFO - Starting taper_width_colormap_3db() 
 data_filename: taper_width_colormap_3db_2500_11000nm 
 width_ridge: 1.1e-05, 
 mmi_length:8.1e-05,
 taper_width=2.5e-06,
 delta_y:0
2025-09-29 12:09:28,460 - INFO -  In taper_width_colormap_3db() width_span [1.05e-05 1.06e-05 1.07e-05 1.08e-05 1.09e-05 1.10e-05 1.11e-05 1.12e-05
 1.13e-05 1.14e-05 1.15e-05],with taper span [2.0e-06 2.1e-06 2.2e-06 2.3e-06 2.4e-06 2.5e-06 2.6e-06 2.7e-06 2.8e-06
 2.9e-06 3.0e-06]
2025-09-29 12:11:45,520 - INFO - Propagated from  7.12e-05 to 9.12e-05
2025-09-29 12:13:03,025 - INFO - In taper_width_colormap obtained for 4:0.4735956848550196,optimal_length for 4 monitor: 8.09e-05 for width_ridge1.1e-05In taper_width_colormap obtained for 3:0.4634534601293019,optimal_length for 3 monitor: 8.03e-05 for width_ridge1.1e-05
2025-09-29 12:18:44,663 - INFO - In taper_width_colormap obtained transmission_matrix with shape (11, 11, 2)
2025-09-29 12:19:10,324 - INFO - Propagated from  7.12e-05 to 9.12e-05
2025-09-29 12:20:23,703 - INFO - In taper_width_colormap obtained for 4:0.4813911779934381,optimal_length for 4 monitor: 8.08e-05 for width_ridge1.1e-05In taper_width_colormap obtained for 3:0.4695987577008213,optimal_length for 3 monitor: 8.06e-05 for width_ridge1.1e-05
2025-09-29 12:26:21,344 - INFO - In taper_width_colormap obtained transmission_matrix with shape (11, 11, 2)
2025-09-29 12:26:48,269 - INFO - Propagated from  7.12e-05 to 9.12e-05
2025-09-29 12:27:55,985 - INFO - In taper_width_colormap obtained for 4:0.4863587920770831,optimal_length for 4 monitor: 8.09e-05 for width_ridge1.1e-05In taper_width_colormap obtained for 3:0.47639956294039604,optimal_length for 3 monitor: 8.07e-05 for width_ridge1.1e-05
2025-09-29 12:32:59,034 - INFO - In taper_width_colormap obtained transmission_matrix with shape (11, 11, 2)
2025-09-29 12:33:23,425 - INFO - Propagated from  7.12e-05 to 9.12e-05
2025-09-29 12:34:28,267 - INFO - In taper_width_colormap obtained for 4:0.4841559306657839,optimal_length for 4 monitor: 8.099999999999999e-05 for width_ridge1.1e-05In taper_width_colormap obtained for 3:0.47293775850287284,optimal_length for 3 monitor: 8.08e-05 for width_ridge1.1e-05
2025-09-29 12:39:50,129 - INFO - In taper_width_colormap obtained transmission_matrix with shape (11, 11, 2)
2025-09-29 12:40:14,669 - INFO - Propagated from  7.12e-05 to 9.12e-05
2025-09-29 12:41:19,278 - INFO - In taper_width_colormap obtained for 4:0.4791408508614399,optimal_length for 4 monitor: 8.109999999999999e-05 for width_ridge1.1e-05In taper_width_colormap obtained for 3:0.46745847978363864,optimal_length for 3 monitor: 8.099999999999999e-05 for width_ridge1.1e-05
2025-09-29 12:47:05,692 - INFO - In taper_width_colormap obtained transmission_matrix with shape (11, 11, 2)
2025-09-29 12:47:30,839 - INFO - Propagated from  7.12e-05 to 9.12e-05
2025-09-29 12:48:47,463 - INFO - In taper_width_colormap obtained for 4:0.4851890550376151,optimal_length for 4 monitor: 8.12e-05 for width_ridge1.1e-05In taper_width_colormap obtained for 3:0.48000582198296027,optimal_length for 3 monitor: 8.14e-05 for width_ridge1.1e-05
2025-09-29 12:53:56,231 - INFO - In taper_width_colormap obtained transmission_matrix with shape (11, 11, 2)
2025-09-29 12:54:21,663 - INFO - Propagated from  7.12e-05 to 9.12e-05
2025-09-29 12:55:44,744 - INFO - In taper_width_colormap obtained for 4:0.4862490879551824,optimal_length for 4 monitor: 8.13e-05 for width_ridge1.1e-05In taper_width_colormap obtained for 3:0.4854562994774741,optimal_length for 3 monitor: 8.15e-05 for width_ridge1.1e-05
2025-09-29 13:01:32,573 - INFO - In taper_width_colormap obtained transmission_matrix with shape (11, 11, 2)
2025-09-29 13:02:01,439 - INFO - Propagated from  7.12e-05 to 9.12e-05
2025-09-29 13:03:21,640 - INFO - In taper_width_colormap obtained for 4:0.48638827200284357,optimal_length for 4 monitor: 8.12e-05 for width_ridge1.1e-05In taper_width_colormap obtained for 3:0.48735718254220023,optimal_length for 3 monitor: 8.15e-05 for width_ridge1.1e-05
2025-09-29 13:08:40,567 - INFO - In taper_width_colormap obtained transmission_matrix with shape (11, 11, 2)
2025-09-29 13:09:06,329 - INFO - Propagated from  7.12e-05 to 9.12e-05
2025-09-29 13:10:11,053 - INFO - In taper_width_colormap obtained for 4:0.4873364334445366,optimal_length for 4 monitor: 8.14e-05 for width_ridge1.1e-05In taper_width_colormap obtained for 3:0.49186411512594463,optimal_length for 3 monitor: 8.17e-05 for width_ridge1.1e-05
2025-09-29 13:15:49,998 - INFO - In taper_width_colormap obtained transmission_matrix with shape (11, 11, 2)
2025-09-29 13:16:16,082 - INFO - Propagated from  7.12e-05 to 9.12e-05
2025-09-29 13:17:20,966 - INFO - In taper_width_colormap obtained for 4:0.48728714571817217,optimal_length for 4 monitor: 8.159999999999999e-05 for width_ridge1.1e-05In taper_width_colormap obtained for 3:0.4955871823314573,optimal_length for 3 monitor: 8.18e-05 for width_ridge1.1e-05
2025-09-29 13:22:41,570 - INFO - In taper_width_colormap obtained transmission_matrix with shape (11, 11, 2)
2025-09-29 13:23:09,180 - INFO - Propagated from  7.12e-05 to 9.12e-05
2025-09-29 13:24:19,421 - INFO - In taper_width_colormap obtained for 4:0.4860000382692029,optimal_length for 4 monitor: 8.13e-05 for width_ridge1.1e-05In taper_width_colormap obtained for 3:0.4944596961957823,optimal_length for 3 monitor: 8.12e-05 for width_ridge1.1e-05
2025-09-29 13:29:38,041 - INFO - In taper_width_colormap obtained transmission_matrix with shape (11, 11, 2)
2025-09-29 13:44:51,362 - INFO - Starting taper_width_colormap_3db() 
 data_filename: taper_width_colormap_3db_2500_11000nm 
 width_ridge: 1.1e-05, 
 mmi_length:8.1e-05,
 taper_width=2.5e-06,
 delta_y:0
2025-09-29 13:44:51,364 - INFO -  In taper_width_colormap_3db() width_span [1.05e-05 1.06e-05 1.07e-05 1.08e-05 1.09e-05 1.10e-05 1.11e-05 1.12e-05
 1.13e-05 1.14e-05 1.15e-05],with taper span [2.0e-06 2.1e-06 2.2e-06 2.3e-06 2.4e-06 2.5e-06 2.6e-06 2.7e-06 2.8e-06
 2.9e-06 3.0e-06]
2025-09-29 13:47:11,812 - INFO - Propagated from  7.12e-05 to 9.12e-05
2025-09-29 13:48:36,738 - INFO - In taper_width_colormap obtained for 4:0.4735956848550224,optimal_length for 4 monitor: 8.09e-05 for width_ridge1.1e-05In taper_width_colormap obtained for 3:0.4634534601293075,optimal_length for 3 monitor: 8.03e-05 for width_ridge1.1e-05
2025-09-29 13:48:36,739 - INFO - optimal length selected as mean value8.060000000000001e-05
2025-09-29 13:54:01,495 - INFO - In taper_width_colormap obtained transmission_matrix with shape (11, 11, 2)
2025-09-29 13:54:26,124 - INFO - Propagated from  7.12e-05 to 9.12e-05
2025-09-29 13:55:33,537 - INFO - In taper_width_colormap obtained for 4:0.4813911779934449,optimal_length for 4 monitor: 8.08e-05 for width_ridge1.1e-05In taper_width_colormap obtained for 3:0.46959875770078296,optimal_length for 3 monitor: 8.06e-05 for width_ridge1.1e-05
2025-09-29 13:55:33,537 - INFO - optimal length selected as mean value8.07e-05
2025-09-29 14:00:42,433 - INFO - In taper_width_colormap obtained transmission_matrix with shape (11, 11, 2)
2025-09-29 14:01:06,583 - INFO - Propagated from  7.12e-05 to 9.12e-05
2025-09-29 14:02:10,852 - INFO - In taper_width_colormap obtained for 4:0.4863587920770444,optimal_length for 4 monitor: 8.09e-05 for width_ridge1.1e-05In taper_width_colormap obtained for 3:0.47639956294036906,optimal_length for 3 monitor: 8.07e-05 for width_ridge1.1e-05
2025-09-29 14:02:10,853 - INFO - optimal length selected as mean value8.08e-05
2025-09-29 14:07:35,872 - INFO - In taper_width_colormap obtained transmission_matrix with shape (11, 11, 2)
2025-09-29 14:08:00,335 - INFO - Propagated from  7.12e-05 to 9.12e-05
2025-09-29 14:09:04,071 - INFO - In taper_width_colormap obtained for 4:0.48415593066569074,optimal_length for 4 monitor: 8.099999999999999e-05 for width_ridge1.1e-05In taper_width_colormap obtained for 3:0.47293775850282105,optimal_length for 3 monitor: 8.08e-05 for width_ridge1.1e-05
2025-09-29 14:09:04,071 - INFO - optimal length selected as mean value8.089999999999999e-05
2025-09-29 14:14:01,589 - INFO - In taper_width_colormap obtained transmission_matrix with shape (11, 11, 2)
2025-09-29 14:14:25,854 - INFO - Propagated from  7.12e-05 to 9.12e-05
2025-09-29 14:15:31,140 - INFO - In taper_width_colormap obtained for 4:0.47914085086138875,optimal_length for 4 monitor: 8.109999999999999e-05 for width_ridge1.1e-05In taper_width_colormap obtained for 3:0.46745847978364835,optimal_length for 3 monitor: 8.099999999999999e-05 for width_ridge1.1e-05
2025-09-29 14:15:31,140 - INFO - optimal length selected as mean value8.104999999999999e-05
2025-09-29 14:20:21,289 - INFO - In taper_width_colormap obtained transmission_matrix with shape (11, 11, 2)
2025-09-29 14:20:45,085 - INFO - Propagated from  7.12e-05 to 9.12e-05
2025-09-29 14:21:55,316 - INFO - In taper_width_colormap obtained for 4:0.4851890550376363,optimal_length for 4 monitor: 8.12e-05 for width_ridge1.1e-05In taper_width_colormap obtained for 3:0.48000582198297675,optimal_length for 3 monitor: 8.14e-05 for width_ridge1.1e-05
2025-09-29 14:21:55,316 - INFO - optimal length selected as mean value8.13e-05
2025-09-29 14:27:06,149 - INFO - In taper_width_colormap obtained transmission_matrix with shape (11, 11, 2)
2025-09-29 14:27:30,740 - INFO - Propagated from  7.12e-05 to 9.12e-05
2025-09-29 14:28:36,436 - INFO - In taper_width_colormap obtained for 4:0.4862490879551485,optimal_length for 4 monitor: 8.13e-05 for width_ridge1.1e-05In taper_width_colormap obtained for 3:0.4854562994774945,optimal_length for 3 monitor: 8.15e-05 for width_ridge1.1e-05
2025-09-29 14:28:36,436 - INFO - optimal length selected as mean value8.14e-05
2025-09-29 14:34:05,211 - INFO - In taper_width_colormap obtained transmission_matrix with shape (11, 11, 2)
2025-09-29 14:34:29,776 - INFO - Propagated from  7.12e-05 to 9.12e-05
2025-09-29 14:35:41,966 - INFO - In taper_width_colormap obtained for 4:0.48638827200287127,optimal_length for 4 monitor: 8.12e-05 for width_ridge1.1e-05In taper_width_colormap obtained for 3:0.48735718254224253,optimal_length for 3 monitor: 8.15e-05 for width_ridge1.1e-05
2025-09-29 14:35:41,966 - INFO - optimal length selected as mean value8.135e-05
2025-09-29 14:40:49,068 - INFO - In taper_width_colormap obtained transmission_matrix with shape (11, 11, 2)
2025-09-29 14:41:12,977 - INFO - Propagated from  7.12e-05 to 9.12e-05
2025-09-29 14:42:20,543 - INFO - In taper_width_colormap obtained for 4:0.48733643344452204,optimal_length for 4 monitor: 8.14e-05 for width_ridge1.1e-05In taper_width_colormap obtained for 3:0.4918641151259994,optimal_length for 3 monitor: 8.17e-05 for width_ridge1.1e-05
2025-09-29 14:42:20,544 - INFO - optimal length selected as mean value8.155e-05
2025-09-29 14:47:24,086 - INFO - In taper_width_colormap obtained transmission_matrix with shape (11, 11, 2)
2025-09-29 14:47:51,324 - INFO - Propagated from  7.12e-05 to 9.12e-05
2025-09-29 14:48:57,609 - INFO - In taper_width_colormap obtained for 4:0.4872871457181889,optimal_length for 4 monitor: 8.159999999999999e-05 for width_ridge1.1e-05In taper_width_colormap obtained for 3:0.4955871823314575,optimal_length for 3 monitor: 8.18e-05 for width_ridge1.1e-05
2025-09-29 14:48:57,609 - INFO - optimal length selected as mean value8.17e-05
2025-09-29 14:54:15,847 - INFO - In taper_width_colormap obtained transmission_matrix with shape (11, 11, 2)
2025-09-29 14:54:41,920 - INFO - Propagated from  7.12e-05 to 9.12e-05
2025-09-29 14:55:45,611 - INFO - In taper_width_colormap obtained for 4:0.48600003826922256,optimal_length for 4 monitor: 8.13e-05 for width_ridge1.1e-05In taper_width_colormap obtained for 3:0.4944596961957879,optimal_length for 3 monitor: 8.12e-05 for width_ridge1.1e-05
2025-09-29 14:55:45,611 - INFO - optimal length selected as mean value8.125e-05
2025-09-29 15:01:08,774 - INFO - In taper_width_colormap obtained transmission_matrix with shape (11, 11, 2)
