2025-11-17 15:26:44,163 - INFO - Starting Length Sweep 
 Length_span: [5.1e-05 5.2e-05 5.3e-05 5.4e-05 5.5e-05 5.6e-05 5.7e-05 5.8e-05 5.9e-05
 6.0e-05 6.1e-05 6.2e-05 6.3e-05 6.4e-05 6.5e-05 6.6e-05 6.7e-05 6.8e-05
 6.9e-05 7.0e-05 7.1e-05], 
 width_ridge: 1.1e-05, 
 mmi_length:6.1e-05,
 taper_width=4.4e-06
2025-11-17 15:27:34,867 - INFO - Starting Length Sweep 
 Length_span: [5.1e-05 5.2e-05 5.3e-05 5.4e-05 5.5e-05 5.6e-05 5.7e-05 5.8e-05 5.9e-05
 6.0e-05 6.1e-05 6.2e-05 6.3e-05 6.4e-05 6.5e-05 6.6e-05 6.7e-05 6.8e-05
 6.9e-05 7.0e-05 7.1e-05], 
 width_ridge: 1.1e-05, 
 mmi_length:6.1e-05,
 taper_width=4.4e-06
2025-11-17 15:29:02,214 - INFO - Starting Length Sweep 
 Length_span: [5.1e-05 7.1e-05], 
 width_ridge: 1.1e-05, 
 mmi_length:6.1e-05,
 taper_width=4.4e-06
2025-11-17 15:35:51,408 - INFO - Starting Length Sweep 
 Length_span: [5.1e-05 7.1e-05], 
 width_ridge: 1.1e-05, 
 mmi_length:6.1e-05,
 taper_width=4.4e-06
2025-11-17 15:39:35,206 - INFO - Starting Width sweep
 Width_span: [1.05e-05 1.06e-05 1.07e-05 1.08e-05 1.09e-05 1.10e-05 1.11e-05 1.12e-05
 1.13e-05 1.14e-05 1.15e-05], 
 width_ridge: 1.1e-05, 
 mmi_length:6.1e-05,
 taper_width=4.4e-06
2025-11-17 15:44:33,852 - INFO - Starting Width sweep
 Width_span: [3.9e-06 4.0e-06 4.1e-06 4.2e-06 4.3e-06 4.4e-06 4.5e-06 4.6e-06 4.7e-06
 4.8e-06 4.9e-06], 
 width_ridge: 1.1e-05, 
 mmi_length:6.1e-05,
 taper_width=4.4e-06
2025-11-17 15:46:43,912 - INFO - Starting Width sweep
 Width_span: [1.05e-05 1.06e-05 1.07e-05 1.08e-05 1.09e-05 1.10e-05 1.11e-05 1.12e-05
 1.13e-05 1.14e-05 1.15e-05], 
 width_ridge: 1.1e-05, 
 mmi_length:6.1e-05,
 taper_width=4.4e-06
2025-11-17 15:47:57,666 - INFO - Starting Width sweep
 Width_span: [1.05e-05 1.06e-05 1.07e-05 1.08e-05 1.09e-05 1.10e-05 1.11e-05 1.12e-05
 1.13e-05 1.14e-05 1.15e-05], 
 width_ridge: 1.1e-05, 
 mmi_length:6.1e-05,
 taper_width=4.4e-06
2025-11-17 15:54:44,435 - INFO - Starting Width sweep
 Width_span: [1.05e-05 1.06e-05 1.07e-05 1.08e-05 1.09e-05 1.10e-05 1.11e-05 1.12e-05
 1.13e-05 1.14e-05 1.15e-05], 
 width_ridge: 1.1e-05, 
 mmi_length:6.1e-05,
 taper_width=4.4e-06
2025-11-17 15:57:01,128 - INFO - Starting Width sweep
 Width_span: [1.05e-05 1.06e-05 1.07e-05 1.08e-05 1.09e-05 1.10e-05 1.11e-05 1.12e-05
 1.13e-05 1.14e-05 1.15e-05], 
 width_ridge: 1.1e-05, 
 mmi_length:6.1e-05,
 taper_width=4.4e-06
2025-11-24 16:14:33,284 - INFO - Starting Width sweep
 Width_span: [1.05e-05 1.06e-05 1.07e-05 1.08e-05 1.09e-05 1.10e-05 1.11e-05 1.12e-05
 1.13e-05 1.14e-05 1.15e-05], 
 width_ridge: 1.1e-05, 
 mmi_length:6.1e-05,
 taper_width=4.4e-06
2025-11-24 16:15:23,559 - INFO - Starting Width sweep
 Width_span: [1.05e-05 1.06e-05 1.07e-05 1.08e-05 1.09e-05 1.10e-05 1.11e-05 1.12e-05
 1.13e-05 1.14e-05 1.15e-05], 
 width_ridge: 1.1e-05, 
 mmi_length:6.1e-05,
 taper_width=4.4e-06
2025-11-24 16:17:35,633 - INFO - Starting Width sweep
 Width_span: [1.05e-05 1.06e-05 1.07e-05 1.08e-05 1.09e-05 1.10e-05 1.11e-05 1.12e-05
 1.13e-05 1.14e-05 1.15e-05], 
 width_ridge: 1.1e-05, 
 mmi_length:6.1e-05,
 taper_width=4.4e-06
2025-11-24 16:33:16,553 - INFO - Starting Width sweep
 Width_span: [3.1e-06 3.2e-06 3.3e-06 3.4e-06 3.5e-06 3.6e-06 3.7e-06 3.8e-06 3.9e-06
 4.0e-06 4.1e-06], 
 width_ridge: 9.5e-06, 
 mmi_length:4.7e-05,
 taper_width=3.6e-06
2025-11-24 16:36:52,138 - INFO - Starting Width sweep
 Width_span: [3.1e-06 3.2e-06 3.3e-06 3.4e-06 3.5e-06 3.6e-06 3.7e-06 3.8e-06 3.9e-06
 4.0e-06 4.1e-06], 
 width_ridge: 9.5e-06, 
 mmi_length:4.7e-05,
 taper_width=3.6e-06
2025-11-24 16:37:32,597 - INFO - Starting Width sweep
 Width_span: [3.1e-06 3.2e-06 3.3e-06 3.4e-06 3.5e-06 3.6e-06 3.7e-06 3.8e-06 3.9e-06
 4.0e-06 4.1e-06], 
 width_ridge: 9.5e-06, 
 mmi_length:4.7e-05,
 taper_width=3.6e-06
2025-11-24 16:39:00,719 - INFO - Starting Width sweep
 Width_span: [3.1e-06 3.6e-06 4.1e-06], 
 width_ridge: 9.5e-06, 
 mmi_length:4.7e-05,
 taper_width=3.6e-06
2025-12-01 15:21:40,825 - INFO - Starting Length Sweep 
 Length_span: [9.00e-07 9.20e-07 9.40e-07 9.60e-07 9.80e-07 1.00e-06 1.02e-06 1.04e-06
 1.06e-06 1.08e-06 1.10e-06], 
 width_ridge: 1e-06, 
 mmi_length:1e-06,
 taper_width=1e-06
2025-12-01 15:24:29,052 - INFO - Starting Length Sweep 
 Length_span: [9.00e-07 9.20e-07 9.40e-07 9.60e-07 9.80e-07 1.00e-06 1.02e-06 1.04e-06
 1.06e-06 1.08e-06 1.10e-06], 
 width_ridge: 1e-06, 
 mmi_length:1e-06,
 taper_width=1e-06
2025-12-01 15:33:48,519 - INFO - Starting Width sweep
 Width_span: [5.0e-07 6.0e-07 7.0e-07 8.0e-07 9.0e-07 1.0e-06 1.1e-06 1.2e-06 1.3e-06
 1.4e-06 1.5e-06], 
 width_ridge: 1e-06, 
 mmi_length:1e-06,
 taper_width=1e-06
2025-12-01 15:34:06,043 - INFO - T_cross: {'lambda': array([[1.55e-06]]), 'f': array([[1.93414489e+14]]), 'T': array([1.46669507e-06]), 'Lumerical_dataset': {'parameters': [['lambda', 'f']], 'attributes': ['T']}}, T_bar: {'lambda': array([[1.55e-06]]), 'f': array([[1.93414489e+14]]), 'T': array([1.46669501e-06]), 'Lumerical_dataset': {'parameters': [['lambda', 'f']], 'attributes': ['T']}}
2025-12-01 15:34:24,106 - INFO - T_cross: {'lambda': array([[1.55e-06]]), 'f': array([[1.93414489e+14]]), 'T': array([2.60152842e-06]), 'Lumerical_dataset': {'parameters': [['lambda', 'f']], 'attributes': ['T']}}, T_bar: {'lambda': array([[1.55e-06]]), 'f': array([[1.93414489e+14]]), 'T': array([2.60152858e-06]), 'Lumerical_dataset': {'parameters': [['lambda', 'f']], 'attributes': ['T']}}
2025-12-01 15:34:40,799 - INFO - T_cross: {'lambda': array([[1.55e-06]]), 'f': array([[1.93414489e+14]]), 'T': array([3.9633014e-06]), 'Lumerical_dataset': {'parameters': [['lambda', 'f']], 'attributes': ['T']}}, T_bar: {'lambda': array([[1.55e-06]]), 'f': array([[1.93414489e+14]]), 'T': array([3.96330159e-06]), 'Lumerical_dataset': {'parameters': [['lambda', 'f']], 'attributes': ['T']}}
2025-12-01 15:34:58,827 - INFO - T_cross: {'lambda': array([[1.55e-06]]), 'f': array([[1.93414489e+14]]), 'T': array([4.3706121e-06]), 'Lumerical_dataset': {'parameters': [['lambda', 'f']], 'attributes': ['T']}}, T_bar: {'lambda': array([[1.55e-06]]), 'f': array([[1.93414489e+14]]), 'T': array([4.3706119e-06]), 'Lumerical_dataset': {'parameters': [['lambda', 'f']], 'attributes': ['T']}}
2025-12-01 15:35:20,927 - INFO - T_cross: {'lambda': array([[1.55e-06]]), 'f': array([[1.93414489e+14]]), 'T': array([6.11757861e-06]), 'Lumerical_dataset': {'parameters': [['lambda', 'f']], 'attributes': ['T']}}, T_bar: {'lambda': array([[1.55e-06]]), 'f': array([[1.93414489e+14]]), 'T': array([6.11757819e-06]), 'Lumerical_dataset': {'parameters': [['lambda', 'f']], 'attributes': ['T']}}
2025-12-01 15:35:42,455 - INFO - T_cross: {'lambda': array([[1.55e-06]]), 'f': array([[1.93414489e+14]]), 'T': array([5.39105545e-06]), 'Lumerical_dataset': {'parameters': [['lambda', 'f']], 'attributes': ['T']}}, T_bar: {'lambda': array([[1.55e-06]]), 'f': array([[1.93414489e+14]]), 'T': array([5.39105566e-06]), 'Lumerical_dataset': {'parameters': [['lambda', 'f']], 'attributes': ['T']}}
2025-12-01 15:36:00,627 - INFO - T_cross: {'lambda': array([[1.55e-06]]), 'f': array([[1.93414489e+14]]), 'T': array([8.7073589e-06]), 'Lumerical_dataset': {'parameters': [['lambda', 'f']], 'attributes': ['T']}}, T_bar: {'lambda': array([[1.55e-06]]), 'f': array([[1.93414489e+14]]), 'T': array([8.70735827e-06]), 'Lumerical_dataset': {'parameters': [['lambda', 'f']], 'attributes': ['T']}}
2025-12-01 15:36:18,597 - INFO - T_cross: {'lambda': array([[1.55e-06]]), 'f': array([[1.93414489e+14]]), 'T': array([7.98914149e-06]), 'Lumerical_dataset': {'parameters': [['lambda', 'f']], 'attributes': ['T']}}, T_bar: {'lambda': array([[1.55e-06]]), 'f': array([[1.93414489e+14]]), 'T': array([7.98914088e-06]), 'Lumerical_dataset': {'parameters': [['lambda', 'f']], 'attributes': ['T']}}
2025-12-01 15:36:36,850 - INFO - T_cross: {'lambda': array([[1.55e-06]]), 'f': array([[1.93414489e+14]]), 'T': array([1.03544361e-05]), 'Lumerical_dataset': {'parameters': [['lambda', 'f']], 'attributes': ['T']}}, T_bar: {'lambda': array([[1.55e-06]]), 'f': array([[1.93414489e+14]]), 'T': array([1.03544368e-05]), 'Lumerical_dataset': {'parameters': [['lambda', 'f']], 'attributes': ['T']}}
2025-12-01 15:36:54,831 - INFO - T_cross: {'lambda': array([[1.55e-06]]), 'f': array([[1.93414489e+14]]), 'T': array([1.10110592e-05]), 'Lumerical_dataset': {'parameters': [['lambda', 'f']], 'attributes': ['T']}}, T_bar: {'lambda': array([[1.55e-06]]), 'f': array([[1.93414489e+14]]), 'T': array([1.10110586e-05]), 'Lumerical_dataset': {'parameters': [['lambda', 'f']], 'attributes': ['T']}}
2025-12-01 15:37:12,843 - INFO - T_cross: {'lambda': array([[1.55e-06]]), 'f': array([[1.93414489e+14]]), 'T': array([1.39239988e-05]), 'Lumerical_dataset': {'parameters': [['lambda', 'f']], 'attributes': ['T']}}, T_bar: {'lambda': array([[1.55e-06]]), 'f': array([[1.93414489e+14]]), 'T': array([1.39239992e-05]), 'Lumerical_dataset': {'parameters': [['lambda', 'f']], 'attributes': ['T']}}
2025-12-03 11:14:35,408 - INFO - Starting Width sweep
 Width_span: [9.0e-06 9.1e-06 9.2e-06 9.3e-06 9.4e-06 9.5e-06 9.6e-06 9.7e-06 9.8e-06
 9.9e-06 1.0e-05], 
 width_ridge: 9.5e-06, 
 mmi_length:4.7e-05,
 taper_width=3.6e-06
2025-12-03 12:12:26,070 - INFO - Starting Width sweep
 Width_span: [9.0e-06 9.1e-06 9.2e-06 9.3e-06 9.4e-06 9.5e-06 9.6e-06 9.7e-06 9.8e-06
 9.9e-06 1.0e-05], 
 width_ridge: 9.5e-06, 
 mmi_length:4.7e-05,
 taper_width=3.6e-06
2025-12-03 12:37:20,448 - INFO - T_cross: 0, T_bar: 0
2025-12-03 12:37:44,696 - INFO - Starting Width sweep
 Width_span: [9.0e-06 9.1e-06 9.2e-06 9.3e-06 9.4e-06 9.5e-06 9.6e-06 9.7e-06 9.8e-06
 9.9e-06 1.0e-05], 
 width_ridge: 9.5e-06, 
 mmi_length:4.7e-05,
 taper_width=3.6e-06
2025-12-03 12:38:21,720 - INFO - Starting Width sweep
 Width_span: [9.0e-06 9.1e-06 9.2e-06 9.3e-06 9.4e-06 9.5e-06 9.6e-06 9.7e-06 9.8e-06
 9.9e-06 1.0e-05], 
 width_ridge: 9.5e-06, 
 mmi_length:4.7e-05,
 taper_width=3.6e-06
2025-12-03 12:39:24,109 - INFO - T_cross: 0, T_bar: 0
2025-12-03 12:42:23,037 - INFO - Starting Width sweep
 Width_span: [9.0e-06 9.1e-06 9.2e-06 9.3e-06 9.4e-06 9.5e-06 9.6e-06 9.7e-06 9.8e-06
 9.9e-06 1.0e-05], 
 width_ridge: 9.5e-06, 
 mmi_length:4.7e-05,
 taper_width=3.6e-06
2025-12-03 12:42:36,395 - INFO - T_cross: 0, T_bar: 0
2025-12-03 12:43:00,667 - INFO - Starting Width sweep
 Width_span: [9.0e-06 9.1e-06 9.2e-06 9.3e-06 9.4e-06 9.5e-06 9.6e-06 9.7e-06 9.8e-06
 9.9e-06 1.0e-05], 
 width_ridge: 9.5e-06, 
 mmi_length:4.7e-05,
 taper_width=3.6e-06
2025-12-03 12:43:12,922 - INFO - T_cross: 0, T_bar: 0
2025-12-03 12:43:59,709 - INFO - Starting Width sweep
 Width_span: [9.0e-06 9.1e-06 9.2e-06 9.3e-06 9.4e-06 9.5e-06 9.6e-06 9.7e-06 9.8e-06
 9.9e-06 1.0e-05], 
 width_ridge: 9.5e-06, 
 mmi_length:4.7e-05,
 taper_width=3.6e-06
2025-12-03 12:46:57,929 - INFO - Starting Width sweep
 Width_span: [9.0e-06 9.1e-06 9.2e-06 9.3e-06 9.4e-06 9.5e-06 9.6e-06 9.7e-06 9.8e-06
 9.9e-06 1.0e-05], 
 width_ridge: 9.5e-06, 
 mmi_length:4.7e-05,
 taper_width=3.6e-06
2025-12-03 13:11:15,468 - INFO - Starting Width sweep
 Width_span: [9.0e-06 9.1e-06 9.2e-06 9.3e-06 9.4e-06 9.5e-06 9.6e-06 9.7e-06 9.8e-06
 9.9e-06 1.0e-05], 
 width_ridge: 9.5e-06, 
 mmi_length:4.7e-05,
 taper_width=3.6e-06
