2025-10-11 17:25:34,437 - INFO - Starting fdtd_solver() 
 width_ridge: 1.1e-05, 
 mmi_length:8.1e-05,
 taper_width=2.5e-06,
 ratio:0.5
2025-10-11 17:25:52,601 - INFO - Starting fdtd_solver() 
 width_ridge: 1.1e-05, 
 mmi_length:8.1e-05,
 taper_width=2.5e-06,
 ratio:0.5
2025-10-11 17:26:30,163 - INFO - Starting fdtd_solver() 
 width_ridge: 1.1e-05, 
 mmi_length:8.1e-05,
 taper_width=2.5e-06,
 ratio:0.5
2025-10-11 17:26:53,200 - INFO - Starting fdtd_solver() 
 width_ridge: 1.1e-05, 
 mmi_length:8.1e-05,
 taper_width=2.5e-06,
 ratio:0.5
2025-10-11 17:27:35,726 - INFO - Starting fdtd_solver() 
 width_ridge: 1.1e-05, 
 mmi_length:8.1e-05,
 taper_width=2.5e-06,
 ratio:0.5
2025-10-11 17:27:54,471 - INFO - Starting fdtd_solver() 
 width_ridge: 1.1e-05, 
 mmi_length:8.1e-05,
 taper_width=2.5e-06,
 ratio:0.5
2025-10-11 17:28:22,255 - INFO - Starting fdtd_solver() 
 width_ridge: 1.1e-05, 
 mmi_length:8.1e-05,
 taper_width=2.5e-06,
 ratio:0.5
2025-10-11 17:29:00,742 - INFO - Starting fdtd_solver() 
 width_ridge: 1.1e-05, 
 mmi_length:8.1e-05,
 taper_width=2.5e-06,
 ratio:0.5
2025-10-11 17:33:10,803 - INFO - Starting fdtd_solver() 
 width_ridge: 1.1e-05, 
 mmi_length:8.1e-05,
 taper_width=2.5e-06,
 ratio:0.5
2025-10-11 17:34:51,290 - INFO - Starting fdtd_solver() 
 width_ridge: 1.1e-05, 
 mmi_length:8.1e-05,
 taper_width=2.5e-06,
 ratio:0.5
2025-10-11 17:36:46,740 - INFO - Starting fdtd_solver() 
 width_ridge: 1.1e-05, 
 mmi_length:8.1e-05,
 taper_width=2.5e-06,
 ratio:0.5
2025-10-11 17:38:57,466 - INFO - Starting fdtd_solver() 
 width_ridge: 1.1e-05, 
 mmi_length:8.1e-05,
 taper_width=2.5e-06,
 ratio:0.5
2025-10-11 18:59:32,435 - INFO - Starting fdtd_solver() 
 width_ridge: 1.1e-05, 
 mmi_length:8.1e-05,
 taper_width=2.5e-06,
 ratio:0.85
2025-10-12 11:38:55,516 - INFO - Starting fdtd_solver() 
 width_ridge: 1.1e-05, 
 mmi_length:8.1e-05,
 taper_width=2.5e-06,
 ratio:0.85
2025-10-12 18:05:03,179 - INFO - Starting fdtd_solver() 
 width_ridge: 1.1e-05, 
 mmi_length:8.1e-05,
 taper_width=2.5e-06,
 ratio:0.85
2025-10-12 18:07:47,955 - INFO - Starting fdtd_solver() 
 width_ridge: 1.1e-05, 
 mmi_length:8.1e-05,
 taper_width=2.5e-06,
 ratio:0.85
2025-10-12 19:08:30,051 - INFO - Starting fdtd_solver() 
 width_ridge: 1.1e-05, 
 mmi_length:8.1e-05,
 taper_width=2.5e-06,
 ratio:0.85
2025-10-12 19:55:59,260 - INFO - Starting fdtd_solver() 
 width_ridge: 1.1e-05, 
 mmi_length:8.9e-05,
 taper_width=2.5e-06,
 ratio:0.85
2025-10-12 20:26:51,374 - INFO - Starting fdtd_solver() 
 width_ridge: 1.1e-05, 
 mmi_length:0.0001,
 taper_width=2.5e-06,
 ratio:0.85
2025-10-12 21:48:57,356 - INFO - Starting fdtd_solver() 
 width_ridge: 1.1e-05, 
 mmi_length:8.1e-05,
 taper_width=2.5e-06,
 ratio:0.85
2025-10-13 17:31:54,744 - INFO - Starting fdtd_solver() 
 width_ridge: 8e-06, 
 mmi_length:4.3e-05,
 taper_width=2.1e-06,
 ratio:0.85
2025-10-13 17:38:04,844 - INFO - Starting fdtd_solver() 
 width_ridge: 8e-06, 
 mmi_length:4.3e-05,
 taper_width=2.1e-06,
 ratio:0.85
2025-10-13 17:44:11,323 - INFO - Starting fdtd_solver() 
 width_ridge: 8e-06, 
 mmi_length:4.3e-05,
 taper_width=2.1e-06,
 ratio:0.85
2025-10-13 18:03:18,002 - INFO - Starting fdtd_solver() 
 width_ridge: 8e-06, 
 mmi_length:8.8e-05,
 taper_width=2.1e-06,
 ratio:0.85
2025-10-13 18:49:41,892 - INFO - Starting fdtd_solver() 
 width_ridge: 8e-06, 
 mmi_length:8.8e-05,
 taper_width=2.1e-06,
 ratio:0.85
2025-10-14 08:22:36,599 - INFO - Starting fdtd_solver() 
 width_ridge: 8e-06, 
 mmi_length:8.7e-05,
 taper_width=2.1e-06,
 ratio:0.85
2025-10-14 09:01:43,544 - INFO - Starting fdtd_solver() 
 width_ridge: 8e-06, 
 mmi_length:8.7e-05,
 taper_width=1.8e-06,
 ratio:0.85
2025-10-14 09:49:58,683 - INFO - Starting fdtd_solver() 
 width_ridge: 1e-05, 
 mmi_length:0.000136,
 taper_width=2.6e-06,
 ratio:0.85
2025-10-14 09:51:55,714 - INFO - Starting fdtd_solver() 
 width_ridge: 1e-05, 
 mmi_length:0.000136,
 taper_width=2.6e-06,
 ratio:0.85
2025-10-14 09:52:56,675 - INFO - Starting fdtd_solver() 
 width_ridge: 1e-05, 
 mmi_length:0.000136,
 taper_width=2.6e-06,
 ratio:0.85
2025-10-14 09:55:45,930 - INFO - Starting fdtd_solver() 
 width_ridge: 1e-05, 
 mmi_length:0.000136,
 taper_width=2.6e-06,
 ratio:0.85
2025-10-14 09:56:20,779 - INFO - Starting fdtd_solver() 
 width_ridge: 1e-05, 
 mmi_length:0.000136,
 taper_width=2.6e-06,
 ratio:0.85
2025-10-14 09:59:21,531 - INFO - Starting fdtd_solver() 
 width_ridge: 1e-05, 
 mmi_length:0.000136,
 taper_width=2.6e-06,
 ratio:0.85
2025-10-14 10:01:10,644 - INFO - Starting fdtd_solver() 
 width_ridge: 1e-05, 
 mmi_length:0.000136,
 taper_width=2.6e-06,
 ratio:0.85
2025-10-14 11:45:32,231 - INFO - Starting fdtd_solver() 
 width_ridge: 8e-06, 
 mmi_length:8.7e-05,
 taper_width=2e-06,
 ratio:0.85
2025-10-14 11:48:17,457 - INFO - Starting fdtd_solver() 
 width_ridge: 8e-06, 
 mmi_length:8.7e-05,
 taper_width=2e-06,
 ratio:0.85
2025-10-14 11:49:03,386 - INFO - Starting fdtd_solver() 
 width_ridge: 8e-06, 
 mmi_length:8.7e-05,
 taper_width=2e-06,
 ratio:0.85
2025-10-14 22:14:49,097 - INFO - Starting fdtd_solver() 
 width_ridge: 8e-06, 
 mmi_length:8.7e-05,
 taper_width=2e-06,
 ratio:0.45
2025-10-14 22:15:56,428 - INFO - Starting fdtd_solver() 
 width_ridge: 8e-06, 
 mmi_length:8.7e-05,
 taper_width=2e-06,
 ratio:0.45
2025-10-16 13:19:09,461 - INFO - Starting fdtd_solver() 
 width_ridge: 8e-06, 
 mmi_length:8.7e-05,
 taper_width=2e-06,
 ratio:0.85
2025-10-16 13:28:57,036 - INFO - Starting fdtd_solver() 
 width_ridge: 8e-06, 
 mmi_length:8.7e-05,
 taper_width=2e-06,
 ratio:0.85
2025-10-16 13:29:16,344 - INFO - Starting fdtd_solver() 
 width_ridge: 8e-06, 
 mmi_length:8.7e-05,
 taper_width=2e-06,
 ratio:0.85
2025-10-16 13:30:49,442 - INFO - Starting fdtd_solver() 
 width_ridge: 8e-06, 
 mmi_length:8.7e-05,
 taper_width=2e-06,
 ratio:0.85
2025-10-16 15:58:40,697 - INFO - Starting fdtd_solver() 
 width_ridge: 8e-06, 
 mmi_length:8.7e-05,
 taper_width=2e-06,
 ratio:0.85
2025-10-16 15:59:28,730 - INFO - Starting fdtd_solver() 
 width_ridge: 8e-06, 
 mmi_length:8.7e-05,
 taper_width=2e-06,
 ratio:0.85
2025-10-19 13:32:57,538 - INFO - Starting fdtd_solver() 
 width_ridge: 8e-06, 
 mmi_length:8.7e-05,
 taper_width=2e-06,
 ratio:0.85
2025-10-19 13:36:45,827 - INFO - Starting fdtd_solver() 
 width_ridge: 8e-06, 
 mmi_length:8.7e-05,
 taper_width=2e-06,
 ratio:0.85
2025-10-19 13:46:56,794 - INFO - Starting fdtd_solver() 
 width_ridge: 8e-06, 
 mmi_length:8.7e-05,
 taper_width=2e-06,
 ratio:0.85
2025-10-20 14:47:53,267 - INFO - Starting fdtd_solver() 
 width_ridge: 8e-06, 
 mmi_length:8.7e-05,
 taper_width=2e-06,
 ratio:0.85
2025-10-20 14:48:39,487 - INFO - Starting fdtd_solver() 
 width_ridge: 8e-06, 
 mmi_length:8.7e-05,
 taper_width=2e-06,
 ratio:0.85
2025-10-20 14:49:16,997 - INFO - Starting fdtd_solver() 
 width_ridge: 8e-06, 
 mmi_length:8.7e-05,
 taper_width=2e-06,
 ratio:0.85
2025-10-20 22:36:56,454 - INFO - Starting fdtd_solver() 
 width_ridge: 8e-06, 
 mmi_length:8.7e-05,
 taper_width=2e-06,
 ratio:0.85
2025-10-20 22:40:11,786 - INFO - Starting fdtd_solver() 
 width_ridge: 8e-06, 
 mmi_length:8.7e-05,
 taper_width=2e-06,
 ratio:0.85
2025-10-20 22:41:50,574 - INFO - Starting fdtd_solver() 
 width_ridge: 8e-06, 
 mmi_length:8.7e-05,
 taper_width=2e-06,
 ratio:0.85
2025-10-20 22:45:22,751 - INFO - Starting fdtd_solver() 
 width_ridge: 8e-06, 
 mmi_length:8.7e-05,
 taper_width=2e-06,
 ratio:0.85
2025-10-20 22:52:15,062 - INFO - Starting fdtd_solver() 
 width_ridge: 8e-06, 
 mmi_length:8.7e-05,
 taper_width=2e-06,
 ratio:0.85
2025-10-20 22:54:37,406 - INFO - Starting fdtd_solver() 
 width_ridge: 8e-06, 
 mmi_length:8.7e-05,
 taper_width=2e-06,
 ratio:0.85
2025-10-23 19:45:41,014 - INFO - Starting fdtd_solver() 
 width_ridge: 8e-06, 
 mmi_length:8.7e-05,
 taper_width=2e-06,
 ratio:0.85
2025-10-23 20:07:39,957 - INFO - Starting fdtd_solver() 
 width_ridge: 8e-06, 
 mmi_length:8.7e-05,
 taper_width=2e-06,
 ratio:0.85
2025-10-23 20:09:15,851 - INFO - Starting fdtd_solver() 
 width_ridge: 8e-06, 
 mmi_length:8.7e-05,
 taper_width=2e-06,
 ratio:0.85
2025-10-23 20:15:11,763 - INFO - Starting fdtd_solver() 
 width_ridge: 8e-06, 
 mmi_length:8.7e-05,
 taper_width=2e-06,
 ratio:0.85
2025-10-23 20:15:52,359 - INFO - Starting fdtd_solver() 
 width_ridge: 8e-06, 
 mmi_length:8.7e-05,
 taper_width=2e-06,
 ratio:0.85
2025-10-23 20:16:19,953 - INFO - Starting fdtd_solver() 
 width_ridge: 8e-06, 
 mmi_length:8.7e-05,
 taper_width=2e-06,
 ratio:0.85
2025-10-23 20:18:34,381 - INFO - Starting fdtd_solver() 
 width_ridge: 8e-06, 
 mmi_length:8.7e-05,
 taper_width=2e-06,
 ratio:0.85
2025-10-23 20:20:03,960 - INFO - Starting fdtd_solver() 
 width_ridge: 8e-06, 
 mmi_length:8.7e-05,
 taper_width=2e-06,
 ratio:0.85
2025-10-23 20:23:45,394 - INFO - Starting fdtd_solver() 
 width_ridge: 8e-06, 
 mmi_length:8.7e-05,
 taper_width=2e-06,
 ratio:0.85
2025-10-23 20:28:28,417 - INFO - Starting fdtd_solver() 
 width_ridge: 8e-06, 
 mmi_length:8.7e-05,
 taper_width=2e-06,
 ratio:0.85
2025-10-23 20:29:47,851 - INFO - Starting fdtd_solver() 
 width_ridge: 8e-06, 
 mmi_length:8.7e-05,
 taper_width=2e-06,
 ratio:0.85
2025-10-23 20:31:11,721 - INFO - Starting fdtd_solver() 
 width_ridge: 8e-06, 
 mmi_length:8.7e-05,
 taper_width=2e-06,
 ratio:0.85
2025-10-23 20:32:30,814 - INFO - Starting fdtd_solver() 
 width_ridge: 8e-06, 
 mmi_length:8.7e-05,
 taper_width=2e-06,
 ratio:0.85
2025-10-23 20:33:58,651 - INFO - Starting fdtd_solver() 
 width_ridge: 8e-06, 
 mmi_length:8.7e-05,
 taper_width=2e-06,
 ratio:0.85
2025-10-23 20:34:19,012 - INFO - Starting fdtd_solver() 
 width_ridge: 8e-06, 
 mmi_length:8.7e-05,
 taper_width=2e-06,
 ratio:0.85
2025-10-23 20:34:47,439 - INFO - Starting fdtd_solver() 
 width_ridge: 8e-06, 
 mmi_length:8.7e-05,
 taper_width=2e-06,
 ratio:0.85
2025-10-23 20:38:37,226 - INFO - Starting fdtd_solver() 
 width_ridge: 8e-06, 
 mmi_length:8.7e-05,
 taper_width=2e-06,
 ratio:0.85
2025-10-23 20:40:20,019 - INFO - Starting fdtd_solver() 
 width_ridge: 8e-06, 
 mmi_length:8.7e-05,
 taper_width=2e-06,
 ratio:0.85
2025-10-24 08:48:58,604 - INFO - Starting fdtd_solver() 
 width_ridge: 8e-06, 
 mmi_length:8.7e-05,
 taper_width=2e-06,
 ratio:0.85
2025-10-24 08:52:10,160 - INFO - Starting fdtd_solver() 
 width_ridge: 8e-06, 
 mmi_length:8.7e-05,
 taper_width=2e-06,
 ratio:0.85
2025-10-24 08:58:03,602 - INFO - Starting fdtd_solver() 
 width_ridge: 8e-06, 
 mmi_length:8.7e-05,
 taper_width=2e-06,
 ratio:0.85
2025-10-24 09:00:18,259 - INFO - Starting fdtd_solver() 
 width_ridge: 8e-06, 
 mmi_length:8.7e-05,
 taper_width=2e-06,
 ratio:0.85
2025-10-24 09:16:05,916 - INFO - Starting fdtd_solver() 
 width_ridge: 8e-06, 
 mmi_length:8.7e-05,
 taper_width=2e-06,
 ratio:0.85
2025-10-24 10:06:54,727 - INFO - Starting fdtd_solver() 
 width_ridge: 8e-06, 
 mmi_length:8.7e-05,
 taper_width=2e-06,
 ratio:0.85
2025-10-24 10:09:47,983 - INFO - Starting fdtd_solver() 
 width_ridge: 8e-06, 
 mmi_length:8.7e-05,
 taper_width=2e-06,
 ratio:0.85
2025-10-24 10:11:31,244 - INFO - Starting fdtd_solver() 
 width_ridge: 8e-06, 
 mmi_length:8.7e-05,
 taper_width=2e-06,
 ratio:0.85
2025-10-24 10:13:37,705 - INFO - Starting fdtd_solver() 
 width_ridge: 8e-06, 
 mmi_length:8.7e-05,
 taper_width=2e-06,
 ratio:0.85
2025-10-24 10:20:58,359 - INFO - Starting fdtd_solver() 
 width_ridge: 8e-06, 
 mmi_length:8.7e-05,
 taper_width=2e-06,
 ratio:0.85
2025-10-24 11:14:01,559 - INFO - Starting fdtd_solver() 
 width_ridge: 8e-06, 
 mmi_length:8.7e-05,
 taper_width=2e-06,
 ratio:0.85
2025-10-24 11:17:10,480 - INFO - Starting fdtd_solver() 
 width_ridge: 8e-06, 
 mmi_length:8.7e-05,
 taper_width=2e-06,
 ratio:0.85
2025-10-24 15:08:54,822 - INFO - Starting fdtd_solver() 
 width_ridge: 8e-06, 
 mmi_length:8.7e-05,
 taper_width=2e-06,
 ratio:0.85
2025-10-24 15:10:02,841 - INFO - Starting fdtd_solver() 
 width_ridge: 8e-06, 
 mmi_length:8.7e-05,
 taper_width=2e-06,
 ratio:0.85
2025-10-24 15:10:54,349 - INFO - Starting fdtd_solver() 
 width_ridge: 8e-06, 
 mmi_length:8.7e-05,
 taper_width=2e-06,
 ratio:0.85
2025-10-24 15:11:57,216 - INFO - Starting fdtd_solver() 
 width_ridge: 8e-06, 
 mmi_length:8.7e-05,
 taper_width=2e-06,
 ratio:0.85
2025-10-24 15:20:33,368 - INFO - Starting fdtd_solver() 
 width_ridge: 8e-06, 
 mmi_length:8.7e-05,
 taper_width=2e-06,
 ratio:0.85
2025-10-24 15:21:37,848 - INFO - Starting fdtd_solver() 
 width_ridge: 8e-06, 
 mmi_length:8.7e-05,
 taper_width=2e-06,
 ratio:0.85
2025-10-24 15:40:24,913 - INFO - Starting fdtd_solver() 
 width_ridge: 8e-06, 
 mmi_length:8.7e-05,
 taper_width=2e-06,
 ratio:0.85
2025-10-24 15:44:31,956 - INFO - Starting fdtd_solver() 
 width_ridge: 8e-06, 
 mmi_length:8.7e-05,
 taper_width=2e-06,
 ratio:0.85
2025-10-24 15:45:21,631 - INFO - Starting fdtd_solver() 
 width_ridge: 8e-06, 
 mmi_length:8.7e-05,
 taper_width=2e-06,
 ratio:0.85
2025-10-24 15:46:18,090 - INFO - Starting fdtd_solver() 
 width_ridge: 8e-06, 
 mmi_length:8.7e-05,
 taper_width=2e-06,
 ratio:0.85
2025-10-24 15:52:10,201 - INFO - Starting fdtd_solver() 
 width_ridge: 8e-06, 
 mmi_length:8.7e-05,
 taper_width=2e-06,
 ratio:0.85
