2025-09-30 11:15:42,970 - INFO - starting bend_FDE()
2025-09-30 11:15:43,337 - ERROR - can't multiply sequence by non-int of type 'float'
2025-09-30 11:16:50,753 - INFO - starting bend_FDE()
2025-09-30 11:17:09,822 - ERROR - 'float' object has no attribute 'shape'
2025-09-30 11:17:38,341 - INFO - starting bend_FDE()
2025-09-30 11:17:59,499 - INFO - Modes were found for radii: 0.0;
 modes:2.0
2025-09-30 11:17:59,514 - ERROR - setting an array element with a sequence.
2025-09-30 11:19:16,917 - INFO - starting bend_FDE()
2025-09-30 11:19:37,018 - INFO - Modes were found for radii: 0.0;
 modes:2.0
2025-09-30 11:19:37,031 - ERROR - setting an array element with a sequence.
2025-09-30 11:21:29,850 - INFO - starting bend_FDE()
2025-09-30 11:21:51,614 - INFO - Modes were found for radii: 0.0;
 modes:2.0
2025-09-30 11:21:51,635 - INFO - Neff:[[1.55211273-6.80795123e-12j]]
2025-09-30 11:21:51,637 - INFO - LossdB_m:[-0.00023971  0.          0.          0.          0.          0.
  0.          0.          0.        ]
2025-09-30 11:21:51,638 - INFO - Loss per bend: [-0.  0.  0.  0.  0.  0.  0.  0.  0.]
2025-09-30 11:21:54,660 - ERROR - '0.0'
2025-09-30 11:36:42,991 - INFO - starting bend_FDE()
2025-09-30 11:37:03,140 - INFO - Modes were found for radii: 0.0;
 modes:2.0
2025-09-30 11:37:03,148 - INFO - Neff:(1.5521127309327118-6.8079992599185115e-12j)
2025-09-30 11:37:03,150 - INFO - LossdB_m:[-0.00023971  0.          0.          0.          0.          0.
  0.          0.          0.        ]
2025-09-30 11:37:03,150 - INFO - Loss per bend: [-0.  0.  0.  0.  0.  0.  0.  0.  0.]
2025-09-30 11:37:06,328 - ERROR - '0.0'
2025-09-30 11:43:01,012 - INFO - starting bend_FDE()
2025-09-30 11:43:21,871 - INFO - Modes were found for radii: 0.0;
 modes:2.0
2025-09-30 11:43:21,882 - INFO - Neff:(1.5521127309327118-6.807959956901978e-12j)
2025-09-30 11:43:21,885 - INFO - LossdB_m:[-0.00023971  0.          0.          0.          0.          0.
  0.          0.          0.        ]
2025-09-30 11:43:21,885 - INFO - Loss per bend: [-0.  0.  0.  0.  0.  0.  0.  0.  0.]
2025-09-30 11:43:21,895 - INFO - card was copied
2025-09-30 11:43:23,996 - ERROR - '0.0'
2025-09-30 11:44:52,319 - INFO - starting bend_FDE()
2025-09-30 11:45:01,107 - INFO - Modes were found for radii: 0.0;
 modes:0.0
2025-09-30 11:45:21,263 - INFO - starting bend_FDE()
2025-09-30 11:45:40,679 - INFO - Modes were found for radii: 0.0;
 modes:2.0
2025-09-30 11:45:40,693 - INFO - Neff:(1.5521127309327114-6.807991920034334e-12j)
2025-09-30 11:45:40,695 - INFO - LossdB_m:[-0.00023971  0.          0.          0.          0.          0.
  0.          0.          0.        ]
2025-09-30 11:45:40,695 - INFO - Loss per bend: [-0.  0.  0.  0.  0.  0.  0.  0.  0.]
2025-09-30 11:45:40,706 - INFO - card was copied
2025-09-30 11:45:42,814 - ERROR - '0.0'
2025-09-30 11:46:22,496 - INFO - starting bend_FDE()
2025-09-30 11:46:40,254 - INFO - Modes were found for radii: 0.0;
 modes:2.0
2025-09-30 11:46:40,264 - INFO - Neff:(1.5521127309327114-6.807927998726518e-12j)
2025-09-30 11:46:40,266 - INFO - LossdB_m:[-0.00023971  0.          0.          0.          0.          0.
  0.          0.          0.        ]
2025-09-30 11:46:40,267 - INFO - Loss per bend: [-0.  0.  0.  0.  0.  0.  0.  0.  0.]
2025-09-30 11:46:40,274 - INFO - card was copied
2025-09-30 11:47:06,573 - INFO - Modes were found for radii: 9.999999999999999e-05;
 modes:3.0
2025-09-30 11:47:06,591 - INFO - Neff:(1.552259486408811-6.0797842963069195e-12j)
2025-09-30 11:47:06,594 - INFO - LossdB_m:[-0.00023971 -0.00021407  0.          0.          0.          0.
  0.          0.          0.        ]
2025-09-30 11:47:06,594 - INFO - Loss per bend: [-0.00000000e+00 -3.36256374e-08  0.00000000e+00  0.00000000e+00
  0.00000000e+00  0.00000000e+00  0.00000000e+00  0.00000000e+00
  0.00000000e+00]
2025-09-30 11:47:06,605 - INFO - card was copied
2025-09-30 11:47:06,619 - ERROR - 'in overlap, no d-card called: ::radius0 was found'
2025-09-30 11:49:46,478 - INFO - starting bend_FDE()
2025-09-30 11:49:54,684 - INFO - Modes were found for radii: 0.0;
 modes:0.0
2025-09-30 11:50:16,558 - INFO - Modes were found for radii: 9.999999999999999e-05;
 modes:3.0
2025-09-30 11:50:16,574 - INFO - Neff:(1.5522594864088104-6.079760836984889e-12j)
2025-09-30 11:50:16,576 - INFO - LossdB_m:[ 0.         -0.00021407  0.          0.          0.          0.
  0.          0.          0.        ]
2025-09-30 11:50:16,576 - INFO - Loss per bend: [ 0.00000000e+00 -3.36255077e-08  0.00000000e+00  0.00000000e+00
  0.00000000e+00  0.00000000e+00  0.00000000e+00  0.00000000e+00
  0.00000000e+00]
2025-09-30 11:50:16,583 - INFO - card was copied
2025-09-30 11:50:16,614 - ERROR - 'in overlap, no d-card called: ::radius9.999999999999999e-05 was found'
2025-09-30 11:51:29,138 - INFO - starting bend_FDE()
2025-09-30 11:51:48,485 - INFO - Modes were found for radii: 0.0;
 modes:2.0
2025-09-30 11:51:48,500 - INFO - Neff:(1.5521127309327112-6.8079764868218385e-12j)
2025-09-30 11:51:48,503 - INFO - LossdB_m:[-0.00023971  0.          0.          0.          0.          0.
  0.          0.          0.        ]
2025-09-30 11:51:48,504 - INFO - Loss per bend: [-0.  0.  0.  0.  0.  0.  0.  0.  0.]
2025-09-30 11:51:48,514 - INFO - card was copied
2025-09-30 11:52:12,997 - INFO - Modes were found for radii: 9.999999999999999e-05;
 modes:3.0
2025-09-30 11:52:13,003 - INFO - Neff:(1.5522594864088104-6.079814115799907e-12j)
2025-09-30 11:52:13,005 - INFO - LossdB_m:[-0.00023971 -0.00021407  0.          0.          0.          0.
  0.          0.          0.        ]
2025-09-30 11:52:13,005 - INFO - Loss per bend: [-0.00000000e+00 -3.36258023e-08  0.00000000e+00  0.00000000e+00
  0.00000000e+00  0.00000000e+00  0.00000000e+00  0.00000000e+00
  0.00000000e+00]
2025-09-30 11:52:13,016 - INFO - card was copied
2025-09-30 11:52:13,094 - ERROR - index 2 is out of bounds for axis 0 with size 2
2025-09-30 11:53:25,593 - INFO - starting bend_FDE()
2025-09-30 11:53:46,672 - INFO - Modes were found for radii: 0.0;
 modes:2.0
2025-09-30 11:53:46,679 - INFO - Neff:(1.5521127309327118-6.807965943560852e-12j)
2025-09-30 11:53:46,682 - INFO - LossdB_m:[-0.00023971  0.          0.          0.          0.          0.
  0.          0.          0.        ]
2025-09-30 11:53:46,682 - INFO - Loss per bend: [-0.  0.  0.  0.  0.  0.  0.  0.  0.]
2025-09-30 11:53:46,690 - INFO - card was copied
2025-09-30 11:54:13,323 - INFO - Modes were found for radii: 9.999999999999999e-05;
 modes:3.0
2025-09-30 11:54:13,333 - INFO - Neff:(1.5522594864088108-6.079771615592307e-12j)
2025-09-30 11:54:13,335 - INFO - LossdB_m:[-0.00023971 -0.00021407  0.          0.          0.          0.
  0.          0.          0.        ]
2025-09-30 11:54:13,335 - INFO - Loss per bend: [-0.00000000e+00 -3.36255673e-08  0.00000000e+00  0.00000000e+00
  0.00000000e+00  0.00000000e+00  0.00000000e+00  0.00000000e+00
  0.00000000e+00]
2025-09-30 11:54:13,344 - INFO - card was copied
2025-09-30 11:54:13,439 - INFO - overlap power: [[0.99912988]
 [0.99912988]]
2025-09-30 11:54:13,440 - INFO - Power coupling from overlap of R=0 and R=9.999999999999999e-05: [0.99912988]
2025-09-30 11:54:39,592 - INFO - Modes were found for radii: 4.9999999999999996e-05;
 modes:1.0
2025-09-30 11:54:39,609 - INFO - Neff:(1.5526997192309353+6.370463487943062e-11j)
2025-09-30 11:54:39,611 - INFO - LossdB_m:[-0.00023971 -0.00021407  0.00224302  0.          0.          0.
  0.          0.          0.        ]
2025-09-30 11:54:39,611 - INFO - Loss per bend: [-0.00000000e+00 -3.36255673e-08  1.76166526e-07  0.00000000e+00
  0.00000000e+00  0.00000000e+00  0.00000000e+00  0.00000000e+00
  0.00000000e+00]
2025-09-30 11:54:39,619 - INFO - card was copied
2025-09-30 11:54:39,689 - INFO - overlap power: [[0.99652128]
 [0.99652128]]
2025-09-30 11:54:39,689 - INFO - Power coupling from overlap of R=0 and R=4.9999999999999996e-05: [0.99652128]
2025-09-30 11:55:05,205 - INFO - Modes were found for radii: 2.9999999999999997e-05;
 modes:1.0
2025-09-30 11:55:05,219 - INFO - Neff:(1.5537432845348074+3.0335910802212947e-09j)
2025-09-30 11:55:05,222 - INFO - LossdB_m:[-0.00023971 -0.00021407  0.00224302  0.10681187  0.          0.
  0.          0.          0.        ]
2025-09-30 11:55:05,222 - INFO - Loss per bend: [-0.00000000e+00 -3.36255673e-08  1.76166526e-07  5.03339076e-06
  0.00000000e+00  0.00000000e+00  0.00000000e+00  0.00000000e+00
  0.00000000e+00]
2025-09-30 11:55:05,231 - INFO - card was copied
2025-09-30 11:55:05,328 - INFO - overlap power: [[0.99033926]
 [0.99033926]]
2025-09-30 11:55:05,328 - INFO - Power coupling from overlap of R=0 and R=2.9999999999999997e-05: [0.99033926]
2025-09-30 11:55:29,703 - INFO - Modes were found for radii: 1.9999999999999998e-05;
 modes:1.0
2025-09-30 11:55:29,714 - INFO - Neff:(1.555787537921346+1.0559061809955677e-06j)
2025-09-30 11:55:29,716 - INFO - LossdB_m:[-2.39706523e-04 -2.14067010e-04  2.24302187e-03  1.06811869e-01
  3.71781529e+01  0.00000000e+00  0.00000000e+00  0.00000000e+00
  0.00000000e+00]
2025-09-30 11:55:29,717 - INFO - Loss per bend: [-0.00000000e+00 -3.36255673e-08  1.76166526e-07  5.03339076e-06
  1.16798612e-03  0.00000000e+00  0.00000000e+00  0.00000000e+00
  0.00000000e+00]
2025-09-30 11:55:29,732 - INFO - card was copied
2025-09-30 11:55:29,808 - INFO - overlap power: [[0.9778374]
 [0.9778374]]
2025-09-30 11:55:29,809 - INFO - Power coupling from overlap of R=0 and R=1.9999999999999998e-05: [0.9778374]
2025-09-30 11:55:49,973 - INFO - Modes were found for radii: 9.999999999999999e-06;
 modes:1.0
2025-09-30 11:55:49,991 - INFO - Neff:(1.5667192540774209+0.0002427990169845921j)
2025-09-30 11:55:49,993 - INFO - LossdB_m:[-2.39706523e-04 -2.14067010e-04  2.24302187e-03  1.06811869e-01
  3.71781529e+01  8.54888355e+03  0.00000000e+00  0.00000000e+00
  0.00000000e+00]
2025-09-30 11:55:49,993 - INFO - Loss per bend: [-0.00000000e+00 -3.36255673e-08  1.76166526e-07  5.03339076e-06
  1.16798612e-03  1.34285549e-01  0.00000000e+00  0.00000000e+00
  0.00000000e+00]
2025-09-30 11:55:50,001 - INFO - card was copied
2025-09-30 11:55:50,073 - INFO - overlap power: [[0.89589118]
 [0.89589116]]
2025-09-30 11:55:50,074 - INFO - Power coupling from overlap of R=0 and R=9.999999999999999e-06: [0.89589116]
2025-09-30 11:56:06,685 - INFO - Modes were found for radii: 4.9999999999999996e-06;
 modes:0.0
2025-09-30 11:56:20,703 - INFO - Modes were found for radii: 4e-06;
 modes:0.0
2025-09-30 11:56:36,514 - INFO - Modes were found for radii: 3e-06;
 modes:0.0
2025-09-30 11:56:36,516 - ERROR - operands could not be broadcast together with shapes (9,) (8,) 
2025-09-30 12:04:56,887 - INFO - starting bend_FDE()
2025-09-30 12:05:18,211 - INFO - Modes were found for radii: 0.0;
 modes:2.0
2025-09-30 12:05:18,220 - INFO - Neff:(1.5521127309327123-6.807974689956681e-12j)
2025-09-30 12:05:18,222 - INFO - LossdB_m:[-0.00023971  0.          0.          0.          0.          0.
  0.          0.          0.        ]
2025-09-30 12:05:18,222 - INFO - Loss per bend: [-0.  0.  0.  0.  0.  0.  0.  0.  0.]
2025-09-30 12:05:18,230 - INFO - card was copied
2025-09-30 12:05:44,629 - INFO - Modes were found for radii: 0.00019999999999999998;
 modes:3.0
2025-09-30 12:05:44,641 - INFO - Neff:(1.5521494205124065-7.0900806098965516e-12j)
2025-09-30 12:05:44,643 - INFO - LossdB_m:[-0.00023971 -0.00024964  0.          0.          0.          0.
  0.          0.          0.        ]
2025-09-30 12:05:44,643 - INFO - Loss per bend: [-0.00000000e+00 -7.84266244e-08  0.00000000e+00  0.00000000e+00
  0.00000000e+00  0.00000000e+00  0.00000000e+00  0.00000000e+00
  0.00000000e+00]
2025-09-30 12:05:44,650 - INFO - card was copied
2025-09-30 12:05:44,717 - INFO - overlap power: [[0.99978244]
 [0.99978244]]
2025-09-30 12:05:44,718 - INFO - Power coupling from overlap of R=0 and R=0.00019999999999999998: [0.99978244]
2025-09-30 12:06:12,538 - INFO - Modes were found for radii: 9.999999999999999e-05;
 modes:3.0
2025-09-30 12:06:12,553 - INFO - Neff:(1.5522594864088104-6.079805179858824e-12j)
2025-09-30 12:06:12,555 - INFO - LossdB_m:[-0.00023971 -0.00024964 -0.00021407  0.          0.          0.
  0.          0.          0.        ]
2025-09-30 12:06:12,555 - INFO - Loss per bend: [-0.00000000e+00 -7.84266244e-08 -3.36257529e-08  0.00000000e+00
  0.00000000e+00  0.00000000e+00  0.00000000e+00  0.00000000e+00
  0.00000000e+00]
2025-09-30 12:06:12,562 - INFO - card was copied
2025-09-30 12:06:12,637 - INFO - overlap power: [[0.99912988]
 [0.99912988]]
2025-09-30 12:06:12,637 - INFO - Power coupling from overlap of R=0 and R=9.999999999999999e-05: [0.99912988]
2025-09-30 12:06:36,950 - INFO - Modes were found for radii: 5.9999999999999995e-05;
 modes:3.0
2025-09-30 12:06:36,963 - INFO - Neff:(1.5525203695559469+1.6533468670957213e-11j)
2025-09-30 12:06:36,965 - INFO - LossdB_m:[-0.00023971 -0.00024964 -0.00021407  0.00058214  0.          0.
  0.          0.          0.        ]
2025-09-30 12:06:36,965 - INFO - Loss per bend: [-0.00000000e+00 -7.84266244e-08 -3.36257529e-08  5.48652777e-08
  0.00000000e+00  0.00000000e+00  0.00000000e+00  0.00000000e+00
  0.00000000e+00]
2025-09-30 12:06:36,973 - INFO - card was copied
2025-09-30 12:06:37,047 - INFO - overlap power: [[0.99758378]
 [0.99758378]]
2025-09-30 12:06:37,047 - INFO - Power coupling from overlap of R=0 and R=5.9999999999999995e-05: [0.99758378]
2025-09-30 12:07:02,033 - INFO - Modes were found for radii: 3.9999999999999996e-05;
 modes:1.0
2025-09-30 12:07:02,043 - INFO - Neff:(1.5530298820042674+2.9919055165954625e-10j)
2025-09-30 12:07:02,046 - INFO - LossdB_m:[-0.00023971 -0.00024964 -0.00021407  0.00058214  0.01053441  0.
  0.          0.          0.        ]
2025-09-30 12:07:02,046 - INFO - Loss per bend: [-0.00000000e+00 -7.84266244e-08 -3.36257529e-08  5.48652777e-08
  6.61896706e-07  0.00000000e+00  0.00000000e+00  0.00000000e+00
  0.00000000e+00]
2025-09-30 12:07:02,058 - INFO - card was copied
2025-09-30 12:07:02,170 - INFO - overlap power: [[0.99456582]
 [0.99456582]]
2025-09-30 12:07:02,171 - INFO - Power coupling from overlap of R=0 and R=3.9999999999999996e-05: [0.99456582]
2025-09-30 12:07:29,937 - INFO - Modes were found for radii: 1.9999999999999998e-05;
 modes:2.0
2025-09-30 12:07:29,951 - INFO - Neff:(1.5557875379213453+1.0559061810155215e-06j)
2025-09-30 12:07:29,952 - INFO - LossdB_m:[-2.39706831e-04 -2.49639699e-04 -2.14068192e-04  5.82138676e-04
  1.05344133e-02  3.71781529e+01  0.00000000e+00  0.00000000e+00
  0.00000000e+00]
2025-09-30 12:07:29,952 - INFO - Loss per bend: [-0.00000000e+00 -7.84266244e-08 -3.36257529e-08  5.48652777e-08
  6.61896706e-07  1.16798612e-03  0.00000000e+00  0.00000000e+00
  0.00000000e+00]
2025-09-30 12:07:29,959 - INFO - card was copied
2025-09-30 12:07:30,038 - INFO - overlap power: [[0.9778374]
 [0.9778374]]
2025-09-30 12:07:30,038 - INFO - Power coupling from overlap of R=0 and R=1.9999999999999998e-05: [0.9778374]
2025-09-30 12:07:51,982 - INFO - Modes were found for radii: 9.999999999999999e-06;
 modes:1.0
2025-09-30 12:07:51,995 - INFO - Neff:(1.5667192540774186+0.0002427990169846284j)
2025-09-30 12:07:51,997 - INFO - LossdB_m:[-2.39706831e-04 -2.49639699e-04 -2.14068192e-04  5.82138676e-04
  1.05344133e-02  3.71781529e+01  8.54888355e+03  0.00000000e+00
  0.00000000e+00]
2025-09-30 12:07:51,997 - INFO - Loss per bend: [-0.00000000e+00 -7.84266244e-08 -3.36257529e-08  5.48652777e-08
  6.61896706e-07  1.16798612e-03  1.34285549e-01  0.00000000e+00
  0.00000000e+00]
2025-09-30 12:07:52,004 - INFO - card was copied
2025-09-30 12:07:52,076 - INFO - overlap power: [[0.89589118]
 [0.89589116]]
2025-09-30 12:07:52,076 - INFO - Power coupling from overlap of R=0 and R=9.999999999999999e-06: [0.89589116]
2025-09-30 12:08:12,092 - INFO - Modes were found for radii: 8e-06;
 modes:1.0
2025-09-30 12:08:12,106 - INFO - Neff:(1.5734535326524919+0.0018379234343324383j)
2025-09-30 12:08:12,109 - INFO - LossdB_m:[-2.39706831e-04 -2.49639699e-04 -2.14068192e-04  5.82138676e-04
  1.05344133e-02  3.71781529e+01  8.54888355e+03  6.47127555e+04
  0.00000000e+00]
2025-09-30 12:08:12,109 - INFO - Loss per bend: [-0.00000000e+00 -7.84266244e-08 -3.36257529e-08  5.48652777e-08
  6.61896706e-07  1.16798612e-03  1.34285549e-01  8.13204469e-01
  0.00000000e+00]
2025-09-30 12:08:12,117 - INFO - card was copied
2025-09-30 12:08:12,198 - INFO - overlap power: [[0.77825108]
 [0.77825006]]
2025-09-30 12:08:12,198 - INFO - Power coupling from overlap of R=0 and R=8e-06: [0.77825006]
2025-09-30 12:08:30,760 - INFO - Modes were found for radii: 6e-06;
 modes:1.0
2025-09-30 12:08:30,770 - INFO - Neff:(1.5934155167186774+0.002705272439079089j)
2025-09-30 12:08:30,773 - INFO - LossdB_m:[-2.39706831e-04 -2.49639699e-04 -2.14068192e-04  5.82138676e-04
  1.05344133e-02  3.71781529e+01  8.54888355e+03  6.47127555e+04
  9.52518644e+04]
2025-09-30 12:08:30,773 - INFO - Loss per bend: [-0.00000000e+00 -7.84266244e-08 -3.36257529e-08  5.48652777e-08
  6.61896706e-07  1.16798612e-03  1.34285549e-01  8.13204469e-01
  8.97727673e-01]
2025-09-30 12:08:30,784 - INFO - card was copied
2025-09-30 12:08:30,878 - INFO - overlap power: [[0.64412321]
 [0.64412292]]
2025-09-30 12:08:30,878 - INFO - Power coupling from overlap of R=0 and R=6e-06: [0.64412292]
2025-09-30 12:08:33,427 - ERROR - operands could not be broadcast together with shapes (9,) (8,) 
2025-09-30 12:20:37,436 - INFO - starting bend_FDE()
2025-09-30 12:20:57,177 - INFO - Modes were found for radii: 0.0;
 modes:2.0
2025-09-30 12:20:57,187 - INFO - Neff:(1.5521127309327123-6.8079637898011314e-12j)
2025-09-30 12:20:57,189 - INFO - LossdB_cm:[-0.00023971  0.          0.          0.          0.          0.
  0.          0.          0.        ]
2025-09-30 12:20:57,190 - INFO - Loss per bend: [-0.  0.  0.  0.  0.  0.  0.  0.  0.]
2025-09-30 12:20:57,204 - INFO - card was copied
2025-09-30 12:21:24,958 - INFO - Modes were found for radii: 0.00019999999999999998;
 modes:3.0
2025-09-30 12:21:24,969 - INFO - Neff:(1.5521494205124062-7.090059576620416e-12j)
2025-09-30 12:21:24,970 - INFO - LossdB_cm:[-0.00023971 -0.00024964  0.          0.          0.          0.
  0.          0.          0.        ]
2025-09-30 12:21:24,971 - INFO - Loss per bend: [-0.00000000e+00 -7.84263917e-08  0.00000000e+00  0.00000000e+00
  0.00000000e+00  0.00000000e+00  0.00000000e+00  0.00000000e+00
  0.00000000e+00]
2025-09-30 12:21:24,981 - INFO - card was copied
2025-09-30 12:21:25,057 - INFO - overlap power: [[0.99978244]
 [0.99978244]]
2025-09-30 12:21:25,058 - INFO - Power coupling from overlap of R=0 and R=0.00019999999999999998: [0.99978244]
2025-09-30 12:21:53,005 - INFO - Modes were found for radii: 9.999999999999999e-05;
 modes:3.0
2025-09-30 12:21:53,019 - INFO - Neff:(1.5522594864088102-6.079776479835201e-12j)
2025-09-30 12:21:53,021 - INFO - LossdB_cm:[-0.00023971 -0.00024964 -0.00021407  0.          0.          0.
  0.          0.          0.        ]
2025-09-30 12:21:53,021 - INFO - Loss per bend: [-0.00000000e+00 -7.84263917e-08 -3.36255942e-08  0.00000000e+00
  0.00000000e+00  0.00000000e+00  0.00000000e+00  0.00000000e+00
  0.00000000e+00]
2025-09-30 12:21:53,028 - INFO - card was copied
2025-09-30 12:21:53,107 - INFO - overlap power: [[0.99912988]
 [0.99912988]]
2025-09-30 12:21:53,107 - INFO - Power coupling from overlap of R=0 and R=9.999999999999999e-05: [0.99912988]
2025-09-30 12:22:20,549 - INFO - Modes were found for radii: 5.9999999999999995e-05;
 modes:3.0
2025-09-30 12:22:20,555 - INFO - Neff:(1.5525203695559462+1.653351679778027e-11j)
2025-09-30 12:22:20,556 - INFO - LossdB_cm:[-0.00023971 -0.00024964 -0.00021407  0.00058214  0.          0.
  0.          0.          0.        ]
2025-09-30 12:22:20,557 - INFO - Loss per bend: [-0.00000000e+00 -7.84263917e-08 -3.36255942e-08  5.48654374e-08
  0.00000000e+00  0.00000000e+00  0.00000000e+00  0.00000000e+00
  0.00000000e+00]
2025-09-30 12:22:20,565 - INFO - card was copied
2025-09-30 12:22:20,651 - INFO - overlap power: [[0.99758378]
 [0.99758378]]
2025-09-30 12:22:20,651 - INFO - Power coupling from overlap of R=0 and R=5.9999999999999995e-05: [0.99758378]
2025-09-30 12:22:29,021 - INFO - Modes were found for radii: 3.9999999999999996e-05;
 modes:0.0
2025-09-30 12:22:34,316 - INFO - Modes were found for radii: 1.9999999999999998e-05;
 modes:0.0
2025-09-30 12:22:39,320 - INFO - Modes were found for radii: 9.999999999999999e-06;
 modes:0.0
2025-09-30 12:22:45,278 - INFO - Modes were found for radii: 8e-06;
 modes:0.0
2025-09-30 12:22:49,986 - INFO - Modes were found for radii: 6e-06;
 modes:0.0
2025-09-30 12:22:49,990 - INFO - Found losses: 
 LossMM: [1.88993561e-03 7.56104526e-03 2.10124120e-02 2.00000000e+02
 2.00000000e+02 2.00000000e+02 2.00000000e+02 2.00000000e+02]
 LossR: [-7.84263917e-08 -3.36255942e-08  5.48654374e-08  0.00000000e+00
  0.00000000e+00  0.00000000e+00  0.00000000e+00  0.00000000e+00]
 LossP: [-0.00000000e+00 -7.53060012e-08 -3.76530006e-08 -2.25918004e-08
 -1.50612002e-08 -7.53060012e-09 -3.76530006e-09 -3.01224005e-09
 -2.25918004e-09]
2025-09-30 12:22:49,991 - ERROR - operands could not be broadcast together with shapes (8,) (9,) 
2025-09-30 12:24:01,752 - INFO - starting bend_FDE()
2025-09-30 12:24:19,775 - INFO - Modes were found for radii: 0.0;
 modes:2.0
2025-09-30 12:24:19,784 - INFO - Neff:(1.5521127309327114-6.808002039482968e-12j)
2025-09-30 12:24:19,787 - INFO - LossdB_cm:[-0.00023971  0.          0.          0.          0.          0.
  0.          0.          0.        ]
2025-09-30 12:24:19,787 - INFO - Loss per bend: [-0.  0.  0.  0.  0.  0.  0.  0.  0.]
2025-09-30 12:24:19,794 - INFO - card was copied
2025-09-30 12:24:44,120 - INFO - Modes were found for radii: 0.00019999999999999998;
 modes:3.0
2025-09-30 12:24:44,126 - INFO - Neff:(1.5521494205124058-7.090087285632426e-12j)
2025-09-30 12:24:44,130 - INFO - LossdB_cm:[-0.00023971 -0.00024964  0.          0.          0.          0.
  0.          0.          0.        ]
2025-09-30 12:24:44,130 - INFO - Loss per bend: [-0.00000000e+00 -7.84266982e-08  0.00000000e+00  0.00000000e+00
  0.00000000e+00  0.00000000e+00  0.00000000e+00  0.00000000e+00
  0.00000000e+00]
2025-09-30 12:24:44,137 - INFO - card was copied
2025-09-30 12:24:44,221 - INFO - overlap power: [[0.99978244]
 [0.99978244]]
2025-09-30 12:24:44,222 - INFO - Power coupling from overlap of R=0 and R=0.00019999999999999998: [0.99978244]
2025-09-30 12:25:08,275 - INFO - Modes were found for radii: 9.999999999999999e-05;
 modes:3.0
2025-09-30 12:25:08,287 - INFO - Neff:(1.5522594864088108-6.079764641199267e-12j)
2025-09-30 12:25:08,288 - INFO - LossdB_cm:[-0.00023971 -0.00024964 -0.00021407  0.          0.          0.
  0.          0.          0.        ]
2025-09-30 12:25:08,289 - INFO - Loss per bend: [-0.00000000e+00 -7.84266982e-08 -3.36255287e-08  0.00000000e+00
  0.00000000e+00  0.00000000e+00  0.00000000e+00  0.00000000e+00
  0.00000000e+00]
2025-09-30 12:25:08,297 - INFO - card was copied
2025-09-30 12:25:08,372 - INFO - overlap power: [[0.99912988]
 [0.99912988]]
2025-09-30 12:25:08,372 - INFO - Power coupling from overlap of R=0 and R=9.999999999999999e-05: [0.99912988]
2025-09-30 12:25:30,784 - INFO - Modes were found for radii: 5.9999999999999995e-05;
 modes:3.0
2025-09-30 12:25:30,790 - INFO - Neff:(1.5525203695559473+1.6533465742186696e-11j)
2025-09-30 12:25:30,792 - INFO - LossdB_cm:[-0.00023971 -0.00024964 -0.00021407  0.00058214  0.          0.
  0.          0.          0.        ]
2025-09-30 12:25:30,792 - INFO - Loss per bend: [-0.00000000e+00 -7.84266982e-08 -3.36255287e-08  5.48652679e-08
  0.00000000e+00  0.00000000e+00  0.00000000e+00  0.00000000e+00
  0.00000000e+00]
2025-09-30 12:25:30,803 - INFO - card was copied
2025-09-30 12:25:30,889 - INFO - overlap power: [[0.99758378]
 [0.99758378]]
2025-09-30 12:25:30,889 - INFO - Power coupling from overlap of R=0 and R=5.9999999999999995e-05: [0.99758378]
2025-09-30 12:25:57,841 - INFO - Modes were found for radii: 3.9999999999999996e-05;
 modes:1.0
2025-09-30 12:25:57,858 - INFO - Neff:(1.553029882004268+2.991905857718883e-10j)
2025-09-30 12:25:57,860 - INFO - LossdB_cm:[-0.00023971 -0.00024964 -0.00021407  0.00058214  0.01053441  0.
  0.          0.          0.        ]
2025-09-30 12:25:57,861 - INFO - Loss per bend: [-0.00000000e+00 -7.84266982e-08 -3.36255287e-08  5.48652679e-08
  6.61896782e-07  0.00000000e+00  0.00000000e+00  0.00000000e+00
  0.00000000e+00]
2025-09-30 12:25:57,868 - INFO - card was copied
2025-09-30 12:25:57,939 - INFO - overlap power: [[0.99456582]
 [0.99456582]]
2025-09-30 12:25:57,940 - INFO - Power coupling from overlap of R=0 and R=3.9999999999999996e-05: [0.99456582]
2025-09-30 12:26:20,274 - INFO - Modes were found for radii: 1.9999999999999998e-05;
 modes:1.0
2025-09-30 12:26:20,287 - INFO - Neff:(1.555787537921346+1.0559061810155185e-06j)
2025-09-30 12:26:20,289 - INFO - LossdB_cm:[-2.39707794e-04 -2.49639934e-04 -2.14066764e-04  5.82138573e-04
  1.05344145e-02  3.71781529e+01  0.00000000e+00  0.00000000e+00
  0.00000000e+00]
2025-09-30 12:26:20,289 - INFO - Loss per bend: [-0.00000000e+00 -7.84266982e-08 -3.36255287e-08  5.48652679e-08
  6.61896782e-07  1.16798612e-03  0.00000000e+00  0.00000000e+00
  0.00000000e+00]
2025-09-30 12:26:20,297 - INFO - card was copied
2025-09-30 12:26:20,381 - INFO - overlap power: [[0.9778374]
 [0.9778374]]
2025-09-30 12:26:20,381 - INFO - Power coupling from overlap of R=0 and R=1.9999999999999998e-05: [0.9778374]
2025-09-30 12:26:38,584 - INFO - Modes were found for radii: 9.999999999999999e-06;
 modes:1.0
2025-09-30 12:26:38,599 - INFO - Neff:(1.5667192540774213+0.00024279901698459356j)
2025-09-30 12:26:38,601 - INFO - LossdB_cm:[-2.39707794e-04 -2.49639934e-04 -2.14066764e-04  5.82138573e-04
  1.05344145e-02  3.71781529e+01  8.54888355e+03  0.00000000e+00
  0.00000000e+00]
2025-09-30 12:26:38,601 - INFO - Loss per bend: [-0.00000000e+00 -7.84266982e-08 -3.36255287e-08  5.48652679e-08
  6.61896782e-07  1.16798612e-03  1.34285549e-01  0.00000000e+00
  0.00000000e+00]
2025-09-30 12:26:38,608 - INFO - card was copied
2025-09-30 12:26:38,692 - INFO - overlap power: [[0.89589118]
 [0.89589116]]
2025-09-30 12:26:38,692 - INFO - Power coupling from overlap of R=0 and R=9.999999999999999e-06: [0.89589116]
2025-09-30 12:26:55,768 - INFO - Modes were found for radii: 8e-06;
 modes:0.0
2025-09-30 12:27:08,327 - INFO - Modes were found for radii: 6e-06;
 modes:0.0
2025-09-30 12:27:08,329 - INFO - Found losses: 
 LossMM: [1.88993561e-03 7.56104526e-03 2.10124120e-02 4.73294012e-02
 1.94667079e-01 9.54894975e-01 2.00000000e+02 2.00000000e+02]
 LossR: [-7.84266982e-08 -3.36255287e-08  5.48652679e-08  6.61896782e-07
  1.16798612e-03  1.34285549e-01  0.00000000e+00  0.00000000e+00]
 LossP: [-0.00000000e+00 -7.53064243e-08 -3.76532122e-08 -2.25919273e-08
 -1.50612849e-08 -7.53064243e-09 -3.76532122e-09 -3.01225697e-09
 -2.25919273e-09]
2025-09-30 12:27:08,329 - ERROR - operands could not be broadcast together with shapes (8,) (9,) 
2025-09-30 12:30:06,694 - INFO - starting bend_FDE()
2025-09-30 12:30:24,875 - INFO - Modes were found for radii: 0.0;
 modes:2.0
2025-09-30 12:30:24,883 - INFO - Neff:(1.5521127309327114-6.8079906436404944e-12j)
2025-09-30 12:30:24,885 - INFO - LossdB_cm:[-0.00023971  0.          0.          0.          0.          0.
  0.          0.          0.        ]
2025-09-30 12:30:24,885 - INFO - Loss per bend: [-0.  0.  0.  0.  0.  0.  0.  0.  0.]
2025-09-30 12:30:24,895 - INFO - card was copied
2025-09-30 12:30:43,782 - INFO - Modes were found for radii: 0.00019999999999999998;
 modes:3.0
2025-09-30 12:30:43,791 - INFO - Neff:(1.552149420512406-7.090083320830128e-12j)
2025-09-30 12:30:43,793 - INFO - LossdB_cm:[-0.00023971 -0.00024964  0.          0.          0.          0.
  0.          0.          0.        ]
2025-09-30 12:30:43,794 - INFO - Loss per bend: [-0.00000000e+00 -7.84266544e-08  0.00000000e+00  0.00000000e+00
  0.00000000e+00  0.00000000e+00  0.00000000e+00  0.00000000e+00
  0.00000000e+00]
2025-09-30 12:30:43,801 - INFO - card was copied
2025-09-30 12:30:43,875 - INFO - overlap power: [[0.99978244]
 [0.99978244]]
2025-09-30 12:30:43,875 - INFO - Power coupling from overlap of R=0 and R=0.00019999999999999998: [0.99978244]
2025-09-30 12:31:05,245 - INFO - Modes were found for radii: 9.999999999999999e-05;
 modes:3.0
2025-09-30 12:31:05,255 - INFO - Neff:(1.5522594864088102-6.079763392941442e-12j)
2025-09-30 12:31:05,256 - INFO - LossdB_cm:[-0.00023971 -0.00024964 -0.00021407  0.          0.          0.
  0.          0.          0.        ]
2025-09-30 12:31:05,257 - INFO - Loss per bend: [-0.00000000e+00 -7.84266544e-08 -3.36255218e-08  0.00000000e+00
  0.00000000e+00  0.00000000e+00  0.00000000e+00  0.00000000e+00
  0.00000000e+00]
2025-09-30 12:31:05,267 - INFO - card was copied
2025-09-30 12:31:05,334 - INFO - overlap power: [[0.99912988]
 [0.99912988]]
2025-09-30 12:31:05,334 - INFO - Power coupling from overlap of R=0 and R=9.999999999999999e-05: [0.99912988]
2025-09-30 12:31:29,871 - INFO - Modes were found for radii: 5.9999999999999995e-05;
 modes:3.0
2025-09-30 12:31:29,877 - INFO - Neff:(1.5525203695559475+1.6533509673743872e-11j)
2025-09-30 12:31:29,883 - INFO - LossdB_cm:[-0.00023971 -0.00024964 -0.00021407  0.00058214  0.          0.
  0.          0.          0.        ]
2025-09-30 12:31:29,883 - INFO - Loss per bend: [-0.00000000e+00 -7.84266544e-08 -3.36255218e-08  5.48654137e-08
  0.00000000e+00  0.00000000e+00  0.00000000e+00  0.00000000e+00
  0.00000000e+00]
2025-09-30 12:31:29,894 - INFO - card was copied
2025-09-30 12:31:29,979 - INFO - overlap power: [[0.99758378]
 [0.99758378]]
2025-09-30 12:31:29,979 - INFO - Power coupling from overlap of R=0 and R=5.9999999999999995e-05: [0.99758378]
2025-09-30 12:31:58,227 - INFO - Modes were found for radii: 3.9999999999999996e-05;
 modes:1.0
2025-09-30 12:31:58,239 - INFO - Neff:(1.553029882004268+2.991905769279476e-10j)
2025-09-30 12:31:58,241 - INFO - LossdB_cm:[-0.00023971 -0.00024964 -0.00021407  0.00058214  0.01053441  0.
  0.          0.          0.        ]
2025-09-30 12:31:58,241 - INFO - Loss per bend: [-0.00000000e+00 -7.84266544e-08 -3.36255218e-08  5.48654137e-08
  6.61896762e-07  0.00000000e+00  0.00000000e+00  0.00000000e+00
  0.00000000e+00]
2025-09-30 12:31:58,258 - INFO - card was copied
2025-09-30 12:31:58,519 - INFO - overlap power: [[0.99456582]
 [0.99456582]]
2025-09-30 12:31:58,519 - INFO - Power coupling from overlap of R=0 and R=3.9999999999999996e-05: [0.99456582]
2025-09-30 12:32:24,302 - INFO - Modes were found for radii: 1.9999999999999998e-05;
 modes:1.0
2025-09-30 12:32:24,309 - INFO - Neff:(1.5557875379213453+1.0559061810554199e-06j)
2025-09-30 12:32:24,313 - INFO - LossdB_cm:[-2.39707392e-04 -2.49639794e-04 -2.14066720e-04  5.82140120e-04
  1.05344142e-02  3.71781529e+01  0.00000000e+00  0.00000000e+00
  0.00000000e+00]
2025-09-30 12:32:24,313 - INFO - Loss per bend: [-0.00000000e+00 -7.84266544e-08 -3.36255218e-08  5.48654137e-08
  6.61896762e-07  1.16798612e-03  0.00000000e+00  0.00000000e+00
  0.00000000e+00]
2025-09-30 12:32:24,330 - INFO - card was copied
2025-09-30 12:32:24,504 - INFO - overlap power: [[0.9778374]
 [0.9778374]]
2025-09-30 12:32:24,505 - INFO - Power coupling from overlap of R=0 and R=1.9999999999999998e-05: [0.9778374]
2025-09-30 12:32:51,021 - INFO - Modes were found for radii: 9.999999999999999e-06;
 modes:1.0
2025-09-30 12:32:51,037 - INFO - Neff:(1.5667192540774209+0.00024279901698469707j)
2025-09-30 12:32:51,039 - INFO - LossdB_cm:[-2.39707392e-04 -2.49639794e-04 -2.14066720e-04  5.82140120e-04
  1.05344142e-02  3.71781529e+01  8.54888355e+03  0.00000000e+00
  0.00000000e+00]
2025-09-30 12:32:51,039 - INFO - Loss per bend: [-0.00000000e+00 -7.84266544e-08 -3.36255218e-08  5.48654137e-08
  6.61896762e-07  1.16798612e-03  1.34285549e-01  0.00000000e+00
  0.00000000e+00]
2025-09-30 12:32:51,053 - INFO - card was copied
2025-09-30 12:32:51,183 - INFO - overlap power: [[0.89589118]
 [0.89589116]]
2025-09-30 12:32:51,183 - INFO - Power coupling from overlap of R=0 and R=9.999999999999999e-06: [0.89589116]
2025-09-30 12:33:12,562 - INFO - Modes were found for radii: 8e-06;
 modes:0.0
2025-09-30 12:33:26,677 - INFO - Modes were found for radii: 6e-06;
 modes:0.0
2025-09-30 12:33:26,678 - INFO - Found losses: 
 LossMM: [1.88993561e-03 7.56104526e-03 2.10124120e-02 4.73294012e-02
 1.94667079e-01 9.54894975e-01 2.00000000e+02 2.00000000e+02]
 LossR: [-7.84266544e-08 -3.36255218e-08  5.48654137e-08  6.61896762e-07
  1.16798612e-03  1.34285549e-01  0.00000000e+00  0.00000000e+00]
 LossP: [-7.53062983e-08 -3.76531491e-08 -2.25918895e-08 -1.50612597e-08
 -7.53062983e-09 -3.76531491e-09 -3.01225193e-09 -2.25918895e-09]
2025-09-30 12:33:27,700 - ERROR - '0.0'
2025-09-30 12:43:11,003 - ERROR - 'could not create a figure window'
2025-09-30 13:57:41,108 - INFO - starting bend_FDE()
2025-09-30 13:57:59,852 - INFO - Modes were found for radii: 0.0;
 modes:2.0
2025-09-30 13:57:59,865 - INFO - Neff:(1.5521127309327114-6.808016646137526e-12j)
2025-09-30 13:57:59,868 - INFO - LossdB_cm:[-0.00023971  0.          0.          0.          0.          0.
  0.          0.          0.        ]
2025-09-30 13:57:59,868 - INFO - Loss per bend: [-0.  0.  0.  0.  0.  0.  0.  0.  0.]
2025-09-30 13:57:59,884 - INFO - card was copied
2025-09-30 13:58:23,869 - INFO - Modes were found for radii: 0.00019999999999999998;
 modes:3.0
2025-09-30 13:58:23,876 - INFO - Neff:(1.552149420512406-7.090105843385133e-12j)
2025-09-30 13:58:23,878 - INFO - LossdB_cm:[-0.00023971 -0.00024964  0.          0.          0.          0.
  0.          0.          0.        ]
2025-09-30 13:58:23,878 - INFO - Loss per bend: [-0.00000000e+00 -7.84269035e-05  0.00000000e+00  0.00000000e+00
  0.00000000e+00  0.00000000e+00  0.00000000e+00  0.00000000e+00
  0.00000000e+00]
2025-09-30 13:58:23,887 - INFO - card was copied
2025-09-30 13:58:23,961 - INFO - overlap power: [[0.99978244]
 [0.99978244]]
2025-09-30 13:58:23,962 - INFO - Power coupling from overlap of R=0 and R=0.00019999999999999998: [0.99978244]
2025-09-30 13:58:48,395 - INFO - Modes were found for radii: 9.999999999999999e-05;
 modes:3.0
2025-09-30 13:58:48,402 - INFO - Neff:(1.552259486408811-6.079788734557033e-12j)
2025-09-30 13:58:48,404 - INFO - LossdB_cm:[-0.00023971 -0.00024964 -0.00021407  0.          0.          0.
  0.          0.          0.        ]
2025-09-30 13:58:48,404 - INFO - Loss per bend: [-0.00000000e+00 -7.84269035e-05 -3.36256619e-05  0.00000000e+00
  0.00000000e+00  0.00000000e+00  0.00000000e+00  0.00000000e+00
  0.00000000e+00]
2025-09-30 13:58:48,415 - INFO - card was copied
2025-09-30 13:58:48,488 - INFO - overlap power: [[0.99912988]
 [0.99912988]]
2025-09-30 13:58:48,488 - INFO - Power coupling from overlap of R=0 and R=9.999999999999999e-05: [0.99912988]
2025-09-30 13:59:13,473 - INFO - Modes were found for radii: 5.9999999999999995e-05;
 modes:3.0
2025-09-30 13:59:13,480 - INFO - Neff:(1.552520369555947+1.6533482206626163e-11j)
2025-09-30 13:59:13,482 - INFO - LossdB_cm:[-0.00023971 -0.00024964 -0.00021407  0.00058214  0.          0.
  0.          0.          0.        ]
2025-09-30 13:59:13,482 - INFO - Loss per bend: [-0.00000000e+00 -7.84269035e-05 -3.36256619e-05  5.48653226e-05
  0.00000000e+00  0.00000000e+00  0.00000000e+00  0.00000000e+00
  0.00000000e+00]
2025-09-30 13:59:13,492 - INFO - card was copied
2025-09-30 13:59:13,577 - INFO - overlap power: [[0.99758378]
 [0.99758378]]
2025-09-30 13:59:13,577 - INFO - Power coupling from overlap of R=0 and R=5.9999999999999995e-05: [0.99758378]
2025-09-30 13:59:37,454 - INFO - Modes were found for radii: 3.9999999999999996e-05;
 modes:1.0
2025-09-30 13:59:37,461 - INFO - Neff:(1.5530298820042685+2.991905478692843e-10j)
2025-09-30 13:59:37,462 - INFO - LossdB_cm:[-0.00023971 -0.00024964 -0.00021407  0.00058214  0.01053441  0.
  0.          0.          0.        ]
2025-09-30 13:59:37,463 - INFO - Loss per bend: [-0.00000000e+00 -7.84269035e-05 -3.36256619e-05  5.48653226e-05
  6.61896698e-04  0.00000000e+00  0.00000000e+00  0.00000000e+00
  0.00000000e+00]
2025-09-30 13:59:37,472 - INFO - card was copied
2025-09-30 13:59:37,549 - INFO - overlap power: [[0.99456582]
 [0.99456582]]
2025-09-30 13:59:37,550 - INFO - Power coupling from overlap of R=0 and R=3.9999999999999996e-05: [0.99456582]
2025-09-30 13:59:58,953 - INFO - Modes were found for radii: 1.9999999999999998e-05;
 modes:1.0
2025-09-30 13:59:58,959 - INFO - Neff:(1.5557875379213453+1.0559061810953194e-06j)
2025-09-30 13:59:58,964 - INFO - LossdB_cm:[-2.39708308e-04 -2.49640587e-04 -2.14067613e-04  5.82139153e-04
  1.05344131e-02  3.71781529e+01  0.00000000e+00  0.00000000e+00
  0.00000000e+00]
2025-09-30 13:59:58,964 - INFO - Loss per bend: [-0.00000000e+00 -7.84269035e-05 -3.36256619e-05  5.48653226e-05
  6.61896698e-04  1.16798612e+00  0.00000000e+00  0.00000000e+00
  0.00000000e+00]
2025-09-30 13:59:58,974 - INFO - card was copied
2025-09-30 13:59:59,069 - INFO - overlap power: [[0.9778374]
 [0.9778374]]
2025-09-30 13:59:59,070 - INFO - Power coupling from overlap of R=0 and R=1.9999999999999998e-05: [0.9778374]
2025-09-30 14:00:17,875 - INFO - Modes were found for radii: 9.999999999999999e-06;
 modes:1.0
2025-09-30 14:00:17,881 - INFO - Neff:(1.5667192540774206+0.00024279901698464612j)
2025-09-30 14:00:17,883 - INFO - LossdB_cm:[-2.39708308e-04 -2.49640587e-04 -2.14067613e-04  5.82139153e-04
  1.05344131e-02  3.71781529e+01  8.54888355e+03  0.00000000e+00
  0.00000000e+00]
2025-09-30 14:00:17,883 - INFO - Loss per bend: [-0.00000000e+00 -7.84269035e-05 -3.36256619e-05  5.48653226e-05
  6.61896698e-04  1.16798612e+00  1.34285549e+02  0.00000000e+00
  0.00000000e+00]
2025-09-30 14:00:17,893 - INFO - card was copied
2025-09-30 14:00:17,979 - INFO - overlap power: [[0.89589118]
 [0.89589116]]
2025-09-30 14:00:17,979 - INFO - Power coupling from overlap of R=0 and R=9.999999999999999e-06: [0.89589116]
2025-09-30 14:00:34,271 - INFO - Modes were found for radii: 8e-06;
 modes:0.0
2025-09-30 14:00:45,834 - INFO - Modes were found for radii: 6e-06;
 modes:0.0
2025-09-30 14:00:45,837 - INFO - Found losses: 
 LossMM: [1.88993561e-03 7.56104526e-03 2.10124120e-02 4.73294012e-02
 1.94667079e-01 9.54894975e-01 2.00000000e+02 2.00000000e+02]
 LossR: -7.842690351867192e-05
 LossP: [-7.53065859e-05 -3.76532929e-05 -2.25919758e-05 -1.50613172e-05
 -7.53065859e-06 -3.76532929e-06 -3.01226344e-06 -2.25919758e-06]
2025-09-30 14:00:46,086 - ERROR - 
    Invalid value of type 'numpy.float64' received for the 'y' property of scatter
        Received value: np.float64(-7.842690351867192e-05)

    The 'y' property is an array that may be specified as a tuple,
    list, numpy array, or pandas Series
2025-09-30 14:02:12,175 - INFO - starting bend_FDE()
2025-09-30 14:02:29,723 - INFO - Modes were found for radii: 0.0;
 modes:2.0
2025-09-30 14:02:29,730 - INFO - Neff:(1.5521127309327112-6.807995140760153e-12j)
2025-09-30 14:02:29,732 - INFO - LossdB_cm:[-0.00023971  0.          0.          0.          0.          0.
  0.          0.          0.        ]
2025-09-30 14:02:29,732 - INFO - Loss per bend: [-0.  0.  0.  0.  0.  0.  0.  0.  0.]
2025-09-30 14:02:29,741 - INFO - card was copied
2025-09-30 14:02:56,134 - INFO - Modes were found for radii: 0.00019999999999999998;
 modes:3.0
2025-09-30 14:02:56,147 - INFO - Neff:(1.5521494205124062-7.090165312941457e-12j)
2025-09-30 14:02:56,150 - INFO - LossdB_cm:[-0.00023971 -0.00024964  0.          0.          0.          0.
  0.          0.          0.        ]
2025-09-30 14:02:56,150 - INFO - Loss per bend: [-0.00000000e+00 -7.84275613e-05  0.00000000e+00  0.00000000e+00
  0.00000000e+00  0.00000000e+00  0.00000000e+00  0.00000000e+00
  0.00000000e+00]
2025-09-30 14:02:56,156 - INFO - card was copied
2025-09-30 14:02:56,225 - INFO - overlap power: [[0.99978244]
 [0.99978244]]
2025-09-30 14:02:56,225 - INFO - Power coupling from overlap of R=0 and R=0.00019999999999999998: [0.99978244]
2025-09-30 14:03:20,809 - INFO - Modes were found for radii: 9.999999999999999e-05;
 modes:3.0
2025-09-30 14:03:20,825 - INFO - Neff:(1.552259486408811-6.079798562110863e-12j)
2025-09-30 14:03:20,827 - INFO - LossdB_cm:[-0.00023971 -0.00024964 -0.00021407  0.          0.          0.
  0.          0.          0.        ]
2025-09-30 14:03:20,827 - INFO - Loss per bend: [-0.00000000e+00 -7.84275613e-05 -3.36257163e-05  0.00000000e+00
  0.00000000e+00  0.00000000e+00  0.00000000e+00  0.00000000e+00
  0.00000000e+00]
2025-09-30 14:03:20,834 - INFO - card was copied
2025-09-30 14:03:20,916 - INFO - overlap power: [[0.99912988]
 [0.99912988]]
2025-09-30 14:03:20,917 - INFO - Power coupling from overlap of R=0 and R=9.999999999999999e-05: [0.99912988]
2025-09-30 14:03:49,074 - INFO - Modes were found for radii: 5.9999999999999995e-05;
 modes:3.0
2025-09-30 14:03:49,085 - INFO - Neff:(1.552520369555947+1.6533471520571714e-11j)
2025-09-30 14:03:49,087 - INFO - LossdB_cm:[-0.00023971 -0.00024964 -0.00021407  0.00058214  0.          0.
  0.          0.          0.        ]
2025-09-30 14:03:49,087 - INFO - Loss per bend: [-0.00000000e+00 -7.84275613e-05 -3.36257163e-05  5.48652871e-05
  0.00000000e+00  0.00000000e+00  0.00000000e+00  0.00000000e+00
  0.00000000e+00]
2025-09-30 14:03:49,095 - INFO - card was copied
2025-09-30 14:03:49,174 - INFO - overlap power: [[0.99758378]
 [0.99758378]]
2025-09-30 14:03:49,175 - INFO - Power coupling from overlap of R=0 and R=5.9999999999999995e-05: [0.99758378]
2025-09-30 14:04:18,675 - INFO - Modes were found for radii: 3.9999999999999996e-05;
 modes:1.0
2025-09-30 14:04:18,693 - INFO - Neff:(1.553029882004267+2.991905605034876e-10j)
2025-09-30 14:04:18,695 - INFO - LossdB_cm:[-0.00023971 -0.00024964 -0.00021407  0.00058214  0.01053441  0.
  0.          0.          0.        ]
2025-09-30 14:04:18,695 - INFO - Loss per bend: [-0.00000000e+00 -7.84275613e-05 -3.36257163e-05  5.48652871e-05
  6.61896726e-04  0.00000000e+00  0.00000000e+00  0.00000000e+00
  0.00000000e+00]
2025-09-30 14:04:18,708 - INFO - card was copied
2025-09-30 14:04:18,791 - INFO - overlap power: [[0.99456582]
 [0.99456582]]
2025-09-30 14:04:18,791 - INFO - Power coupling from overlap of R=0 and R=3.9999999999999996e-05: [0.99456582]
2025-09-30 14:04:41,109 - INFO - Modes were found for radii: 1.9999999999999998e-05;
 modes:1.0
2025-09-30 14:04:41,121 - INFO - Neff:(1.5557875379213448+1.0559061810155238e-06j)
2025-09-30 14:04:41,122 - INFO - LossdB_cm:[-2.39707551e-04 -2.49642681e-04 -2.14067959e-04  5.82138777e-04
  1.05344136e-02  3.71781529e+01  0.00000000e+00  0.00000000e+00
  0.00000000e+00]
2025-09-30 14:04:41,123 - INFO - Loss per bend: [-0.00000000e+00 -7.84275613e-05 -3.36257163e-05  5.48652871e-05
  6.61896726e-04  1.16798612e+00  0.00000000e+00  0.00000000e+00
  0.00000000e+00]
2025-09-30 14:04:41,130 - INFO - card was copied
2025-09-30 14:04:41,211 - INFO - overlap power: [[0.9778374]
 [0.9778374]]
2025-09-30 14:04:41,211 - INFO - Power coupling from overlap of R=0 and R=1.9999999999999998e-05: [0.9778374]
2025-09-30 14:05:03,352 - INFO - Modes were found for radii: 9.999999999999999e-06;
 modes:1.0
2025-09-30 14:05:03,366 - INFO - Neff:(1.5667192540774217+0.00024279901698456277j)
2025-09-30 14:05:03,369 - INFO - LossdB_cm:[-2.39707551e-04 -2.49642681e-04 -2.14067959e-04  5.82138777e-04
  1.05344136e-02  3.71781529e+01  8.54888355e+03  0.00000000e+00
  0.00000000e+00]
2025-09-30 14:05:03,369 - INFO - Loss per bend: [-0.00000000e+00 -7.84275613e-05 -3.36257163e-05  5.48652871e-05
  6.61896726e-04  1.16798612e+00  1.34285549e+02  0.00000000e+00
  0.00000000e+00]
2025-09-30 14:05:03,380 - INFO - card was copied
2025-09-30 14:05:03,488 - INFO - overlap power: [[0.89589118]
 [0.89589116]]
2025-09-30 14:05:03,488 - INFO - Power coupling from overlap of R=0 and R=9.999999999999999e-06: [0.89589116]
2025-09-30 14:05:23,776 - INFO - Modes were found for radii: 8e-06;
 modes:0.0
2025-09-30 14:05:39,371 - INFO - Modes were found for radii: 6e-06;
 modes:0.0
2025-09-30 14:05:39,372 - INFO - Found losses: 
 LossMM: [1.88993561e-03 7.56104526e-03 2.10124120e-02 4.73294012e-02
 1.94667079e-01 9.54894975e-01 2.00000000e+02 2.00000000e+02]
 LossR: [-7.84275613e-05 -3.36257163e-05  5.48652871e-05  6.61896726e-04
  1.16798612e+00  1.34285549e+02  0.00000000e+00  0.00000000e+00]
 LossP: [-7.53063480e-05 -3.76531740e-05 -2.25919044e-05 -1.50612696e-05
 -7.53063480e-06 -3.76531740e-06 -3.01225392e-06 -2.25919044e-06]
2025-09-30 14:07:19,665 - INFO - starting bend_FDE()
2025-09-30 14:07:45,616 - INFO - Modes were found for radii: 0.0;
 modes:2.0
2025-09-30 14:07:45,628 - INFO - Neff:(1.552112730932711-6.807976755732e-12j)
2025-09-30 14:07:45,630 - INFO - LossdB_cm:[-0.00023971  0.          0.          0.          0.          0.
  0.          0.          0.        ]
2025-09-30 14:07:45,630 - INFO - Loss per bend: [-0.  0.  0.  0.  0.  0.  0.  0.  0.]
2025-09-30 14:07:45,637 - INFO - card was copied
2025-09-30 14:08:12,488 - INFO - Modes were found for radii: 0.00039999999999999996;
 modes:3.0
2025-09-30 14:08:12,502 - INFO - Neff:(1.5521219033748133-6.901568560698382e-12j)
2025-09-30 14:08:12,504 - INFO - LossdB_cm:[-0.00023971 -0.000243    0.          0.          0.          0.
  0.          0.          0.        ]
2025-09-30 14:08:12,504 - INFO - Loss per bend: [-0.         -0.00015268  0.          0.          0.          0.
  0.          0.          0.        ]
2025-09-30 14:08:12,512 - INFO - card was copied
2025-09-30 14:08:12,597 - INFO - overlap power: [[0.99994561]
 [0.99994561]]
2025-09-30 14:08:12,598 - INFO - Power coupling from overlap of R=0 and R=0.00039999999999999996: [0.99994561]
2025-09-30 14:08:36,089 - INFO - Modes were found for radii: 0.00019999999999999998;
 modes:3.0
2025-09-30 14:08:36,098 - INFO - Neff:(1.5521494205124062-7.0900566798367434e-12j)
2025-09-30 14:08:36,101 - INFO - LossdB_cm:[-0.00023971 -0.000243   -0.00024964  0.          0.          0.
  0.          0.          0.        ]
2025-09-30 14:08:36,101 - INFO - Loss per bend: [-0.00000000e+00 -1.52682813e-04 -7.84263597e-05  0.00000000e+00
  0.00000000e+00  0.00000000e+00  0.00000000e+00  0.00000000e+00
  0.00000000e+00]
2025-09-30 14:08:36,111 - INFO - card was copied
2025-09-30 14:08:36,203 - INFO - overlap power: [[0.99978244]
 [0.99978244]]
2025-09-30 14:08:36,203 - INFO - Power coupling from overlap of R=0 and R=0.00019999999999999998: [0.99978244]
2025-09-30 14:09:00,307 - INFO - Modes were found for radii: 0.00011999999999999999;
 modes:3.0
2025-09-30 14:09:00,324 - INFO - Neff:(1.552214645238199-6.88205177806927e-12j)
2025-09-30 14:09:00,326 - INFO - LossdB_cm:[-0.00023971 -0.000243   -0.00024964 -0.00024232  0.          0.
  0.          0.          0.        ]
2025-09-30 14:09:00,326 - INFO - Loss per bend: [-0.00000000e+00 -1.52682813e-04 -7.84263597e-05 -4.56753134e-05
  0.00000000e+00  0.00000000e+00  0.00000000e+00  0.00000000e+00
  0.00000000e+00]
2025-09-30 14:09:00,334 - INFO - card was copied
2025-09-30 14:09:00,407 - INFO - overlap power: [[0.99939571]
 [0.99939571]]
2025-09-30 14:09:00,407 - INFO - Power coupling from overlap of R=0 and R=0.00011999999999999999: [0.99939571]
2025-09-30 14:09:21,773 - INFO - Modes were found for radii: 7.999999999999999e-05;
 modes:3.0
2025-09-30 14:09:21,785 - INFO - Neff:(1.55234203332762-2.762338256514625e-12j)
2025-09-30 14:09:21,787 - INFO - LossdB_cm:[-2.39706903e-04 -2.43002244e-04 -2.49638856e-04 -2.42315064e-04
 -9.72611354e-05  0.00000000e+00  0.00000000e+00  0.00000000e+00
  0.00000000e+00]
2025-09-30 14:09:21,787 - INFO - Loss per bend: [-0.00000000e+00 -1.52682813e-04 -7.84263597e-05 -4.56753134e-05
 -1.22221947e-05  0.00000000e+00  0.00000000e+00  0.00000000e+00
  0.00000000e+00]
2025-09-30 14:09:21,794 - INFO - card was copied
2025-09-30 14:09:21,872 - INFO - overlap power: [[0.99864059]
 [0.99864059]]
2025-09-30 14:09:21,872 - INFO - Power coupling from overlap of R=0 and R=7.999999999999999e-05: [0.99864059]
2025-09-30 14:09:46,897 - INFO - Modes were found for radii: 3.9999999999999996e-05;
 modes:1.0
2025-09-30 14:09:46,913 - INFO - Neff:(1.5530298820042667+2.991905680840086e-10j)
2025-09-30 14:09:46,915 - INFO - LossdB_cm:[-2.39706903e-04 -2.43002244e-04 -2.49638856e-04 -2.42315064e-04
 -9.72611354e-05  1.05344138e-02  0.00000000e+00  0.00000000e+00
  0.00000000e+00]
2025-09-30 14:09:46,915 - INFO - Loss per bend: [-0.00000000e+00 -1.52682813e-04 -7.84263597e-05 -4.56753134e-05
 -1.22221947e-05  6.61896743e-04  0.00000000e+00  0.00000000e+00
  0.00000000e+00]
2025-09-30 14:09:46,926 - INFO - card was copied
2025-09-30 14:09:47,049 - INFO - overlap power: [[0.99456582]
 [0.99456582]]
2025-09-30 14:09:47,050 - INFO - Power coupling from overlap of R=0 and R=3.9999999999999996e-05: [0.99456582]
2025-09-30 14:10:07,892 - INFO - Modes were found for radii: 1.9999999999999998e-05;
 modes:1.0
2025-09-30 14:10:07,907 - INFO - Neff:(1.555787537921346+1.0559061810753669e-06j)
2025-09-30 14:10:07,909 - INFO - LossdB_cm:[-2.39706903e-04 -2.43002244e-04 -2.49638856e-04 -2.42315064e-04
 -9.72611354e-05  1.05344138e-02  3.71781529e+01  0.00000000e+00
  0.00000000e+00]
2025-09-30 14:10:07,909 - INFO - Loss per bend: [-0.00000000e+00 -1.52682813e-04 -7.84263597e-05 -4.56753134e-05
 -1.22221947e-05  6.61896743e-04  1.16798612e+00  0.00000000e+00
  0.00000000e+00]
2025-09-30 14:10:07,917 - INFO - card was copied
2025-09-30 14:10:07,997 - INFO - overlap power: [[0.9778374]
 [0.9778374]]
2025-09-30 14:10:07,998 - INFO - Power coupling from overlap of R=0 and R=1.9999999999999998e-05: [0.9778374]
2025-09-30 14:10:29,720 - INFO - Modes were found for radii: 1.6e-05;
 modes:1.0
2025-09-30 14:10:29,736 - INFO - Neff:(1.557847333971587+2.8961472184810885e-06j)
2025-09-30 14:10:29,738 - INFO - LossdB_cm:[-2.39706903e-04 -2.43002244e-04 -2.49638856e-04 -2.42315064e-04
 -9.72611354e-05  1.05344138e-02  3.71781529e+01  1.01972511e+02
  0.00000000e+00]
2025-09-30 14:10:29,738 - INFO - Loss per bend: [-0.00000000e+00 -1.52682813e-04 -7.84263597e-05 -4.56753134e-05
 -1.22221947e-05  6.61896743e-04  1.16798612e+00  2.56284872e+00
  0.00000000e+00]
2025-09-30 14:10:29,746 - INFO - card was copied
2025-09-30 14:10:29,819 - INFO - overlap power: [[0.96584677]
 [0.96584677]]
2025-09-30 14:10:29,820 - INFO - Power coupling from overlap of R=0 and R=1.6e-05: [0.96584677]
2025-09-30 14:10:48,165 - INFO - Modes were found for radii: 1.2e-05;
 modes:1.0
2025-09-30 14:10:48,181 - INFO - Neff:(1.562367554480654+2.2745411635284578e-05j)
2025-09-30 14:10:48,183 - INFO - LossdB_cm:[-2.39706903e-04 -2.43002244e-04 -2.49638856e-04 -2.42315064e-04
 -9.72611354e-05  1.05344138e-02  3.71781529e+01  1.01972511e+02
  8.00859401e+02]
2025-09-30 14:10:48,183 - INFO - Loss per bend: [-0.00000000e+00 -1.52682813e-04 -7.84263597e-05 -4.56753134e-05
 -1.22221947e-05  6.61896743e-04  1.16798612e+00  2.56284872e+00
  1.50958441e+01]
2025-09-30 14:10:48,191 - INFO - card was copied
2025-09-30 14:10:48,281 - INFO - overlap power: [[0.93657416]
 [0.93657416]]
2025-09-30 14:10:48,281 - INFO - Power coupling from overlap of R=0 and R=1.2e-05: [0.93657416]
2025-09-30 14:10:50,133 - INFO - Found losses: 
 LossMM: [4.72464323e-04 1.88993561e-03 5.25035053e-03 1.18157439e-02
 4.73294012e-02 1.94667079e-01 3.01835383e-01 5.69156561e-01]
 LossR: [-1.52682813e-04 -7.84263597e-05 -4.56753134e-05 -1.22221947e-05
  6.61896743e-04  1.16798612e+00  2.56284872e+00  1.50958441e+01]
 LossP: [-1.50612289e-04 -7.53061446e-05 -4.51836868e-05 -3.01224579e-05
 -1.50612289e-05 -7.53061446e-06 -6.02449157e-06 -4.51836868e-06]
